790100486000	2.72939	4.4819455	8.121132	93.49019
790120571000	2.825158	4.4436383	8.178593	94.61682
790140486000	2.767697	4.405331	8.101978	92.70914
790160304000	2.7485435	4.357447	7.929596	89.42033
790180295000	2.825158	4.2904096	7.872135	88.35964
790200327000	2.8060043	4.1946416	7.7572136	85.643036
790220296000	2.72939	4.261679	7.5848308	83.141136
790240285000	2.7006595	4.223372	7.785944	85.75136
790260289000	2.7581203	4.156334	8.015787	89.135185
790280288000	2.585738	4.2904096	8.121132	91.04643
790300318000	2.2697031	4.414908	8.111555	90.44029
790320289000	2.0590134	4.501099	8.0924015	89.98639
790340297000	1.9536686	4.4340615	8.360553	93.376564
790360296000	1.8962077	4.3861775	8.619126	97.1235
790380314000	1.8674773	4.357447	8.810662	100.102585
790400316000	1.8866309	4.367024	8.801085	100.08938
790420369000	1.9632454	4.3478703	8.24563	90.748726
790440334000	2.2409728	4.4244847	7.9391727	87.62849
790460395000	2.231396	4.4340615	8.025364	89.04649
790480330000	2.2888567	4.185065	7.8146744	83.82277
790500507000	2.183512	4.280833	7.747637	83.119125
790521737000	2.2409728	4.223372	8.293514	91.641205
790540713000	2.5570073	4.146757	8.39886	94.27473
790560399000	2.834735	4.2425256	8.034941	90.59502
790580435000	3.6104562	4.357447	8.0924015	97.509705
790600558000	4.2042184	4.6255975	7.97748	102.71179
790620390000	4.5394063	4.8458643	7.393295	98.74942
790641013000	4.721366	5.085284	6.7803793	94.124954
790660297000	4.903325	5.2959743	6.301539	91.79933
790680320000	4.8745947	5.449203	6.7133417	98.524445
790700358000	4.759673	5.3247046	7.0581064	100.82384
790720302000	4.7884035	5.2768207	7.07726	100.86125
790740297000	4.7979803	5.133168	6.943185	97.57785
790760351000	4.7309427	5.00867	7.0006456	96.47763
790780398000	4.606444	4.951209	7.144298	96.774796
790800345000	4.4244847	4.9224787	7.374141	98.18482
790820335000	4.367024	4.903325	7.4507556	98.62726
790840364000	4.309563	4.8745947	7.2687964	95.16941
790860402000	4.3957543	4.903325	7.1251445	94.132935
790880443000	4.4819455	4.8937483	7.0581064	93.85347
790900476000	4.4819455	4.8745947	7.0102224	92.99273
790920595000	4.462792	4.817134	6.9144545	90.93097
790940709000	4.4819455	4.855441	7.0581064	93.48001
790960720000	4.510676	4.8937483	7.3071036	97.688736
790980405000	4.4340615	4.903325	7.28795	96.81772
791000452000	4.4340615	4.8745947	7.1347213	94.32683
791020321000	4.4340615	4.8745947	7.1059904	93.91768
791040280000	4.5298295	4.9224787	7.2113357	96.75351
791060552000	4.5202527	4.9799395	7.201759	97.09781
791080492000	4.6255975	4.9320555	7.0581064	95.53819
791100351000	4.5777135	4.951209	7.0102224	94.61315
791120293000	4.5872903	4.951209	7.0006456	94.56674
791140292000	4.501099	4.912902	7.0485296	94.07827
791160354000	4.510676	4.912902	7.2687964	97.31821
791180350000	4.501099	4.8937483	7.2687964	97.04407
791200347000	4.548983	4.912902	7.1634517	96.14489
791220296000	4.606444	4.9416323	7.153875	96.81698
791240297000	4.5202527	4.903325	7.07726	94.56289
791260330000	4.4915223	4.865018	6.943185	92.04999
791280301000	4.3861775	4.76925	7.029376	91.39642
791300319000	4.367024	4.7979803	7.2687964	94.92692
791320292000	4.367024	4.8362875	7.383718	96.979866
791340319000	4.3382936	4.8458643	7.326257	95.977234
791360318000	4.261679	4.855441	7.2209125	93.87879
791380294000	4.232949	4.8362875	7.0006456	90.316574
791400335000	4.213795	4.759673	6.943185	88.61838
791420330000	4.185065	4.8267107	7.2113357	92.81526
791440322000	4.1659107	4.8267107	7.4986396	96.881546
791460312000	4.1276035	4.817134	7.632715	98.50023
791480311000	4.2042184	4.7500963	7.642292	98.64349
791500458000	4.175488	4.721366	7.6614456	98.42375
791520429000	4.0892963	4.654328	7.603985	96.2057
791540828000	4.060566	4.6926355	7.479486	94.45174
791560302000	4.0414124	4.6830587	7.5848308	95.79372
791580297000	4.060566	4.606444	7.565677	94.94699
791600341000	4.050989	4.6255975	7.5082164	94.17998
791620328000	4.1659107	4.644751	7.4603324	94.58508
791640296000	4.185065	4.6926355	7.4507556	95.049355
791660294000	4.0701427	4.6926355	7.5082164	94.960205
791680302000	3.964798	4.644751	7.4986396	93.522934
791700373000	3.9264908	4.644751	7.5944076	94.66607
791720322000	3.9935284	4.6255975	7.565677	94.58389
791740381000	3.9743748	4.596867	7.52737	93.58814
791760406000	3.9743748	4.596867	7.565677	94.16631
791780321000	3.8977604	4.6160207	7.5944076	94.17521
791800372000	3.86903	4.644751	7.5082164	92.91642
791820313000	3.9264908	4.673482	7.489063	93.34482
791840401000	4.003105	4.6830587	7.4986396	94.185486
791860380000	3.964798	4.673482	7.479486	93.50377
791880276000	3.9552212	4.673482	7.345411	91.44026
791900333000	3.9935284	4.6926355	7.393295	92.629906
791920285000	4.098873	4.7022123	7.603985	96.73215
791940287000	4.1180267	4.6926355	7.632715	97.23732
791960287000	4.0892963	4.644751	7.642292	96.70068
791980294000	4.1659107	4.654328	7.680599	98.009186
792000316000	4.185065	4.606444	7.651869	97.28519
792020327000	4.213795	4.6160207	7.52737	95.72502
792040327000	4.175488	4.673482	7.5082164	95.649445
792060317000	4.175488	4.673482	7.5465236	96.22615
792080333000	4.1180267	4.7022123	7.5465236	96.01897
792100481000	4.050989	4.6926355	7.52737	95.09264
792120397000	4.10845	4.6351743	7.4603324	94.02076
792140285000	4.1946416	4.6830587	7.4507556	95.03982
792160292000	4.10845	4.663905	7.4028716	93.43388
792180291000	4.0797195	4.644751	7.422025	93.30428
792200326000	4.1276035	4.6351743	7.383718	93.041245
792220301000	4.1276035	4.644751	7.393295	93.27164
792240320000	4.10845	4.6255975	7.4124484	93.21991
792260325000	4.213795	4.6830587	7.5465236	96.63713
792280334000	4.31914	4.711789	7.565677	98.0954
792300376000	4.271256	4.76925	7.517793	97.50659
792320336000	4.2042184	4.7022123	7.479486	95.728966
792340331000	4.185065	4.663905	7.393295	93.92758
792360472000	4.2042184	4.6351743	7.422025	94.24675
792380402000	4.223372	4.6926355	7.374141	94.23566
792400345000	4.1276035	4.663905	7.393295	93.449936
792420288000	4.098873	4.663905	7.4124484	93.49716
792440295000	4.146757	4.6926355	7.431602	94.44513
792460326000	4.1371803	4.644751	7.383718	93.20926
792480292000	4.175488	4.6160207	7.326257	92.4164
792500321000	4.1659107	4.6830587	7.393295	93.946655
792520296000	4.223372	4.6830587	7.4124484	94.7123
792540360000	4.213795	4.644751	7.393295	93.990585
792560339000	4.185065	4.6830587	7.393295	94.10661
792580332000	4.10845	4.654328	7.335834	92.35659
792600531000	4.1180267	4.6160207	7.345411	92.220856
792620841000	4.1276035	4.6160207	7.5561004	95.43941
792640332000	4.10845	4.6160207	7.7093296	97.62077
792660335000	4.156334	4.6926355	7.6710224	98.140526
792681110000	4.261679	4.711789	7.5561004	97.45752
792700383000	4.185065	4.7309427	7.441179	95.26773
792720331000	4.185065	4.6830587	7.383718	93.9651
792740350000	4.261679	4.711789	7.4507556	95.876625
792760314000	4.1946416	4.7022123	7.3645644	93.94263
792782491000	4.2425256	4.663905	7.441179	95.12218
792803718000	4.223372	4.644751	7.393295	94.071396
792823682000	4.2999864	4.673482	7.3549876	94.427155
792843679000	4.280833	4.6830587	7.393295	94.91737
792863653000	4.2904096	4.711789	7.1730285	92.06091
792884854000	4.2521024	4.711789	7.067683	90.233475
792903659000	4.271256	4.711789	7.1347213	91.34883
792923681000	4.232949	4.711789	7.2783732	93.09353
792943644000	4.2042184	4.721366	7.345411	93.921814
792963685000	4.2521024	4.759673	7.422025	95.82132
792984826000	4.280833	4.817134	7.441179	96.90145
793003662000	4.31914	4.7788267	7.441179	96.8633
793023644000	4.2999864	4.7788267	7.345411	95.28213
793043661000	4.2425256	4.759673	7.431602	95.88222
793063646000	4.261679	4.8267107	7.479486	97.40176
793084874000	4.3478703	4.76925	7.383718	96.16901
793103644000	4.3766007	4.76925	7.4507556	97.41414
793123644000	4.2999864	4.711789	7.4507556	96.204605
793143646000	4.223372	4.673482	7.2783732	92.653015
793163656000	4.2425256	4.663905	7.086837	89.97429
793184904000	4.232949	4.673482	7.0581064	89.57616
793203642000	4.261679	4.6830587	7.2113357	92.09631
793223645000	4.2999864	4.76925	7.374141	95.61359
793243643000	4.232949	4.721366	7.3166804	93.742966
793263642000	4.213795	4.7500963	7.240066	92.73804
793284815000	4.1946416	4.76925	7.2592196	93.03703
793303639000	4.2999864	4.7979803	7.297527	94.7644
793323647000	4.3861775	4.7309427	7.345411	95.57543
793343649000	4.3287168	4.76925	7.603985	99.30412
793363644000	4.280833	4.7788267	7.575254	98.54718
793384823000	4.213795	4.7405195	7.335834	94.04305
793403649000	4.1276035	4.7405195	7.1826053	91.09946
793423697000	4.10845	4.7309427	7.144298	90.30217
793443652000	4.146757	4.759673	7.2592196	92.54636
793463650000	4.185065	4.7500963	7.422025	95.16464
793484815000	4.280833	4.76925	7.565677	98.310745
793503644000	4.2425256	4.6830587	7.441179	95.30121
793523646000	4.2042184	4.711789	7.383718	94.395706
793543671000	4.185065	4.7309427	7.345411	93.85164
793563656000	4.175488	4.7309427	7.3071036	93.21028
793584858000	4.1180267	4.7022123	7.201759	90.93428
793603663000	4.0892963	4.6926355	7.345411	92.69823
793623653000	4.146757	4.7405195	7.374141	94.04608
793643641000	4.1659107	4.7309427	7.3071036	93.1304
793663654000	4.1276035	4.7405195	7.345411	93.46469
793684820000	4.146757	4.7500963	7.326257	93.43306
793703638000	4.232949	4.7979803	7.3549876	95.03432
793723650000	4.223372	4.8267107	7.469909	96.93355
793743645000	4.213795	4.855441	7.441179	96.702515
793763661000	4.223372	4.8362875	7.489063	97.31261
793784817000	4.2999864	4.817134	7.4986396	97.924255
793803801000	4.3382936	4.855441	7.4603324	98.05266
793823745000	4.3766007	4.817134	7.2687964	95.19482
793843795000	4.2904096	4.7405195	7.1730285	92.33247
793863763000	4.175488	4.663905	7.2113357	91.19007
793884939000	4.1946416	4.6160207	7.240066	91.32122
793903668000	4.2999864	4.644751	7.393295	94.72441
793923654000	4.271256	4.7309427	7.565677	97.864914
793943622000	4.3766007	4.7979803	7.335834	95.98971
793963620000	4.5394063	4.8841715	7.192182	96.18883
793984212000	4.4819455	4.865018	7.345411	97.71129
794005571000	4.4244847	4.9320555	7.345411	97.85629
794026637000	4.357447	4.9416323	7.1826053	94.99689
794047115000	4.309563	4.903325	7.0964136	92.974014
794067034000	4.213795	4.865018	7.2592196	94.12074
794086975000	4.0701427	4.76925	7.4028716	94.11432
794107089000	3.9839516	4.711789	7.489063	94.15889
794127024000	3.8402996	4.7309427	7.5082164	93.50304
794147044000	3.821146	4.7405195	7.5082164	93.44699
794168037000	3.8402996	4.759673	7.3645644	91.6392
794187019000	3.8786068	4.7788267	7.240066	90.29933
794206964000	3.821146	4.7309427	7.28795	90.09719
794226973000	3.763685	4.721366	7.489063	92.54268
794247002000	3.7541082	4.711789	7.6614456	94.992035
794266989000	3.6296098	4.7022123	7.728483	95.01433
794286969000	3.41892	4.673482	7.690176	92.66925
794306986000	3.4476504	4.673482	7.5465236	90.67775
794326982000	3.5051112	4.6926355	7.536947	91.1122
794346979000	3.5242648	4.673482	7.5848308	91.791534
794367012000	3.5051112	4.711789	7.565677	91.726234
794387017000	3.3997664	4.711789	7.680599	92.75098
794407042000	3.323152	4.6926355	7.8912888	95.33661
794426963000	3.2752678	4.596867	7.881712	93.97995
794446982000	3.1603463	4.5394063	7.929596	93.47249
794467012000	2.9113493	4.4340615	7.9104424	90.71196
794486958000	2.834735	4.3478703	7.920019	89.6664
794506968000	2.815581	4.31914	8.015787	90.83531
794526967000	2.6623523	4.2521024	8.207323	92.52865
794546978000	2.5091233	4.232949	8.456321	95.722916
794566972000	2.327164	4.1180267	8.350976	92.11263
794586957000	2.2697031	4.0222588	8.283937	89.953735
794607008000	2.327164	4.050989	8.513782	94.31068
794626953000	2.4420857	4.146757	8.6574335	98.110535
794646968000	2.4420857	4.2042184	8.7532015	100.257774
794666978000	2.566584	4.309563	8.6574335	100.11085
794686978000	2.087744	4.462792	8.274361	92.74023
794706964000	2.0685902	4.2521024	8.6095495	96.48378
794726977000	2.3080103	3.9743748	9.11712	104.24444
794746978000	2.585738	3.8977604	9.509769	112.31429
794767002000	3.2082303	3.6008794	9.595961	115.34154
794786948000	3.8498764	3.323152	9.873688	123.3546
794807066000	3.4763808	3.0358477	10.0269165	121.84065
794826992000	2.815581	3.1124623	8.1402855	83.879166
794847021000	2.480393	3.5625722	7.2113357	70.84763
794867065000	2.4708161	5.3247046	6.83784	81.21347
794886985000	2.231396	6.847417	5.851429	86.10547
794907056000	3.0358477	7.383718	5.2480903	91.278114
794927047000	3.2944214	6.8665705	3.8307228	72.677444
794947753000	3.265691	6.5696893	3.323152	64.8689
794966957000	5.094861	6.3781533	3.7349546	80.58833
794986941000	6.694188	6.301539	3.5242648	96.941986
795006990000	7.0964136	5.410896	3.6391866	92.880554
795026937000	6.3111157	4.3382936	4.0892963	75.373314
795046979000	5.93762	4.548983	4.55856	76.72905
795066937000	5.2289367	3.9360676	4.9224787	67.0652
795086937000	4.0414124	2.681506	4.31914	42.17846
795107007000	3.572149	1.7717092	3.2273839	26.315208
795126948000	3.572149	0.7469909	2.087744	17.67692
795146959000	3.2369606	-0.05746084	1.2066777	11.937286
795166959000	2.882619	-0.92895025	0.30645782	9.266356
795187013000	3.1411927	-1.5131354	-0.48841715	12.395221
795207043000	4.596867	-2.1164744	-1.0726024	26.761127
795229693000	6.4260373	-2.5378537	-1.5610195	50.17144
795247089000	8.858546	-2.6623523	-1.6184803	88.181435
795267029000	11.712435	-2.0973208	-1.2258313	143.08253
795287049000	15.581465	-0.92895025	-0.641646	244.0567
795307054000	17.554287	0.7278373	-1.0726024	309.83322
795327026000	18.377892	2.0590134	-1.1204864	343.2419
795348116000	18.521544	3.7732618	-0.92895025	358.14804
795367131000	18.828003	5.133168	-2.27928	386.03824
795387083000	18.119318	6.397307	-2.873042	377.4896
795407077000	16.950949	7.1634517	-2.0685902	342.92874
795426977000	15.849615	7.699753	-1.484405	312.69995
795447489000	14.346057	8.111555	-1.13964	272.90546
795466955000	13.40753	8.647857	-1.1683705	255.91237
795486958000	12.660539	9.040505	-2.1643584	246.70444
795506959000	11.654974	8.90643	-2.4899697	221.36288
795526957000	11.042058	8.676587	-1.8674773	200.69768
795547480000	10.773908	8.6574335	-0.9959879	192.02023
795566997000	10.773908	8.791509	-0.46926352	193.58792
795587005000	10.888829	8.973468	-0.21068975	199.13411
795607055000	11.626244	9.078813	0.17238252	217.62408
795627017000	13.484144	9.203311	0.7278373	267.05283
795648112000	14.930242	9.32781	1.7621324	313.02527
795667009000	16.577452	9.605537	2.585738	373.7643
795687038000	18.05228	9.069236	4.0701427	424.70193
795707006000	18.789696	8.465898	4.3957543	444.04675
795726993000	19.16319	7.4028716	4.453215	441.8615
795748135000	19.34515	6.349423	3.8786068	429.59357
795767003000	19.440918	4.9416323	2.5953147	409.10468
795787014000	19.488802	3.1986535	2.3750482	395.68567
795807060000	19.507956	1.0055647	1.1971009	383.00455
795827022000	18.521544	-1.2258313	-0.842759	345.26047
795848122000	15.466543	-3.122039	-3.122039	258.70822
795867006000	11.60709	-4.31914	-4.462792	173.29602
795887017000	8.542512	-4.8362875	-4.0414124	112.697205
795907196000	6.2345014	-4.7884035	-2.9783869	70.6686
795927023000	6.2345014	-4.7884035	-2.6719291	68.93702
795948114000	1.934515	-3.1507695	-2.681506	20.86017
795987009000	0.81402856	-1.7812861	-3.0071173	12.878377
796007007000	0.45010993	-0.35434186	-3.4380736	12.148508
796027015000	0.35434186	1.1204864	-3.7062242	15.1171465
796048116000	1.2162545	3.4763808	-3.1890767	23.734707
796087000000	1.4939818	4.2999864	-2.7389667	28.223804
796107284000	1.5897499	5.2863975	-2.030283	34.595352
796127017000	2.0685902	6.349423	-1.6472107	47.307537
796148112000	1.9919758	7.632715	-1.1109096	63.46043
796166998000	1.8483237	8.820239	-1.0726024	82.36339
796187046000	2.930503	10.01734	-1.2737153	110.55729
796206997000	2.825158	11.329363	-0.25857377	136.40285
796227002000	2.681506	12.133814	0.8523358	155.14638
796248110000	3.5242648	12.4785795	1.283292	169.78223
796267034000	3.074155	12.497733	2.0015526	169.64996
796287033000	3.1507695	12.181698	2.2409728	163.34308
796307015000	3.2561142	11.674128	1.7238252	149.8591
796327021000	2.8921957	11.070788	1.1587936	132.26996
796348131000	3.1028855	10.43872	0.7565677	119.16717
796367043000	2.5953147	9.931149	0.5746084	105.69354
796387010000	2.2505496	9.662998	0.009576807	98.4386
796407076000	1.982399	9.500193	-0.23942018	94.24089
796427123000	1.8674773	9.404425	0.12449849	91.94618
796448171000	2.0685902	9.385271	0.61291564	92.738045
796467013000	1.9440918	9.509769	0.9959879	95.2072
796487084000	1.8483237	9.5385	1.1013328	95.61221
796507125000	2.078167	9.5385	1.091756	96.49369
796527084000	2.1930888	9.672575	0.9672575	99.30393
796548195000	2.183512	9.701305	0.92895025	99.745995
796567048000	2.135628	9.730036	1.1683705	100.599594
796587135000	2.4133554	9.749189	1.283292	102.517815
796607100000	2.4037786	9.739613	1.1587936	101.98101
796627004000	2.183512	9.739613	1.0534488	100.73753
796648174000	2.0685902	9.797073	0.842759	100.971954
796667046000	2.135628	9.835381	0.6607997	101.73227
796687326000	2.4612393	9.902418	0.6703765	104.56499
796706997000	2.4708161	9.950302	0.63206923	105.51296
796726993000	2.2505496	9.864111	0.545878	102.663635
796748161000	2.1452048	9.825804	0.7086837	101.65056
796767000000	2.231396	9.902418	0.6703765	103.48641
796787036000	2.27928	9.797073	0.641646	101.58947
796806989000	2.231396	9.77792	0.7182605	101.10274
796826986000	2.0685902	9.720459	0.7278373	99.296135
796848365000	2.0685902	9.758766	0.6799533	99.97492
796867001000	2.1260512	9.768343	0.91937345	100.785866
796886994000	2.0685902	9.739613	0.89064306	99.932365
796906983000	2.1643584	9.749189	0.6512229	100.15523
796926985000	1.4652514	9.557653	0.45968673	93.707016
796948108000	1.9153614	9.931149	0.6703765	102.74572
796966999000	1.9057846	9.80665	0.7278373	100.332146
796987163000	1.9057846	9.816227	0.91937345	100.83557
797007488000	1.9153614	9.825804	0.7469909	100.773026
797027022000	1.9536686	9.883265	0.5650316	101.814995
797048129000	2.0398598	9.950302	0.48841715	103.40809
797067298000	2.135628	9.80665	0.6799533	101.19363
797087292000	2.0685902	9.77792	0.78529817	100.50347
797107103000	1.8674773	9.825804	0.6895301	100.50934
797127083000	1.7046716	9.844957	0.5650316	100.14835
797148235000	1.7621324	9.864111	0.48841715	100.64434
797167166000	1.7046716	9.835381	0.49799395	99.88862
797187176000	1.9249382	9.844957	0.47884035	100.85786
797207237000	2.0015526	9.854534	0.45010993	101.320656
797227284000	1.7908629	9.710882	0.1340753	97.5264
797247342000	2.0685902	9.911995	0.30645782	102.62063
797267380000	2.2888567	9.950302	0.62249243	104.63488
797286990000	2.4420857	9.749189	0.59376204	101.36303
797307467000	2.2409728	9.844957	0.038307227	101.94661
797327076000	2.4516625	9.80665	-0.15322891	102.20451
797347083000	2.5187001	9.662998	0.19153613	99.754074
797367143000	2.183512	9.586384	0.8331822	97.36067
797387057000	2.1260512	9.528923	0.8619126	96.06337
797407105000	2.327164	9.557653	0.4213795	96.94199
797427079000	2.5761611	9.730036	-0.019153614	101.31057
797447063000	2.633622	9.816227	0.047884032	103.29658
797467318000	2.7485435	9.854534	0.009576807	104.66643
797487300000	3.3806129	9.643845	-0.12449849	104.447784
797507291000	3.0358477	9.691729	0.37349546	103.28547
797527293000	3.0071173	9.825804	0.2873042	105.671715
797547374000	2.9400797	9.969456	0.11492168	108.04732
797567718000	2.9592333	10.151415	0.08619126	111.81572
797587357000	2.4037786	10.237606	-0.32561144	110.69276
797607311000	2.0494366	9.854534	-0.17238252	101.34175
797627465000	2.1164744	9.481039	-0.08619126	94.37699
797647310000	1.8866309	9.193734	-0.1436521	88.10477
797667314000	1.8100165	8.762778	-0.50757074	80.320076
797687426000	1.9728222	8.169016	-0.7565677	71.19724
797707324000	1.934515	7.326257	-0.82360536	58.09472
797727274000	1.7142484	5.9280434	-0.80445176	38.72749
797747357000	1.388637	4.156334	-0.59376204	19.555977
797767328000	1.3215994	2.3750482	-0.7182605	7.903377
797792755000	1.0630256	0.47884035	-1.3120226	3.0807147
797810744000	1.1587936	-1.4748282	-2.1643584	8.202368
797830757000	2.3080103	-3.1794999	-2.4133554	21.260416
797850952000	4.453215	-4.357447	-2.7868507	46.585007
797870816000	6.215348	-5.085284	-2.6048915	71.27612
797890722000	8.935161	-5.094861	-2.7964275	113.614716
797910872000	13.158532	-4.357447	-3.265691	202.79906
797931219000	16.347609	-3.3806129	-3.1890767	288.84305
797950784000	17.937359	-1.7142484	-1.6663644	327.46426
797970765000	18.732235	0.51714754	-1.436521	353.2277
797990730000	19.13446	2.9017725	-1.388637	376.47617
798011073000	19.335573	4.8937483	-1.1683705	399.17822
798030690000	19.431341	6.6271505	-0.24899697	421.55817
798050754000	19.479225	8.647857	0.5554548	454.53418
798070872000	19.507956	10.6877165	0.5746084	495.1178
798090681000	18.330008	12.287044	0.23942018	487.0179
798110625000	16.19438	13.378799	0.038307227	441.25168
798130675000	14.5088625	14.039598	0.82360536	408.29575
798150901000	13.417107	14.5759	1.9632454	396.32996
798170658000	12.277467	14.997279	2.0207062	379.73782
798190615000	12.133814	15.08347	1.6567876	377.48544
798210691000	12.976573	14.709975	1.934515	388.51718
798230647000	14.4130945	14.106636	2.4516625	412.74512
798250767000	16.146496	13.215993	2.7006595	442.66534
798270690000	17.84159	12.191275	2.4708161	473.05444
798290644000	18.684351	11.003751	1.8387469	473.56848
798310710000	19.10573	9.80665	1.436521	463.2629
798330777000	19.31642	8.331821	1.13964	443.84207
798350906000	19.421764	6.4260373	0.50757074	418.7565
798370667000	19.479225	4.060566	-0.79487497	396.56024
798390911000	19.507956	1.6184803	-2.0590134	387.41934
798410649000	18.224663	-0.6607997	-2.681506	339.76544
798430734000	15.859192	-2.7581203	-3.5242648	271.54163
798450712000	13.704411	-4.156334	-4.10845	221.96535
798470623000	10.323798	-5.00867	-3.7062242	145.40369
798491088000	7.2209125	-5.363012	-2.9017725	89.32375
798511175000	4.912902	-5.659893	-2.0685902	60.450058
798530905000	3.371036	-5.707777	-2.1164744	48.42207
798550921000	2.815581	-5.659893	-3.1124623	49.649307
798570657000	2.681506	-5.985504	-3.7732618	57.254242
798590709000	2.5953147	-6.646304	-3.6774938	64.43298
798610644000	2.6623523	-7.469909	-3.715801	76.69484
798632279000	2.834735	-8.283937	-3.5817258	89.4881
798651290000	3.667917	-8.66701	-2.9783869	97.44147
798670702000	4.7979803	-8.42759	-2.8538885	102.189575
798690692000	6.7612257	-7.2687964	-3.6008794	111.51591
798710597000	10.821792	-5.046977	-3.9360676	158.07579
798730631000	15.179238	-1.4269443	-3.7924154	246.82785
798751117000	17.353174	3.1411927	-1.8962077	314.59537
798770665000	18.44493	7.029376	-0.9576807	390.5447
798791186000	18.990808	9.3661175	-0.5363012	448.6626
798811332000	19.258959	10.295067	-2.5570073	483.4342
798830798000	18.722658	11.080365	-2.882619	481.62192
798851436000	18.550274	11.415554	-1.3503298	476.25095
798871005000	16.778566	12.047623	0.842759	427.37576
798890903000	14.78659	12.804191	0.22026655	382.63904
798911759000	13.541605	13.771448	-0.37349546	373.16733
798931577000	13.101071	14.863204	-0.10534488	392.56403
798950882000	12.028469	15.466543	0.82360536	384.57632
798971049000	11.137826	15.658079	0.6607997	369.66327
798990694000	10.141838	15.591042	-0.5267244	346.2149
799010701000	9.615114	15.342045	-1.2737153	329.4511
799030677000	9.873688	15.016433	-1.292869	324.65448
799050784000	10.91756	14.623784	-1.2258313	334.5508
799070713000	12.717999	14.211981	-0.82360536	364.40622
799090670000	14.585477	13.64695	-0.49799395	399.22336
799113462000	17.027563	13.148955	-0.4213795	463.01047
799134143000	18.282124	12.603078	-0.7278373	493.60336
799154633000	18.904617	11.750742	-1.1300632	496.74152
799174231000	19.220652	10.113108	-0.9576807	472.62552
799194188000	19.37388	8.341399	-0.91937345	445.77142
799214934000	19.450495	6.5601125	-1.0630256	422.48685
799234620000	19.479225	4.8267107	-1.6376339	405.41922
799254444000	19.507956	2.4133554	-2.3942018	392.11682
799275047000	17.889475	0.1340753	-3.86903	335.0207
799295018000	14.5088625	-1.6759412	-3.9073372	228.58316
799314984000	11.080365	-2.96881	-3.5338416	144.07635
799334993000	7.7189064	-3.8594532	-2.231396	79.456024
799355505000	5.4683566	-4.4244847	-1.7621324	52.5841
799375939000	3.9073372	-4.4915223	-2.2697031	40.592606
799397285000	2.327164	-4.3766007	-3.074155	34.020756
799417331000	1.1300632	-4.357447	-3.4380736	32.08474
799437317000	0.7661445	-4.3382936	-3.323152	30.451107
799457312000	0.6991069	-4.2999864	-2.681506	26.169107
799477392000	0.7182605	-4.4340615	-2.4229321	26.0474
799497313000	0.9959879	-4.759673	-2.777274	31.35973
799517319000	1.8866309	-5.104438	-3.4093432	41.23828
799537302000	3.715801	-5.4683566	-3.916914	59.05232
799557276000	6.4739213	-5.3438582	-4.0892963	87.19082
799577979000	10.084377	-4.7309427	-4.1276035	141.1136
799598175000	14.719552	-3.9264908	-5.1140146	258.2357
799617892000	17.123331	-3.3614593	-5.104438	330.56317
799638457000	18.330008	-2.4899697	-4.510676	362.5353
799658241000	18.933348	-0.41180268	-3.9552212	374.285
799677817000	19.230228	1.9536686	-1.733402	376.6232
799697951000	19.383457	4.8937483	0.31603462	399.76706
799717726000	19.460072	7.97748	1.4652514	444.48157
799737797000	19.498379	11.061212	0.48841715	502.77573
799758291000	19.517532	13.369223	-0.7469909	560.22815
799777293000	19.16319	14.84405	-1.1204864	588.8292
799797388000	17.228676	15.370775	-0.7757214	533.68976
799817377000	14.757859	15.351622	-0.30645782	453.56058
799837358000	12.53604	14.968549	-0.1340753	381.22775
799857415000	10.515334	14.18325	0.25857377	311.8037
799877320000	9.528923	13.40753	0.1436521	270.58286
799897420000	9.414001	13.024457	-0.31603462	258.35977
799917557000	10.132261	12.650962	-0.60333884	263.07355
799937530000	11.81778	12.354081	-0.89064306	293.07648
799957338000	12.593501	11.789049	-1.0055647	298.5891
799977156000	15.7825775	11.540052	-1.388637	384.1909
799997218000	17.659632	11.473015	-1.3215994	445.23926
800017171000	18.598158	11.358093	-0.7374141	475.44156
800037089000	19.067423	10.419566	0.4309563	472.3197
800057078000	19.297266	8.848969	-0.15322891	450.7122
800077066000	19.412188	6.991069	-1.3694834	427.58356
800097093000	19.469648	4.960786	-2.0015526	407.68283
800117160000	19.498379	2.6527755	-1.7908629	390.43118
800137092000	19.517532	0.4309563	-2.1930888	385.92944
800157128000	18.607735	-1.5227122	-3.620033	361.6711
800177073000	16.22311	-3.2273839	-5.659893	305.6397
800197083000	12.785037	-4.261679	-5.861006	215.97046
800217136000	9.586384	-4.654328	-5.209783	140.70337
800237092000	7.3166804	-4.817134	-3.8307228	91.41303
800277060000	5.659893	-4.9224787	-2.9113493	64.74114
800297067000	4.1659107	-4.759673	-2.8443117	48.09941
800317132000	2.8634653	-4.6160207	-2.7964275	37.327087
800337064000	1.8962077	-4.4723687	-2.7964275	31.417694
800357134000	1.2258313	-4.3861775	-2.6623523	27.829336
800377078000	1.0534488	-4.4723687	-2.8538885	29.256517
800397061000	0.59376204	-4.7788267	-2.633622	30.125704
800417068000	0.2873042	-5.161899	-2.0973208	31.126501
800437302000	0.9959879	-5.535394	-2.1068976	36.071598
800457337000	2.777274	-5.90889	-2.6431987	49.614727
800477346000	4.807557	-6.253655	-3.1986535	72.452194
800497226000	7.297527	-6.4164605	-3.5051112	106.71067
800517851000	11.9614315	-5.363012	-4.367024	190.90863
800537255000	15.74427	-3.5625722	-4.1946416	278.169
800557341000	17.640478	-1.5801731	-3.074155	323.13385
800577226000	18.588581	1.0821792	-2.480393	352.8588
800597275000	19.057846	3.265691	-2.2697031	379.0178
800617849000	19.297266	5.094861	-2.2601264	403.45026
800637261000	19.412188	6.8665705	-1.9057846	427.61484
800657903000	19.469648	8.63828	-0.92895025	454.55002
800677239000	19.498379	10.275913	-0.40222588	485.94293
800697289000	19.450495	11.760319	-1.4748282	518.80194
800717321000	17.54471	12.842498	-1.7046716	475.65253
800737360000	15.342045	13.532028	-0.7182605	419.01004
800757356000	13.196839	14.211981	-0.10534488	376.14807
800777346000	11.693281	14.834474	0.076614454	356.8003
800797291000	10.850522	15.255854	-0.06703765	350.4794
800817260000	10.601525	15.485697	-0.038307227	352.20062
800837315000	10.7356	15.552734	0.076614454	357.1465
800857363000	11.789049	15.112201	0.7757214	367.96204
800877290000	13.666103	14.374787	1.4748282	395.572
800897376000	15.112201	13.254301	1.1300632	405.33215
800917388000	17.171215	12.124237	0.60333884	442.21176
800937692000	18.349161	10.936713	0.39264908	456.45758
800957337000	18.942924	9.730036	-0.038307227	453.50946
800977335000	19.239805	8.504205	-0.9576807	443.40875
800997324000	19.383457	7.28795	-1.9057846	432.46466
801017332000	19.460072	5.650316	-2.6240451	417.5061
801037938000	19.498379	3.9360676	-3.9743748	411.47504
801060728000	17.678785	2.1452048	-6.5122285	359.55048
801080709000	18.607735	0.49799395	-6.090849	383.59424
801100812000	17.621325	-0.80445176	-6.3589997	351.59512
801120640000	14.901511	-2.183512	-5.305551	254.97165
801140697000	11.990162	-3.2273839	-4.309563	172.75232
801160649000	9.002198	-3.7828386	-3.6391866	108.593124
801181201000	6.6175733	-4.098873	-3.3135753	71.572815
801200769000	4.8841715	-4.1371803	-3.1124623	50.658813
801220657000	3.514688	-4.1180267	-3.0550013	38.64421
801240813000	2.4612393	-4.1180267	-2.9017725	31.436127
801261152000	1.6089035	-4.10845	-2.4899697	25.66788
801280920000	0.9576807	-4.2425256	-2.3463178	24.421383
801300909000	0.5363012	-4.4819455	-2.2218192	25.311935
801320750000	0.7086837	-4.7022123	-2.2601264	27.721207
801340619000	1.1013328	-4.865018	-2.2218192	29.817814
801360613000	1.9536686	-5.161899	-2.0685902	34.74109
801380975000	3.6583402	-5.391742	-2.4133554	48.27862
801401421000	6.157887	-5.1235914	-2.7964275	71.99077
801420631000	10.457873	-4.1180267	-3.1124623	136.01268
801441052000	14.997279	-2.2218192	-3.1986535	240.08624
801461050000	17.266983	0.2873042	-3.1028855	307.85916
801480868000	18.397045	2.5474305	-2.8634653	353.1401
801500967000	18.962078	4.2042184	-2.7485435	384.79034
801520773000	19.249382	5.7269306	-2.5378537	409.77713
801540697000	19.393034	7.0964136	-2.3463178	431.95407
801560600000	19.460072	8.6574335	-2.4037786	459.4237
801581235000	19.498379	9.77792	-1.6184803	478.41397
801600705000	19.077	10.898406	-1.091756	483.89908
801621144000	17.688362	12.133814	-0.7086837	460.6098
801640696000	16.127342	13.120225	-0.02873042	432.23227
801662104000	14.164097	13.972561	0.90979666	396.68182
801681305000	12.516887	14.326903	1.3599066	363.78195
801701338000	11.18571	14.595054	1.3503298	339.9591
801721311000	10.381259	14.595054	0.90979666	321.61386
801741232000	10.247183	14.15452	0.5363012	305.64282
801760694000	10.620679	13.570335	0.46926352	297.17303
801780713000	11.042058	12.995727	0.23942018	290.8733
801801078000	11.731588	12.497733	-0.15322891	293.84695
801820812000	13.522451	12.124237	0.12449849	329.86932
801840790000	16.51999	11.760319	0.9864111	412.1882
801860859000	18.02355	11.042058	1.8195933	450.0863
801880656000	18.780119	9.940725	1.2737153	453.13324
801900868000	19.153614	8.66701	0.35434186	442.10355
801920695000	19.34515	7.144298	-0.4405331	425.46988
801940671000	19.440918	5.985504	-1.3599066	415.62488
801960698000	19.488802	4.8937483	-2.9496565	412.46265
801980678000	19.507956	3.4572272	-4.807557	415.62537
802000767000	19.517532	1.3790601	-4.9799395	407.63568
802020661000	18.962078	-0.842759	-4.912902	384.40723
802040667000	16.261417	-2.815581	-4.6160207	293.66882
802060904000	12.995727	-4.1659107	-4.261679	204.40564
802080689000	9.710882	-4.817134	-3.3423057	128.67702
802100765000	7.201759	-4.654328	-2.3558946	79.07834
802120388000	4.663905	-4.1371803	-1.6759412	41.67705
802140369000	2.7389667	-3.074155	-1.2641385	18.550415
802160877000	1.9728222	-1.7142484	-1.3215994	8.5773
802180401000	1.1875241	-0.31603462	-1.0726024	2.6605673
802200478000	0.48841715	1.043872	-0.842759	2.0384626
802220399000	0.47884035	2.5091233	-0.91937345	7.370236
802240380000	1.0726024	3.9360676	-0.9576807	17.560257
802260375000	1.4077905	5.401319	-0.78529817	31.772816
802280376000	2.0494366	7.067683	-0.29688102	54.240475
802300437000	2.8538885	8.810662	-0.19153613	85.809135
802320371000	3.0550013	10.275913	-0.19153613	114.96411
802340379000	3.5625722	11.262324	0.48841715	139.77043
802360373000	3.3518825	12.038046	1.4269443	158.18584
802380363000	3.5529952	12.5743475	1.5514427	173.14496
802400513000	3.6391866	12.583924	1.6567876	174.34378
802420409000	2.8634653	12.325351	2.327164	165.5294
802440378000	2.4708161	11.87524	2.327164	152.54196
802460390000	1.9728222	11.300632	2.384625	137.28275
802480385000	1.2066777	10.67814	1.685518	118.31971
802500529000	2.7964275	9.902418	1.6950948	108.751236
802520403000	2.9017725	9.5385	3.8307228	114.0777
802540456000	2.327164	9.3182335	4.999093	117.2361
802560397000	2.2409728	9.241618	4.0318356	106.685165
802580388000	1.8579005	9.184157	2.1643584	92.48499
802600559000	2.0685902	9.11712	1.283292	89.047775
802620498000	2.0398598	9.107543	1.3024458	88.80473
802640407000	1.8195933	9.107543	1.4652514	88.40523
802660422000	1.7429788	9.14585	1.340753	88.48216
802680512000	1.6950948	9.14585	1.5610195	88.9567
802700490000	1.6280571	9.14585	1.4173675	88.30608
802720429000	1.4652514	9.193734	1.2162545	88.15099
802740409000	1.340753	9.059659	1.6759412	86.683815
802760411000	1.2258313	8.973468	2.825158	90.00731
802780410000	1.292869	9.011775	3.916914	98.225815
802800479000	1.2737153	9.078813	3.8881836	99.16516
802820397000	1.2449849	9.299079	3.1794999	98.13208
802840423000	1.1492168	9.423578	2.9496565	98.825
802860414000	1.2545617	9.433155	3.3901896	102.05172
802880418000	1.340753	9.375694	3.9839516	105.57313
802900565000	1.2354081	9.289502	4.213795	105.57715
802924316000	1.0534488	9.241618	4.2425256	104.51629
802943605000	0.9576807	9.126697	4.4436383	103.95967
802963614000	1.0151415	8.983045	4.4819455	101.81344
802983607000	0.9959879	8.90643	4.357447	99.30383
803003617000	1.1013328	8.992621	4.060566	98.568375
803023733000	1.1587936	9.050082	3.4955344	95.46555
803043625000	1.1013328	9.107543	3.3039982	95.07668
803063611000	0.60333884	8.992621	3.9264908	96.64859
803083617000	0.93852705	9.069236	4.098873	99.93263
803103607000	1.0247183	9.11712	3.9743748	99.967575
803123618000	-0.7661445	10.524911	3.8307228	126.035164
803143609000	0.6799533	9.423578	3.1124623	98.95358
803163646000	1.685518	9.030929	3.8019924	98.85379
803183645000	1.283292	8.935161	4.2904096	99.89155
803203648000	1.283292	8.90643	4.0892963	97.69368
803223641000	1.1779473	9.097966	3.964798	99.880165
803243714000	1.292869	8.983045	4.2425256	100.36562
803263791000	1.6376339	8.839393	4.0414124	97.14973
803283734000	1.7812861	8.734048	4.060566	95.94477
803303730000	1.292869	8.676587	3.9743748	92.75033
803323741000	0.61291564	9.097966	4.9703627	107.85316
803343715000	1.1875241	9.174581	5.439626	115.172676
803363756000	2.1068976	8.149862	4.4723687	90.86136
803383719000	2.3175871	8.169016	3.1986535	82.33541
803403756000	2.528277	8.494628	2.7581203	86.15812
803423763000	2.135628	8.456321	2.1930888	80.879906
803443726000	1.5897499	8.465898	3.1316159	84.00575
803463824000	1.2545617	8.293514	3.3901896	81.84969
803483696000	1.7429788	8.66701	3.2369606	88.63295
803504036000	2.078167	8.647857	3.3423057	90.27521
803523669000	1.8770541	8.6574335	4.2904096	96.8821
803543646000	0.82360536	8.293514	5.1906295	96.40334
803563618000	0.47884035	8.303091	5.00867	94.257385
803583623000	0.8714894	8.207323	4.999093	93.11057
803603612000	1.0630256	8.341399	5.3342814	99.16352
803623621000	0.7278373	8.350976	5.889736	104.957535
803643626000	0.50757074	8.341399	5.889736	104.52556
803663625000	0.92895025	8.561666	5.506664	104.48841
803683684000	1.4269443	8.820239	5.2289367	107.17456
803703656000	1.1492168	8.801085	4.817134	101.98459
803723660000	1.0342951	8.714894	3.7828386	91.32901
803743649000	0.9672575	8.6574335	3.667917	89.340355
803763699000	1.4652514	9.107543	3.8786068	100.13789
803783656000	1.2737153	9.56723	3.5242648	105.574684
803803659000	0.8714894	9.653421	3.7732618	108.18554
803824023000	0.90979666	9.212888	4.0797195	102.349144
803843752000	1.091756	8.916007	4.175488	98.12181
803865047000	1.1587936	9.002198	4.232949	100.30023
803883703000	1.1683705	8.829816	4.5394063	99.93694
803903690000	1.5514427	8.504205	4.596867	95.85966
803923701000	1.6089035	8.523358	4.414908	94.727615
803943667000	1.4748282	8.6095495	4.280833	94.62499
803963673000	1.6567876	8.561666	3.9743748	91.84271
803983678000	1.9153614	8.446744	4.367024	94.08699
804003682000	1.6184803	8.485051	4.7405195	97.0881
804023695000	1.1204864	8.42759	5.046977	97.75175
804043679000	0.81402856	8.264784	5.4204726	98.35082
804063681000	0.8331822	8.379706	5.592855	102.1937
804083677000	0.6799533	8.274361	5.056554	94.49611
804103652000	0.7278373	8.274361	5.056554	94.56352
804123669000	0.79487497	8.149862	4.31914	85.707054
804143647000	0.78529817	8.082825	4.548983	86.64199
804163690000	0.5650316	7.785944	5.046977	86.412155
804183673000	-0.1436521	7.603985	5.631162	89.55121
804203657000	-0.6895301	7.642292	6.167464	96.917694
804223666000	-0.24899697	7.8529816	6.196194	100.124146
804243654000	0.9959879	8.034941	5.535394	96.19285
804263714000	0.8714894	7.967903	5.315128	92.49756
804283676000	0.60333884	7.8625584	5.899313	96.98573
804303666000	0.79487497	7.97748	6.0142345	100.44302
804323669000	0.7757214	7.8912888	5.7748146	96.222664
804343856000	0.4309563	7.8625584	5.535394	92.64613
804363887000	0.7086837	7.9391727	5.2768207	91.37753
804383898000	0.5363012	8.063671	5.2289367	92.65219
804403928000	0.80445176	7.6231384	5.305551	86.90826
804423812000	0.60333884	7.728483	5.8801594	94.66975
804443996000	0.40222588	7.7667904	6.540959	103.26896
804464050000	-0.06703765	8.331821	6.3206925	109.37489
804484004000	0.019153614	7.5561004	5.841852	91.22226
804503765000	0.21068975	7.029376	5.8322754	83.471954
804523888000	0.5554548	6.9144545	6.205771	86.62981
804544588000	0.5746084	6.9527617	6.6750345	93.22716
804563844000	0.5554548	7.1826053	6.579266	95.18509
804583768000	0.61291564	7.240066	6.3781533	93.47506
804603873000	0.6703765	6.9048777	7.4028716	102.929245
804624049000	1.0151415	6.5505357	7.929596	106.81853
804643980000	1.6376339	6.703765	7.690176	106.761116
804664103000	1.8387469	6.7612257	6.5984197	92.63431
804683767000	2.5187001	6.167464	6.8665705	91.53125
804703763000	2.030283	6.751649	7.1059904	100.201904
804723746000	1.6663644	6.847417	6.9527617	98.00478
804744070000	1.0821792	6.9048777	6.9527617	97.18934
804763679000	0.62249243	6.8186865	6.9240313	94.82419
804783632000	0.6799533	6.9623384	6.5601125	91.97157
804803693000	0.7278373	6.9719152	6.531382	91.796295
804823715000	0.49799395	6.943185	6.8569937	95.47418
804843780000	0.45010993	6.9144545	6.751649	93.597046
804863757000	0.4405331	6.895301	6.5601125	90.77432
804883629000	0.62249243	6.895301	6.6367273	91.97882
804903878000	0.5363012	6.8761473	6.8569937	94.58739
804923676000	0.51714754	6.8569937	7.038953	96.83266
804943671000	0.47884035	6.8665705	6.9719152	95.98668
804963705000	0.51714754	6.8665705	6.7612257	93.13141
804983630000	0.24899697	6.7708025	6.483498	87.94151
805003798000	0.25857377	6.751649	6.5505357	88.56114
805023663000	0.22026655	6.751649	6.933608	93.708206
805043702000	0.038307227	6.6750345	6.9527617	92.89845
805064118000	0.15322891	6.6271505	6.8186865	90.43709
805083644000	0.1436521	6.694188	6.742072	90.28833
805103648000	0.15322891	6.799533	6.445191	87.79761
805123622000	0.29688102	6.8665705	6.445191	88.77841
805143632000	0.23942018	6.895301	6.847417	94.48962
805163716000	-0.11492168	6.799533	7.4603324	101.90341
805183766000	-0.25857377	6.7324953	7.9391727	108.42381
805204074000	-0.047884032	6.703765	7.4603324	100.59932
805224247000	0.2873042	6.8186865	6.9048777	94.254364
805246968000	0.2681506	6.8282633	6.6654577	91.12541
805267509000	0.34476504	6.8665705	7.2113357	99.27202
805287116000	0.45010993	6.8091097	7.575254	103.95105
805306978000	0.5363012	6.742072	7.326257	99.417206
805327040000	0.29688102	6.7324953	6.5601125	88.44971
805346965000	-0.18195933	6.7612257	6.301539	85.45667
805366976000	-0.23942018	6.6175733	6.646304	88.02296
805386974000	-0.02873042	6.588843	7.0102224	92.55689
805407457000	0.58418524	6.1387334	6.8569937	85.043686
805426980000	0.7086837	6.3111157	6.7133417	85.40137
805447026000	0.50757074	6.799533	6.6750345	91.04736
805468731000	0.32561144	6.9240313	6.5696893	91.209045
805486957000	0.21068975	6.943185	6.4068837	89.30037
805506967000	0.08619126	6.9719152	6.349423	88.9302
805526970000	0.1340753	6.991069	6.339846	89.08667
805546968000	0.2873042	6.895301	6.38773	88.43082
805566997000	0.4213795	6.7708025	6.5026517	88.3058
805586967000	0.02873042	6.9719152	6.129156	86.17498
805606991000	0.21068975	6.9527617	5.947197	83.75444
805627155000	0.63206923	6.6271505	6.3302693	84.390945
805646993000	1.1013328	6.4164605	6.9623384	90.858055
805666995000	1.340753	6.349423	7.3549876	96.20863
805687024000	1.3503298	6.435614	7.5561004	100.335175
805707057000	1.1204864	6.4739213	7.8050976	104.08669
805727230000	0.94810385	6.540959	7.7572136	103.85741
805747238000	0.7757214	6.540959	7.479486	99.3286
805767258000	0.7086837	6.5505357	7.0964136	93.770836
805786989000	0.58418524	6.540959	6.83784	89.88147
805807071000	0.59376204	6.531382	6.8569937	90.02987
805827036000	0.5650316	6.5122285	6.943185	90.936195
805847015000	0.35434186	6.435614	6.9623384	90.016846
805867099000	0.36391866	6.5122285	6.933608	90.61648
805887039000	0.7086837	6.483498	7.0581064	92.35484
805907078000	0.7182605	6.3781533	7.240066	93.615295
805927025000	0.47884035	6.3685765	7.422025	95.87451
805947015000	0.33518824	6.38773	7.3549876	95.01129
805967060000	0.33518824	6.435614	7.1059904	92.02458
805987003000	0.16280572	6.5026517	6.943185	90.5188
806007122000	0.15322891	6.5122285	7.038953	91.979454
806027106000	0.23942018	6.445191	7.1347213	92.50206
806046995000	0.37349546	6.4739213	6.885724	89.464355
806067141000	0.5267244	6.579266	6.7803793	89.53773
806086995000	0.5746084	6.6750345	7.201759	96.75159
806107033000	0.38307226	6.6175733	7.4986396	100.16861
806126997000	0.4213795	6.531382	7.565677	100.07598
806147006000	0.48841715	6.4547677	7.5082164	98.275894
806167001000	0.7374141	6.5122285	7.2304893	95.23288
806186997000	0.6991069	6.4739213	7.1155677	93.03171
806207045000	0.36391866	6.349423	7.4986396	96.6772
806227190000	0.16280572	6.205771	7.6710224	97.38268
806246932000	0.25857377	6.1866174	7.422025	93.42755
806266969000	0.23942018	6.1866174	7.2304893	90.611534
806286955000	0.41180268	6.2728086	7.1730285	90.97005
806306979000	0.62249243	6.3589997	6.9048777	88.50171
806326970000	0.4213795	6.3781533	6.9240313	88.800606
806346967000	0.25857377	6.349423	7.1155677	91.013336
806366999000	0.2777274	6.2823853	7.2304893	91.82547
806387066000	0.47884035	6.253655	7.1347213	90.24173
806407192000	0.5746084	6.2728086	7.1347213	90.58255
806427262000	0.40222588	6.2632318	7.2592196	92.08613
806447233000	0.25857377	6.2249246	7.383718	93.33584
806467280000	0.37349546	6.14831	7.8625584	99.76105
806487589000	0.4309563	6.1387334	8.111555	103.6671
806507466000	0.48841715	6.244078	7.5944076	96.90209
806527054000	0.39264908	6.3589997	6.9719152	89.198654
806547406000	0.4405331	6.445191	6.751649	87.31932
806567467000	0.50757074	6.4068837	7.0485296	90.987564
806587831000	0.33518824	6.3685765	7.4603324	96.327675
806608458000	0.08619126	6.3206925	7.728483	99.688034
806627272000	-0.009576807	6.3685765	7.029376	89.970985
806651587000	0.038307227	6.349423	6.531382	82.975586
806670367000	0.02873042	6.244078	6.38773	79.792435
806692406000	0.019153614	6.1195793	6.3781533	78.130455
806710328000	-0.076614454	5.947197	6.588843	78.78787
806730433000	-0.24899697	5.765238	6.7324953	78.626465
806750373000	-0.2777274	5.583278	6.7133417	76.319084
806770374000	-0.10534488	5.4683566	6.7612257	75.62819
806791762000	0.0	5.410896	6.943185	77.48561
806810564000	0.08619126	5.3438582	7.0485296	78.24602
806830348000	0.20111294	5.410896	7.1155677	79.94954
806851425000	0.5267244	5.48751	7.2592196	83.08648
806870449000	0.6799533	5.4779334	7.469909	86.26963
806890390000	0.61291564	5.497087	7.5465236	87.543655
806910504000	0.7565677	5.6407394	7.699753	91.67653
806932121000	1.2162545	5.93762	7.690176	95.87341
806950589000	2.0111294	6.2345014	7.565677	100.15312
806970430000	2.3080103	6.6367273	8.082825	114.70512
806990380000	0.79487497	6.14831	7.9487495	101.616165
807010351000	1.091756	6.196194	7.374141	93.962715
807030335000	1.4748282	5.947197	6.9527617	85.88516
807050378000	1.1492168	5.803545	7.1347213	85.90608
807070786000	0.8810662	5.8226986	7.6710224	93.52469
807090612000	1.2641385	5.803545	7.872135	97.249695
807111114000	1.8579005	5.793968	7.699753	96.30806
807130439000	1.8962077	5.7843914	7.374141	91.43275
807151200000	2.4037786	5.889736	7.9008656	102.89082
807171234000	3.3901896	6.3111157	9.433155	140.30798
807190484000	2.3463178	6.435614	9.040505	128.65308
807211109000	1.8866309	6.3302693	7.9104424	106.20679
807230505000	1.9536686	6.253655	6.7133417	87.99398
807251534000	1.9919758	6.215348	6.6654577	87.02684
807271462000	2.3463178	6.167464	7.3645644	97.779625
807291051000	2.7102363	6.196194	7.97748	109.37839
807310299000	2.5570073	6.1387334	7.747637	104.248215
807330451000	2.3942018	6.081272	7.383718	97.23337
807350341000	2.6527755	6.2632318	7.086837	96.48854
807370336000	2.9783869	6.3111157	7.0964136	99.06006
807390563000	3.064578	6.3589997	7.0006456	98.837555
807410325000	3.122039	6.397307	6.8091097	97.03664
807430353000	3.1603463	6.3206925	6.9719152	98.54654
807450408000	3.083732	6.2249246	7.2113357	100.26245
807471357000	3.1124623	6.1100025	6.6079965	90.68517
807490341000	3.1124623	6.1387334	6.1770406	85.5273
807510303000	3.0933087	6.1004257	6.1866174	85.05798
807530348000	2.9975405	5.9280434	7.067683	94.07909
807550474000	3.0358477	5.861006	7.881712	105.68914
807570543000	3.3327289	5.9184666	8.264784	114.441986
807590497000	3.3327289	6.129156	7.785944	109.294556
807610571000	3.4476504	6.033388	6.694188	93.10022
807630602000	3.5625722	6.042965	6.694188	94.0215
807650322000	3.4380736	6.033388	6.9623384	96.69627
807670369000	3.2465374	6.0142345	7.019799	95.9886
807690332000	2.9975405	5.889736	6.7708025	89.518005
807713697000	2.8634653	5.8801594	6.6175733	86.56798
807733660000	2.8538885	5.899313	6.5984197	86.48572
807753664000	2.327164	5.813122	6.83784	85.964134
807773657000	2.327164	5.7843914	7.201759	90.740204
807793656000	2.432509	5.66947	7.422025	93.14644
807815244000	2.480393	5.6120086	7.632715	95.905334
807833691000	2.4612393	5.631162	7.5465236	94.717705
807855915000	2.432509	5.66947	7.441179	93.43113
807873717000	2.4516625	5.66947	7.393295	92.81435
807896308000	2.3750482	5.6790466	7.6710224	96.737015
807913931000	2.1930888	5.554548	7.9487495	98.84526
807934287000	2.0494366	5.4779334	8.054094	99.076385
807954423000	2.0590134	5.449203	7.9104424	96.50845
807975244000	2.078167	5.3821654	7.728483	93.01594
807994218000	2.0207062	5.315128	7.5944076	90.008865
808014438000	1.9057846	5.3247046	7.5465236	88.93452
808034506000	1.8004397	5.2863975	7.5848308	88.71724
808054345000	1.8483237	5.2289367	7.8050976	91.67763
808074280000	2.0111294	5.267244	7.8625584	93.60832
808094244000	1.9536686	5.2959743	7.6614456	90.56191
808114151000	1.8866309	5.267244	7.651869	89.85433
808134231000	1.7621324	5.21936	7.8050976	91.26637
808154367000	1.8579005	5.21936	7.929596	93.57201
808174142000	1.8770541	5.2289367	8.082825	96.19717
808194164000	1.8866309	5.209783	8.063671	95.72401
808214131000	1.6567876	5.209783	7.920019	92.61349
808234346000	1.3503298	5.142745	7.9487495	91.45384
808254180000	1.1300632	4.7884035	8.1881695	91.25197
808274673000	1.1013328	4.8841715	8.255207	93.21651
808294199000	1.1013328	4.8267107	8.111555	90.307396
808314134000	0.89064306	4.855441	7.967903	87.85603
808334210000	0.8523358	4.8362875	8.073248	89.29349
808355090000	1.5227122	4.951209	8.389283	97.213196
808374379000	2.4708161	5.2768207	8.686164	109.39921
808414144000	2.4229321	5.439626	8.264784	103.766785
808434229000	1.6376339	5.315128	7.642292	89.33706
808454278000	1.0342951	4.9799395	7.479486	81.81227
808474507000	0.32561144	4.7979803	7.335834	76.9411
808494065000	0.8619126	4.7405195	7.9487495	86.39804
808514086000	1.0630256	4.7309427	8.034941	88.07211
