15435406446663	0.0	-0.0	0.0
15435415792000	-0.3826307	-0.33589953	-0.051923547
15435426271000	0.055970527	-0.007254025	0.048258353
15435435923000	0.51656294	-0.22594379	0.09712757
15435445659000	0.9050732	-0.06834055	0.1020145
15435456086000	1.2129493	0.14790575	0.1142318
15435465682000	1.4145348	0.24686591	0.11056661
15435475902000	1.5171602	0.20288362	0.0983493
15435485769000	1.245936	-0.5949064	-0.26939157
15435495887000	0.3552945	-1.7140115	-1.323745
15435505811000	-0.3655265	-0.9760863	-1.9651535
15435515867000	-0.6159812	0.028176159	-2.0506747
15435525861000	-0.5426774	0.10392345	-1.9456058
15435535917000	-0.2738967	-0.43730316	-1.5509869
15435546023000	-0.23724478	-0.4996114	-1.278541
15435555918000	-0.29955304	-0.34200817	-1.010982
15435566053000	-0.2934444	-0.057344973	-0.72509706
15435576063000	-0.25557074	0.12835807	-0.5015204
15435586124000	-0.2457969	0.23464862	-0.37812558
15435596136000	-0.25434902	0.28351784	-0.2938262
15435606283000	-0.26656634	0.33360878	-0.19608775
15435616129000	-0.23235787	0.3262784	-0.08979719
15435626179000	-0.14194982	0.25297457	0.029932396
15435636180000	-0.003894266	0.124692865	0.1337795
15435646237000	0.17325665	-0.037797287	0.20463985
15435656268000	0.36018142	-0.20028745	0.22907446
15435666293000	0.5996406	-0.4030947	0.12644911
15435676322000	0.6155231	-0.3994295	-0.005497787
15435686364000	0.5642104	-0.3554472	-0.15088372
15435696583000	0.45669812	-0.2674826	-0.25350907
15435706496000	0.34185547	-0.18073976	-0.32803464
15435716468000	0.23678663	-0.1306488	-0.3744604
15435726481000	0.1793653	-0.10132727	-0.38056904
15435737467000	0.19646953	-0.075670935	-0.34880406
15435746518000	0.26122126	-0.10010554	-0.29260445
15435756619000	0.3271947	-0.14164437	-0.26083946
15435766578000	0.36873353	-0.18440494	-0.24862215
15435776641000	0.3748422	-0.19417879	-0.23518312
15435786631000	0.33819026	-0.18073976	-0.22174409
15435796730000	0.20746511	-0.12576188	-0.20708331
15435806675000	0.14882204	-0.090331696	-0.20219639
15435816805000	0.10483975	-0.065897085	-0.20097467
15435826759000	0.07307476	-0.041462477	-0.19730948
15435836762000	0.042531494	-0.034132097	-0.19486602
15435846807000	0.030314188	-0.058566704	0.004276057
15435856975000	0.021762075	-0.10987939	-0.17287487
15435866883000	0.013209961	-0.18562667	-0.13622294
15435876901000	-0.04054618	-0.37010798	-0.09468412
15435886985000	-0.09796751	-0.4715116	-0.12889257
15435897013000	-0.07841983	-0.4311945	-0.13622294
15435907002000	-0.01366811	-0.3749949	-0.08246681
15435917210000	0.0388663	-0.38110355	-0.0421497
15435927082000	0.04375322	-0.39576432	-0.025045475
15435937094000	0.046196684	-0.3627776	-0.032375857
15435947127000	0.0828486	-0.3554472	-0.045814894
15435957167000	0.16592628	-0.38599047	-0.07269296
15435967185000	0.31009048	-0.41409028	-0.100792766
15435977218000	0.5092325	-0.45196393	-0.12644911
15435987250000	0.7376962	-0.5228243	-0.15821409
15435997315000	0.95882934	-0.60223675	-0.19486602
15436007287000	1.1481975	-0.6914231	-0.20219639
15436017331000	1.2899183	-0.8001571	-0.18020524
15436027349000	1.3998741	-0.9724211	-0.1459968
15436037379000	1.5061647	-1.2204324	-0.115453534
15436047395000	1.6552157	-1.5221999	-0.092240654
15436057431000	2.1463513	-2.092748	-0.115453534
15436067442000	2.4591143	-2.3383157	-0.1337795
15436077483000	2.7987554	-2.522797	-0.12034045
15436087499000	3.1261792	-2.641305	-0.08979719
15436097533000	3.3864079	-2.7023914	-0.051923547
15436107547000	3.5611153	-2.7256043	-0.032375857
15436117581000	3.6380844	-2.721939	-0.017715093
15436127661000	3.6283104	-2.6694047	0.016493361
15436137804000	3.544011	-2.600988	0.08246681
15436147738000	3.3864079	-2.519132	0.20463985
15436157795000	3.1884875	-2.4287238	0.35002577
15436167826000	2.977128	-2.269899	0.5174029
15436177874000	2.78776	-2.0438788	0.67011917
15436187903000	2.4676666	-1.6773596	1.0720685
15436197944000	2.3076198	-1.5588517	1.3408492
15436207967000	2.1280255	-1.4598916	1.5839735
15436218025000	1.9472094	-1.3951398	1.8283197
15436228022000	1.7834975	-1.3755922	2.0702224
15436238077000	1.6332246	-1.3829225	2.2999077
15436248096000	1.48173	-1.4330136	2.5002716
15436258151000	1.3192399	-1.5625169	2.6774223
15436268165000	1.1445324	-1.6785814	2.842356
15436278233000	0.9527207	-1.788537	2.9767463
15436288259000	0.74624825	-1.970575	3.0256155
15436298309000	0.575206	-2.070757	2.9816332
15436308328000	0.44570255	-2.1074088	2.946203
15436318381000	0.1549307	-2.1501694	3.001181
15436328387000	0.03397938	-2.1990385	3.0476067
15436338431000	-0.045433104	-2.196595	3.1490104
15436348509000	-0.1333977	-2.046322	3.2834008
15436358537000	-0.2616794	-1.8422933	3.3261611
15436368531000	-0.41928264	-1.5454127	3.2479706
15436378626000	-0.5903249	-1.149572	3.100141
15436388602000	-0.7919104	-0.8258135	2.9584203
15436398638000	-1.0313696	-0.6132324	2.8252518
15436408659000	-1.2634984	-0.5093852	2.7189612
15436418713000	-1.4711926	-0.49594623	2.610227
15436428732000	-1.6226872	-0.5289329	2.4538457
15436438856000	-1.6630043	-0.6120106	2.225382
15436448861000	-1.4296538	-0.728075	1.8564194
15436458861000	-1.2622766	-0.7231881	1.8161024
15436468872000	-1.1168908	-0.7158577	1.8600847
15436478897000	-0.9825004	-0.68164927	1.9028453
15436488923000	-0.85666215	-0.6156758	1.8661933
15436498950000	-0.7418195	-0.55214584	1.7476854
15436508974000	-0.62453336	-0.478842	1.5876387
15436519002000	-0.5500078	-0.4263076	1.3762794
15436529035000	-0.5597816	-0.37132972	1.1600331
15436539078000	-0.64163756	-0.2870303	0.9963212
15436549115000	-0.76381063	-0.18196149	0.8875872
15436559151000	-0.86887944	-0.07322747	0.8081747
15436569145000	-0.90919656	0.015958855	0.7324274
15436579179000	-0.88842714	0.05627596	0.40133846
15436589209000	-0.81756675	0.05505423	0.20952678
15436599240000	-0.73204565	0.018402316	0.01160644
15436609274000	-0.6514114	0.02695443	-0.21074851
15436619310000	-0.6025422	0.088040955	-0.3817908
15436629333000	-0.60742915	0.16256651	-0.50640726
15436639329000	-0.6318637	0.19555324	-0.57971114
15436649382000	-0.6355289	-0.007254025	-0.6236934
15436659421000	-0.5451209	0.124692865	-0.6762278
15436669442000	-0.3581961	-0.035353824	-0.77274454
15436679478000	-0.11873693	-0.1868484	-0.90102625
15436689503000	0.11217013	-0.29313895	-1.0329732
15436699538000	0.29420796	-0.32734743	-1.1673635
15436709626000	0.4640285	-0.17340937	-1.4837917
15436719644000	0.4957935	-0.032910366	-1.6511687
15436729600000	0.51411945	0.11491902	-1.7965547
15436739620000	0.5715408	0.2260965	-1.9285016
15436749635000	0.69493556	0.26519188	-2.0372355
15436759659000	0.92217743	0.19677497	-2.02624
15436769680000	1.1298716	0.095371336	-2.094657
15436779701000	1.2654837	0.023289237	-2.2950208
15436789726000	1.3656656	0.0110719325	-2.6028967
15436799746000	1.4462998	0.0025198192	-2.95109
15436809764000	1.4353043	0.10881037	-3.245527
15436819786000	1.3448962	0.31772628	-3.4519994
15436829816000	1.2789228	0.5461899	-3.608381
15436839831000	1.269149	0.7062366	-3.9260309
15436849852000	1.3937654	0.7868708	-4.0909643
15436859870000	1.495169	0.71234524	-4.2082505
15436869898000	1.6258942	0.56818104	-4.22902
15436879913000	1.8238145	0.41179952	-4.1862597
15436889944000	2.0657172	0.2932917	-4.1471643
15436899969000	2.2819636	0.22365303	-4.128838
15436909989000	2.3784802	0.17967074	-4.105625
15436920007000	2.3186154	0.11980595	-4.0555344
15436930028000	2.1329124	0.09048442	-3.9871175
15436940048000	1.9191096	0.15034921	-3.962683
15436950071000	1.6698765	0.15523612	-3.8698313
15436960078000	1.4511868	0.13691017	-3.6047158
15436970136000	1.314353	0.14912748	-3.3982434
15436980167000	1.2092841	0.27252227	-3.1624494
15436990189000	1.1420889	0.27618745	-2.9486465
15437000214000	1.023581	0.2590832	-2.6871963
15437010239000	0.8818603	0.24808764	-2.466063
15437020270000	0.715705	0.23098342	-2.2828035
15437030298000	0.53488886	0.2260965	-2.0518963
15437040323000	0.37972912	0.23342688	-1.777007
15437050353000	0.24900395	0.2590832	-1.4764613
15437060378000	0.14393513	0.28840476	-1.1478158
15437070406000	0.046196684	0.3140611	-0.7984009
15437080418000	-0.035659257	0.32750013	-0.44043383
15437090441000	-0.10407617	0.3140611	-0.11789699
15437100452000	-0.15294538	0.27252227	0.21319197
15437110481000	-0.3142138	0.10636691	0.8558222
15437120499000	-0.44371724	-0.009697486	1.1478158
15437130523000	-0.60742915	-0.11720977	1.4263704
15437140544000	-0.7870235	-0.18807013	1.7269161
15437150567000	-0.94340503	-0.24793494	2.0824397
15437160586000	-1.0338131	-0.3224605	2.4318545
15437170610000	-1.043587	-0.39820778	2.7446175
15437180628000	-1.0167089	-0.5093852	3.0207286
15437190653000	-0.99349594	-0.60468024	3.2149837
15437200665000	-0.99960464	-0.70974904	3.3701437
15437210708000	-1.0423652	-0.791605	3.5326338
15437220725000	-1.083904	-0.8649088	3.7281106
15437230747000	-1.0716867	-0.97852975	3.929696
15437240758000	-0.80534947	-1.2155455	4.1703773
15437250826000	-0.6453028	-1.2656364	4.279111
15437260840000	-0.5438991	-1.2998449	4.4183884
15437270867000	-0.4828126	-1.2802972	4.51124
15437280894000	-0.46326494	-1.1825588	4.5527787
15437290927000	-0.55367297	-1.0530553	4.4489317
15437300947000	-0.73571086	-0.86124367	4.2766676
15437310971000	-0.96050924	-0.73418367	4.0824122
15437321012000	-1.1413254	-0.6352235	3.8050797
15437331032000	-1.2280682	-0.5826891	3.5741725
15437341054000	-1.2146292	-0.5765804	3.4373388
15437351083000	-1.0924561	-0.6547712	3.3102787
15437361108000	-0.8810968	-0.8197048	3.0243938
15437371133000	-0.898201	-0.6682102	2.40742
15437381156000	-1.070465	-0.42142066	0.004276057
15437391187000	-1.1853076	-0.24182628	2.4538457
15437401202000	-1.1743121	-0.16730072	2.325564
15437411236000	-1.0240393	-0.23327416	2.081218
15437421257000	-0.79679734	-0.40187296	1.8600847
15437431285000	-0.60498565	-0.542372	1.7024814
15437441311000	-0.4620432	-0.5545893	1.5497651
15437451339000	-0.349644	-0.4702899	1.3335189
15437461359000	-0.2738967	-0.35056028	1.029308
15437471381000	-0.27145323	-0.27969992	0.679893
15437481401000	-0.37163514	-0.29802588	0.35979962
15437491430000	-0.47548223	-0.14897476	0.13622294
15437501442000	0.09750936	0.30917418	-0.4025602
15437511471000	0.3186426	0.35682166	-0.6908886
15437521490000	0.29665142	0.29084823	-0.7800749
15437531518000	0.31253394	0.14546229	-0.8240572
15437541538000	0.46769372	0.024510968	-0.9841039
15437551597000	0.5678756	0.007406741	-1.2027937
15437561624000	0.5971971	0.06727154	-1.4544702
15437571641000	0.56665385	0.11980595	-1.7489072
15437581690000	0.4909066	0.21265747	-2.0335703
15437591709000	0.41638103	0.29573515	-2.248595
15437601766000	0.40905064	0.34093916	-2.4404066
15437611879000	0.5287802	0.3103959	-2.6053402
15437621788000	0.74624825	0.2224313	-2.7592783
15437631995000	1.2447143	0.07948884	-3.1453452
15437641892000	1.4182	0.041615196	-3.335935
15437651890000	1.4829518	0.062384613	-3.5399642
15437661918000	1.4597389	0.12835807	-3.762319
15437671951000	1.4059827	0.23953554	-3.9724567
15437681985000	1.3595569	0.32016975	-4.131282
15437692019000	1.35467	0.36903897	-4.243681
15437702032000	1.377883	0.42035165	-4.315763
15437712250000	1.404761	0.4741078	-4.347528
15437722132000	1.423087	0.522977	-4.3719625
15437732169000	1.4279739	0.56573755	-4.3817363
15437742188000	1.4206434	0.5938374	-4.3487496
15437752194000	1.4194218	0.58406353	-4.2497897
15437762207000	1.4389695	0.58895046	-3.9871175
15437772234000	1.5415949	0.5119814	-3.866166
15437782260000	1.5257123	0.43745586	-3.690237
15437792282000	1.4279739	0.37881282	-3.5253034
15437802297000	1.2654837	0.3580434	-3.3200526
15437812339000	1.0748937	0.33971745	-3.0561588
15437822337000	0.8818603	0.3226132	-2.8081474
15437832367000	0.74991345	0.33360878	-2.6126707
15437842387000	0.6851617	0.35193473	-2.3915374
15437852403000	0.64484465	0.34216088	-2.1288655
15437862423000	0.60941446	0.29206994	-1.8478674
15437872442000	0.5788712	0.24808764	-1.572978
15437882462000	0.5287802	0.21265747	-1.3249667
15437892487000	0.43104178	0.17600554	-0.7837401
15437902498000	0.17447838	0.15645786	-0.49541172
15437912523000	0.052305337	0.15523612	-0.20708331
15437922545000	-0.057650406	0.16867517	0.054367006
15437932569000	-0.15050192	0.17111863	0.3304781
15437942592000	-0.23357959	0.14546229	0.6188065
15437952610000	-0.32032245	0.0978148	0.8949176
15437962629000	-0.41561744	0.02695443	1.1453724
15437972650000	-0.53290355	-0.050014593	1.3787229
15437982668000	-0.6746243	-0.12087496	1.6059648
15437992747000	-0.82001024	-0.15263996	1.8466456
15438002755000	-0.9397398	-0.18440494	2.1190915
15438012782000	-1.0081568	-0.21372648	2.4123068
15438022811000	-1.0093784	-0.25648704	2.6945267
15438032843000	-0.9666179	-0.38476875	3.1526756
15438042875000	-0.9873873	-0.39332086	3.285844
15438052899000	-1.0545825	-0.36522105	3.3860261
15438062938000	-1.1620947	-0.31757358	3.4800992
15438072955000	-1.2915982	-0.26137397	3.5924985
15438082996000	-1.4357624	-0.23693936	3.690237
15438093030000	-1.5652658	-0.26137397	3.7598755
15438103040000	-1.6361262	-0.34445164	3.8417315
15438113086000	-1.6349045	-0.43974662	3.8686097
15438123112000	-1.600696	-0.47273335	3.934583
15438133143000	-1.5640441	-0.47639853	3.994448
15438143176000	-1.555492	-0.42264238	3.9675698
15438153211000	-1.5603789	-0.37255144	3.9040399
15438163247000	-1.4614187	-0.4189772	3.6926804
15438173268000	-1.3612368	-0.43608144	3.49476
15438183296000	-1.2781591	-0.4116468	3.3774738
15438193331000	-1.2121857	-0.41653374	3.3689218
15438203350000	-1.1425471	-0.42019892	3.3298264
15438213437000	-0.97761345	-0.49228102	3.2088752
15438223442000	-0.7980191	-0.60834545	2.8887818
15438233472000	-0.73571086	-0.58635426	2.4917192
15438243518000	-0.80412775	-0.42142066	2.1911736
15438253548000	-0.9348529	-0.22716552	1.9529362
15438263584000	-1.0264827	-0.08544478	1.681712
15438273602000	-1.0716867	0.030619621	1.4373659
15438283632000	-1.0460304	0.06849326	1.2455542
15438293675000	-0.71249795	-0.059788436	0.99021256
15438303756000	-0.47914743	-0.15263996	0.8313876
15438313785000	-0.26290113	-0.20395264	0.62125
15438323815000	-0.1297325	-0.20273091	0.3830125
15438333849000	-0.08819367	-0.14408784	0.15332718
15438343902000	-0.08208502	-0.07200574	-0.08857546
15438353915000	-0.058872137	0.009850202	-0.34025195
15438364241000	9.92656E-4	0.07826711	-0.5833763
15438373980000	0.099952824	0.10514518	-0.806953
15438384032000	0.21235204	0.117362484	-0.9999864
15438394058000	0.35895967	0.07460192	-1.1221595
15438404105000	0.55443656	-0.007254025	-1.2125676
15438414143000	0.760909	-0.10010554	-1.287093
15438424188000	1.055346	-0.18807013	-1.6389514
15438434208000	1.0797807	-0.16119206	-2.0103576
15438444272000	0.9771553	-0.065897085	-2.424524
15438454298000	0.7230354	0.10147999	-2.842356
15438464359000	0.41271582	0.32872185	-3.1526756
15438474369000	0.1952478	0.5278639	-3.2797356
15438484436000	0.19036089	0.618272	-3.3628132
15438494463000	0.36629006	0.6292676	-3.4703255
15438504527000	0.6924921	0.57184625	-3.55829
15438514548000	1.0724503	0.44112107	-3.5973854
15438524607000	1.4169782	0.28718302	-3.6047158
15438534628000	1.6332246	0.17234036	-3.616933
15438544698000	1.7187457	0.124692865	-3.6474764
15438554833000	1.5819119	0.14668402	-3.6755762
15438564842000	1.463404	0.19433151	-3.722002
15438574904000	1.3473396	0.23953554	-3.7562103
15438584989000	1.2544881	0.2786309	-3.7794232
15438595032000	1.2276101	0.350713	-3.8356228
15438605102000	1.2202797	0.31161764	-3.8527272
15438615222000	1.2361622	0.24686591	-3.743993
15438625260000	1.2471578	0.18333593	-3.6364808
15438635311000	1.2496012	0.15890132	-3.5375206
15438645358000	1.2031754	0.1381319	-3.4165692
15438655540000	1.1042153	0.16012305	-3.287066
15438665423000	0.96127284	0.23464862	-3.1722233
15438675557000	0.652175	0.4191299	-2.8350255
15438685549000	0.54588443	0.46922088	-2.6456573
15438695582000	0.48235446	0.49365547	-2.4770586
15438705606000	0.4359287	0.491212	-2.2828035
15438715611000	0.40416372	0.45578182	-2.0189097
15438725649000	0.38461602	0.42157337	-1.704925
15438735668000	0.3552945	0.3946953	-1.3579534
15438745687000	0.32841644	0.34338263	-1.0268645
15438755705000	0.28565586	0.29817858	-0.73364913
15438765721000	0.21601722	0.25175285	-0.462425
15438775742000	0.09873109	0.2260965	-0.19975294
15438785776000	-0.03810272	0.21754439	0.07513642
15438795803000	-0.18715385	0.2224313	0.33658674
15438805824000	-0.48892128	0.20777054	0.93279123
15438815859000	-0.5903249	0.20044015	1.2809844
15438825876000	-0.6269768	0.15645786	1.6450601
15438835907000	-0.6159812	0.059941154	1.9761491
15438845927000	-0.5610034	-0.081779584	2.3060162
15438855958000	-0.4534911	-0.25282186	2.6090055
15438865979000	-0.33620495	-0.383547	2.8728993
15438876005000	-0.28367054	-0.4311945	3.0757065
15438886029000	-0.37041342	-0.42264238	3.2088752
15438896064000	-0.58421624	-0.3151301	3.3151658
15438906079000	-0.85666215	-0.16730072	3.404352
15438916111000	-1.1144472	-0.04268421	3.4910948
15438926127000	-1.3111459	0.028176159	3.5717292
15438936159000	-1.4125495	0.0012980887	3.7818668
15438946178000	-1.3429109	-0.12942708	3.902818
15438956208000	-1.2439507	-0.29802588	3.9920044
15438966252000	-1.152321	-0.45196393	4.0274343
15438976288000	-1.0912344	-0.50083315	4.1422772
15438986304000	-1.070465	-0.5057201	4.1813726
15438996337000	-1.0887909	-0.45685086	4.20092
15439006358000	-1.1010083	-0.4067599	4.1386123
15439016401000	-1.1352167	-0.3664428	3.9736784
15439026432000	-1.1694251	-0.3151301	3.849062
15439036468000	-1.1767555	-0.37377316	3.7549887
15439046495000	-1.0900127	-0.41531202	3.5863898
15439056530000	-0.9336312	-0.47395507	3.335935
15439066559000	-0.64163756	-0.82337	2.4501805
15439076583000	-0.8639925	-0.85757846	1.8307631
15439086604000	-1.401554	-0.60834545	1.2846496
15439096635000	-1.9501109	-0.18807013	1.1282681
15439106655000	-2.231109	0.10636691	1.3420709
15439116691000	-2.1834614	0.2260965	1.5167783
15439126717000	-1.8584812	0.1698969	1.4801265
15439136745000	-1.3575716	-0.0463494	1.3078625
15439146770000	-0.80534947	-0.3346778	1.201572
15439156791000	-0.32643113	-0.6181193	1.2443326
15439166820000	0.051083606	-0.87468266	1.3787229
15439176845000	0.27343854	-0.9870819	1.4214834
15439186867000	0.32475123	-0.9149998	1.323745
15439196911000	-0.107741356	-0.42264238	0.89858276
15439206930000	-0.43638685	-0.1782963	0.6407976
15439216960000	-0.6831764	-0.021914791	0.37201694
15439226986000	-0.7931322	0.05505423	0.14721853
15439237019000	-0.76381063	0.045280386	-0.01038471
15439247044000	-0.60376394	-0.0035888334	-0.1423316
15439257075000	-0.3655265	-0.051236324	-0.24373524
15439267097000	-0.11385001	-0.083001316	-0.34880406
15439277109000	0.10361802	-0.007254025	-0.45631635
15439287179000	0.24900395	-0.051236324	-0.589485
15439297216000	0.32597297	0.00496328	-0.7519751
15439307242000	0.33574682	0.07704538	-0.9315695
15439317275000	0.31619912	0.15034921	-1.1087204
15439327321000	0.3552945	0.2664136	-1.4349225
15439337364000	0.52144986	0.23953554	-1.5216653
15439347391000	0.7780132	0.13935363	-1.591304
15439357423000	0.9869292	0.088040955	-1.7611245
15439367463000	1.0638982	0.15279266	-2.0018053
15439377518000	0.9844857	0.3226132	-2.2815816
15439387522000	0.80489135	0.5107597	-2.5357015
15439397567000	0.652175	0.6524804	-2.6871963
15439407578000	0.64606637	0.7050148	-2.7885997
15439417613000	0.8000044	0.7025714	-2.9107728
15439427642000	1.0406853	0.69524103	-3.0231721
15439437698000	1.3229051	0.69401926	-3.1123583
15439447712000	1.5550338	0.71601045	-3.1722233
15439457754000	1.7773888	0.71234524	-3.2736268
15439467771000	1.7920495	0.6866889	-3.3249395
15439477803000	1.7700584	0.6524804	-3.3957999
15439487832000	1.749289	0.6109416	-3.5008688
15439497871000	1.7126371	0.5987243	-3.6205983
15439507895000	1.6112335	0.62315893	-3.6975672
15439517925000	1.4719561	0.6659195	-3.7207801
15439527955000	1.3339006	0.73067117	-3.735441
15439538004000	1.200732	0.7575493	-3.6987891
15439548023000	1.1091022	0.7392233	-3.5851681
15439558053000	1.0638982	0.69768447	-3.4654386
15439568076000	1.0651199	0.6659195	-3.3481524
15439578106000	1.0700068	0.63781965	-3.2039883
15439588133000	1.0382419	0.5596289	-2.8325822
15439598162000	0.99425954	0.5241987	-2.6212227
15439608185000	0.94294685	0.4985424	-2.3768766
15439618214000	0.90262973	0.4545601	-2.126422
15439628244000	0.85376054	0.4179082	-1.9040669
15439638278000	0.7938957	0.39225185	-1.6988163
15439648324000	0.7401396	0.36170858	-1.4886786
15439658370000	0.67660964	0.30917418	-1.260215
15439668406000	0.5776495	0.24808764	-1.0048733
15439678429000	0.46158504	0.16745344	-0.73853606
15439688516000	0.32230777	0.07338019	-0.47586402
15439698559000	0.19402607	-0.0035888334	-0.23640485
15439708565000	0.07429648	-0.06345363	-6.1086525E-4
15439718599000	-0.19937114	-0.09521862	0.4746423
15439728633000	-0.32765284	-0.10377073	0.7141015
15439738678000	-0.4339434	-0.1428661	0.9645562
15439748735000	-0.51213413	-0.21983513	1.215011
15439758775000	-0.56466854	-0.3151301	1.4398094
15439768802000	-0.61964643	-0.4030947	1.6548339
15439778827000	-0.6819547	-0.45929432	1.8784106
15439788856000	-0.739376	-0.44952047	2.1239784
15439798870000	-0.7906887	-0.39698604	2.3671029
15439808896000	-0.82489717	-0.34322992	2.574797
15439818918000	-0.87254465	-0.29680416	2.7519479
15439828932000	-0.9348529	-0.27603474	2.937651
15439838955000	-0.98127866	-0.27725646	3.140458
15439848973000	-0.96417445	-0.42264238	3.4703255
15439858992000	-0.92141384	-0.52038085	3.6034942
15439869016000	-0.9018662	-0.5668066	3.7207801
15439879049000	-0.94340503	-0.57047176	3.8612792
15439889061000	-1.0264827	-0.5643631	3.9858956
15439899075000	-1.1132256	-0.56925005	4.061643
15439909088000	-1.1779773	-0.56802833	4.10196
15439919113000	-1.2072988	-0.6181193	4.174042
15439929134000	-1.184086	-0.68164927	4.1899247
15439939155000	-1.152321	-0.7207446	4.133725
15439949175000	-1.1071169	-0.7219664	4.1508293
15439959196000	-0.99838287	-0.75006616	4.2229114
15439969234000	-0.8639925	-0.8074875	4.1044035
15439979241000	-0.73082393	-0.8307004	3.808745
15439989310000	-0.5781076	-0.8282569	3.6939023
15439999338000	-0.6147595	-0.7354054	3.517973
15440009366000	-0.72471523	-0.5826891	3.327383
15440019392000	-0.8224537	-0.45196393	3.133128
15440029438000	-0.83711445	-0.34567338	2.8386908
15440039462000	-0.7943539	-0.27359128	2.4404066
15440049486000	-0.75281507	-0.20761782	2.1288655
15440059526000	-0.69295025	-0.18318321	1.8881844
15440069554000	-0.60376394	-0.14042264	1.6255124
15440079575000	-0.50113857	-0.04024075	1.318858
15440089606000	-0.39606977	0.040393464	1.0268645
15440099633000	-0.34475708	-0.007254025	0.7507534
15440109661000	-0.39606977	-0.059788436	0.18387043
15440119691000	-0.19937114	0.18455766	0.06291912
15440129728000	0.20013472	0.3983605	-0.30848694
15440139755000	0.28443414	0.48143816	-0.57604593
15440149783000	0.15737416	0.48510337	-0.6933321
15440159830000	0.08407033	0.40446916	-0.7812967
15440169849000	0.12560916	0.29206994	-0.92179567
15440179883000	0.1866957	0.23831381	-1.0525209
15440189920000	0.26122126	0.24320072	-1.2198979
15440199946000	0.3675118	0.24808764	-1.4202617
15440209965000	0.44814602	0.22120957	-1.6377298
15440220005000	0.48846313	0.19799669	-1.8698585
15440230032000	0.57276255	0.1735621	-2.0616703
15440240061000	0.7596873	0.110032104	-2.1923954
15440250092000	1.1188761	-0.09399689	-2.969416
15440260121000	1.0419071	0.03306308	-3.4080172
15440270145000	0.88919073	0.1821142	-3.6389244
15440280189000	0.7804567	0.28107437	-3.798971
15440290206000	0.78290015	0.35193473	-4.006665
15440300256000	0.9050732	0.40324742	-4.1960335
15440310277000	1.10055	0.41668645	-4.3499713
15440320286000	1.2874749	0.40569088	-4.436714
15440330325000	1.436526	0.39713877	-4.470923
15440340390000	1.5428165	0.39347357	-4.459927
15440350411000	1.635668	0.37759107	-4.428162
15440360432000	1.685759	0.36415204	-4.3768497
15440370466000	1.6613244	-0.007254025	-4.319428
15440380492000	1.5159385	0.28473955	-4.0640864
15440390537000	1.4353043	0.22120957	-3.8906007
15440400567000	1.3693308	0.17967074	-3.780645
15440410599000	1.2569315	0.13080151	-3.663359
15440420631000	1.0748937	0.10147999	-3.4348953
15440430674000	0.87086475	0.12224941	-3.2748485
15440440734000	0.67660964	0.20044015	-3.2100968
15440450725000	0.5055674	0.28473955	-3.0305026
15440460764000	0.36506835	0.31650457	-2.6774223
15440470787000	0.30886874	0.27740917	-2.3976462
15440480810000	0.33330336	0.20410535	-2.1972823
15440490858000	0.34552065	0.118584216	-1.922393
15440500877000	0.26855165	0.02939789	-1.5436565
15440510900000	-0.06375906	-0.034132097	-0.75686204
15440520939000	-0.2140319	-0.035353824	-0.42455134
15440530983000	-0.33620495	0.0012980887	-0.10567969
15440541048000	-0.4217261	0.050167307	0.2669481
15440551052000	-0.49136472	0.07582365	0.6627888
15440561060000	-0.5304601	0.046502117	1.087951
15440571133000	-0.5500078	-0.054901514	1.5167783
15440581109000	-0.5597816	-0.19906572	1.9358319
15440591212000	-0.6000987	-0.3310126	2.3084598
15440601280000	-0.7051676	-0.40065125	2.6603181
15440611278000	-0.8432231	-0.4348597	3.0537155
15440628686000	-0.96173096	-0.46540296	3.4385605
15440631384000	-1.0240393	-0.4825072	3.9321396
15440641442000	-1.1083386	-0.42997277	4.0909643
15440651480000	-1.1804208	-0.40553817	4.226577
15440661531000	-1.2647201	-0.3994295	4.3450847
15440671601000	-1.3661238	-0.4116468	4.3988404
15440681641000	-1.4748578	-0.38110355	4.404949
15440691692000	-1.5518268	-0.33223432	4.4721446
15440701740000	-1.5444964	-0.383547	4.4843616
15440711884000	-1.4382058	-0.4715116	4.459927
15440722592000	-1.2634984	-0.5826891	4.3450847
15440732083000	-1.0912344	-0.62911487	4.1850376
15440741995000	-0.9837221	-0.58757603	4.0860777
15440751961000	-0.9678396	-0.49228102	4.0225477
15440761997000	-1.2146292	-0.22105686	3.4959817
15440772020000	-1.3905584	-0.14775303	3.3078353
15440782050000	-1.3893366	-0.30413455	3.1758883
15440792056000	-1.2378421	-0.6315583	2.8667905
15440802100000	-1.1816424	-0.6718754	2.4904976
15440812142000	-1.1828642	-0.43974662	2.3280075
15440822197000	-1.1413254	-0.04757113	2.3561072
15440832193000	-0.9678396	0.17234036	2.2314909
15440842228000	-0.7210501	0.21632266	1.9407189
15440852295000	-0.46448666	0.08926269	1.7159204
15440862272000	-0.2567925	-0.10743593	1.5546521
15440872287000	-0.16394097	-0.15141822	1.3665055
15440882334000	-0.14194982	-0.07689266	1.0769554
15440892383000	-0.16638441	0.058719423	0.45631635
15440902370000	-0.17860173	0.07704538	0.16187929
15440912478000	-0.18715385	0.08926269	-0.14355333
15440922418000	-0.18471038	0.13080151	-0.43310347
15440932444000	-0.15050192	0.18944459	-0.70432764
15440942467000	-0.08208502	0.22976169	-0.947452
15440952483000	0.03397938	0.24686591	-1.1771374
15440962513000	0.16836974	0.26152667	-1.3946054
15440972632000	0.2954297	0.27130052	-1.5839735
15440982556000	0.45425466	0.2260965	-1.7195857
15440992569000	0.7413613	0.06116288	-1.8197676
15441002605000	0.9551642	-0.041462477	-1.9346102
15441012619000	0.9673815	0.036728274	-2.1386392
15441022653000	0.83787805	0.2224313	-2.8325822
15441032669000	0.479911	0.6512587	-3.1392365
15441042692000	0.4359287	0.75021887	-3.3249395
15441052712000	0.543441	0.7673231	-3.4581082
15441062741000	0.75357866	0.75266236	-3.6108243
15441072756000	0.99792475	0.7709883	-3.7317758
15441082783000	1.2447143	0.8076402	-3.8282926
15441092806000	1.4682909	0.83329654	-3.9015963
15441102827000	1.67232	0.8589529	-3.9895608
15441112858000	1.8335884	0.90782213	-4.1044035
15441122889000	1.8983401	0.98479116	-4.2143593
15441132920000	1.8458056	1.1020772	-4.290107
15441142942000	1.6906459	1.2376894	-4.309654
15441152976000	1.4438564	1.3769666	-4.302324
15441163012000	0.73280925	1.6885079	-4.0958514
15441173040000	0.43837216	1.8241199	-4.006665
15441183072000	0.26366472	1.9157498	-3.849062
15441193101000	0.23678663	1.9609538	-3.6364808
15441203172000	0.29176453	1.9438496	-3.4080172
15441213160000	0.3198643	1.8644371	-3.1453452
15441223184000	0.2587778	1.7276033	-2.8154778
15441233209000	0.08407033	1.5907694	-2.5014932
15441243232000	-0.18837558	1.488144	-2.2779164
15441253258000	-0.52068627	1.456379	-2.1545217
15441263293000	-0.9006444	1.4905876	-2.0494528
15441273308000	-1.2732723	1.5467871	-1.9052887
15441283336000	-1.5921439	1.5993216	-1.7208074
15441293362000	-1.995315	1.5748869	-1.3738359
15441303402000	-2.1333704	1.5089135	-1.1930199
15441313420000	-2.2946389	1.4453835	-1.0158689
15441323445000	-2.515772	1.4136186	-0.84482664
15441333470000	-2.8016572	1.4185054	-0.6835582
15441343489000	-3.1046462	1.4490488	-0.5381723
15441353517000	-3.358766	1.6665168	-0.3622431
15441363538000	-3.55913	1.874211	-0.1386664
15441373568000	-3.8046978	1.8986455	-0.08368854
15441383591000	-4.018501	1.8864282	-0.16676621
15441393616000	-4.16633	1.8131244	-0.20952678
15441403647000	-4.2420774	1.6921731	-0.1863139
15441413667000	-4.28606	1.624978	-0.12034045
15441423690000	-4.38502	1.7691422	0.06658431
15441433730000	-4.42778	1.7996854	0.08368854
15441443760000	-4.4949756	1.792355	0.059253927
15441453802000	-4.6452484	1.7520379	0.07147124
15441463842000	-4.890816	1.8546633	0.15332718
15441473872000	-5.1571536	2.0892355	0.14966199
15441483906000	-5.41616	2.2566125	0.05681047
15441493938000	-5.626298	2.327473	-0.020158553
15441503985000	-5.711819	2.3836725	-0.06291912
15441514014000	-5.6641717	2.391003	-0.0983493
15441524057000	-5.4931293	2.3335817	-0.14721853
15441534097000	-5.196249	2.2761602	-0.24495697
15441548644000	-4.1174607	2.0476966	-0.43676865
15441554145000	-3.3954182	1.8119026	-0.54183745
15441564180000	-2.6587145	1.4588226	-0.64934975
15441574203000	-2.0331886	1.1240684	-0.65668017
15441584230000	-1.6116916	0.7954229	-0.539394
15441594262000	-1.4027756	0.48754683	-0.40622538
15441604289000	-1.338024	0.29206994	-0.2938262
15441614314000	-1.3465761	0.13446671	-0.1777618
15441624358000	-1.3575716	0.028176159	-0.03604105
15441634388000	-1.3062589	-0.037797287	0.092240654
15441644404000	-1.2317334	-0.08544478	0.12889257
15441654438000	-1.2647201	0.16256651	0.08979719
15441664471000	-1.1669817	0.42523858	-0.014049901
15441674500000	-0.75281507	0.24075727	-0.084910266
15441684520000	-0.36796996	0.11491902	0.01038471
15441694546000	-0.3826307	-0.056123246	0.054367006
15441704577000	-0.4779257	-0.24549147	0.1020145
15441714631000	-0.5585599	-0.45685086	0.115453534
15441724648000	-0.55611646	-0.728075	0.08857546
15441734670000	-0.49502993	-0.9907471	-0.007941248
15441744686000	-0.44249552	-1.1459068	-0.12156218
15441754719000	-0.4095088	-1.1520154	-0.21319197
15441764744000	-0.37041342	-1.0738248	-0.26816985
15441774765000	-0.2946661	-0.86979574	-0.31337386
15441784786000	-0.33253977	-0.6987535	-0.27550024
15441794800000	-0.4376086	-0.44219008	-0.17165314
15441804833000	-0.5182428	-0.04390594	-6.1086525E-4
15441814856000	-0.41928264	0.99823016	0.60048056
15441824882000	-0.4217261	1.0971904	0.6261369
15441834917000	-0.36063957	0.90171343	0.4831944
15441844926000	-0.26290113	0.5608507	0.29626966
15441854957000	-0.13828462	0.11247557	0.12767084
15441864975000	-0.051541757	-0.33223432	-0.01038471
15441875000000	-0.13461943	-0.6657668	-0.054367006
15441885026000	-0.29955304	-0.7806094	0.022602014
15441895053000	-0.43883032	-0.6840927	0.15943582
15441905078000	-0.60865086	-0.46784642	0.25717425
15441915096000	-0.73204565	-0.24060455	0.3036
15441925120000	-0.73326737	-0.089109965	0.2657264
15441935170000	-0.6538549	-0.054901514	0.17898351
15441945188000	-0.2494621	-0.18073976	-0.045814894
15441955201000	0.005879578	-0.24549147	-0.14355333
15441965215000	0.23434319	-0.22472206	-0.24251351
15441975271000	0.40905064	-0.25648704	-0.33536503
15441985293000	0.5202281	-0.42264238	-0.43554693
15441995345000	0.56543213	-0.5264895	-0.5503896
15442005382000	0.47624582	-0.7060839	-0.67256266
15442015409000	0.4395939	-0.94309956	-0.7874053
15442025483000	0.53000194	-1.1422416	-0.8912524
15442035527000	0.38828123	-1.1165853	-0.8436049
15442045549000	0.2514474	-0.91011286	-0.6750061
15442055568000	-0.06253733	-0.38965568	-0.3036
15442065587000	-0.57077724	0.16745344	0.1459968
15442075616000	-1.1352167	0.2505311	0.7849618
15442085631000	-1.1938598	0.14424056	0.72509706
15442095671000	-1.261055	0.12347114	0.47586402
15442105691000	-1.2757157	0.13446671	0.24740042
15442115713000	-1.2781591	0.31772628	0.18509217
15442125746000	-1.2683853	0.45211664	0.23151793
15442135777000	-1.1889728	0.40324742	0.29871312
15442145789000	-1.0851258	0.31528282	0.36835176
15442155822000	-0.9006444	0.14424056	0.3549127
15442165851000	-0.5377905	-0.10865766	0.28771752
15442175881000	-0.1651627	-0.26259568	0.27305678
15442185907000	0.042531494	-0.2906955	0.2180789
15442195948000	0.10728321	-0.20517437	0.12644911
15442205962000	0.20257819	0.072158456	0.009162978
15442215991000	0.34063372	0.11980595	-0.015271631
15442226053000	0.43348524	0.12102768	-0.086132
15442236057000	0.0071013086	0.13446671	-0.14355333
15442246081000	0.35040757	0.2224313	-0.1423316
15442256121000	0.24778222	0.38858664	-0.10445796
15442266148000	0.16959146	0.53275084	-0.086132
15442276182000	0.10972667	0.58772874	-0.07513642
15442286208000	0.06330091	0.58895046	-0.055588737
15442296241000	0.0388663	0.6121633	-0.021380283
15442306281000	0.009544769	0.6903541	0.023823744
15442316296000	0.17325665	0.81741405	0.01160644
15442326329000	0.38095084	0.73067117	-0.10323623
15442336368000	0.38828123	0.37636936	-0.029932396
15442346678000	0.37728566	0.31283936	-0.004276057
15442356442000	0.34918585	0.22853996	-0.026267206
15442366454000	0.3027601	0.12347114	-0.031154128
15442376492000	0.24045183	0.05261077	-0.009162978
15442386515000	0.14637859	0.007406741	0.025045475
15442396552000	0.016875152	0.024510968	0.049480084
15442406581000	-0.15172365	0.09048442	0.044593163
15442416607000	-0.32276592	0.2138792	0.0030543262
15442426651000	-0.34720054	0.2932917	0.055588737
15442436685000	-0.27023152	0.2505311	0.08002335
15442446758000	-0.19204076	0.08315403	0.07880162
15442456807000	-0.11018482	-0.07322747	0.12034045
15442467969000	0.123165704	-0.33589953	0.17531833
15442476811000	0.23678663	-0.4702899	0.17165314
15442487028000	0.35773796	-0.58146733	0.19364429
15442496871000	0.44814602	-0.6364452	0.22174409
15442507954000	0.479911	-0.58635426	0.22418754
15442516933000	0.4359287	-0.43241623	0.18997909
15442527199000	0.35773796	-0.28336513	0.19486602
15442537564000	0.28809932	-0.15630515	0.258396
15442547386000	0.20868684	7.6358156E-5	0.28527406
15442557077000	0.08651379	0.13080151	0.27916542
15442567109000	-0.016111571	0.20166188	0.27183503
15442577120000	-0.05642868	0.2260965	0.2510656
15442587215000	-0.083306745	0.21143574	0.19608775
15442597346000	-0.1651627	0.16500998	0.070249505
15442607355000	-0.16638441	0.095371336	-0.0030543262
15442617513000	-0.14683673	-0.029245174	-0.049480084
15442627316000	-0.12484559	-0.14897476	-0.069027774
15442637353000	-0.091858864	-0.16241379	-0.07513642
15442647819000	-0.030772336	-0.06834055	-0.03604105
15442657551000	0.027870728	-0.05245805	0.029932396
15442667520000	0.041309763	-0.08788824	0.06658431
15442677736000	0.024205536	-0.12942708	0.054367006
15442687563000	-0.003894266	-0.007254025	0.018936822
15442697592000	0.020540344	-0.10865766	-0.03359759
15442707617000	0.05352707	-0.11110111	-0.06047566
15442717652000	0.093844175	-0.12087496	-0.044593163
15442727646000	0.124387436	-0.20883955	0.05681047
15442737655000	0.19402607	-0.3151301	0.09590584
15442748164000	0.25633433	-0.39820778	0.12644911
15442757754000	0.28932106	-0.48983756	0.12034045
15442767747000	0.30764702	-0.53381985	0.086132
15442777767000	0.29054278	-0.5313764	0.047036625
15442787785000	0.26244298	-0.45318565	0.01282817
15442797806000	0.20990857	-0.4030947	-0.014049901
15442807842000	0.17814358	-0.38843393	-0.032375857
15442817865000	0.16103935	-0.39332086	-0.0421497
15442827890000	0.16714801	-0.39698604	-0.050701816
15442837913000	0.20013472	-0.40065125	-0.03726278
15442847942000	0.24411702	-0.38476875	-0.025045475
15442857989000	0.26977336	-0.32490396	0.049480084
15442868014000	0.24778222	-0.29802588	0.08735373
15442878058000	0.23067799	-0.26503915	0.11056661
15442888066000	0.20379992	-0.23816109	0.12156218
15442898085000	0.16226108	-0.24549147	0.0983493
15442908123000	0.12560916	-0.2674826	0.07269296
15442918145000	0.10728321	-0.2662609	0.050701816
15442928171000	0.10606148	-0.26992607	0.022602014
15442938207000	0.11827879	-0.29924762	-0.007941248
15442948215000	0.14393513	-0.3310126	-0.026267206
15442958259000	0.17203492	-0.35056028	-0.06658431
15442968269000	0.17570011	-0.32979086	-0.08735373
15442978409000	0.1549307	-0.27236953	-0.06291912
15442988309000	0.14026994	-0.20761782	0.029932396
15442998318000	0.1427134	-0.19417879	0.03726278
15443008362000	0.18425223	-0.20517437	0.028710667
15443018379000	0.21357377	-0.22838724	0.004276057
15443028439000	0.23434319	-0.26992607	0.03359759
15443038423000	0.25389087	-0.2943607	0.028710667
15443048430000	0.275882	-0.007254025	0.007941248
15443058535000	0.2868776	-0.30779973	-0.0018325958
15443068539000	0.30886874	-0.32490396	-0.01038471
15443078539000	0.33330336	-0.338343	-0.016493361
15443088576000	0.33696854	-0.34933856	-0.020158553
15443098619000	0.3186426	-0.3591124	-0.016493361
15443108860000	0.2990949	-0.34933856	-0.021380283
15443118672000	0.26366472	-0.35056028	-0.047036625
15443128694000	0.16836974	-0.26503915	-0.045814894
15443138735000	0.10972667	-0.21250474	-6.1086525E-4
15443148745000	0.06574437	-0.15752688	0.016493361
15443158837000	0.022983804	-0.083001316	0.015271631
15443168867000	-0.03443753	-0.01947133	0.005497787
15443178886000	-0.37041342	0.08437576	0.0018325958
15443188992000	-0.51335585	0.47655123	0.014049901
15443198937000	-0.2580142	0.5022076	0.06169739
15443208978000	-0.029550606	0.24320072	0.04337143
15443218987000	0.14026994	0.019624045	0.016493361
15443229034000	0.2673299	-0.12698361	-0.005497787
15443239118000	0.32475123	-0.2503784	0.0030543262
15443249074000	0.33330336	-0.29924762	0.016493361
15443259092000	0.19769126	-0.2467132	0.07391469
15443269117000	0.029092457	-0.12331842	0.0983493
15443279128000	-0.13217597	0.030619621	0.09101892
15443289147000	-0.22624922	0.16867517	0.07513642
15443299421000	-0.26290113	0.26152667	0.06414085
15443309263000	-0.2567925	0.32872185	0.059253927
15443319282000	-0.22380576	0.4020257	0.044593163
15443329285000	-0.20303634	0.4264603	0.049480084
15443340224000	-0.19448422	0.4191299	0.06414085
15443349401000	-0.21036673	0.39591703	0.08246681
15443361053000	-0.22991441	0.38125628	0.09468412
15443369461000	-0.23846652	0.3946953	0.09590584
15443379463000	0.0071013086	0.4179082	0.093462385
15443389490000	-0.2457969	0.4789947	0.099571034
15443399534000	-0.2567925	0.5632941	0.11178834
15443409582000	-0.2580142	0.62071544	0.1142318
15443419631000	-0.23724478	0.63781965	0.10567969
15443429748000	-0.20425807	0.60483295	0.09101892
15443439707000	-0.17738	0.5742897	0.084910266
15443452903000	-0.17982346	0.5571855	0.08857546
15443459798000	-0.18593211	0.54985505	0.077579886
15443472753000	-0.17738	0.5107597	0.08124508
15443479791000	-0.15416712	0.45944703	0.08735373
15443489812000	-0.122402124	0.41302127	0.004276057
15443499834000	-0.07475463	0.38492146	0.08246681
15443509868000	-0.024663685	0.37148243	0.08979719
15443520389000	0.03520111	0.40324742	0.08124508
15443529928000	0.018096883	0.41546473	0.069027774
15443540064000	0.020540344	0.40691262	0.06780604
15443550005000	0.047418416	0.36293033	0.1020145
15443560034000	0.0828486	0.30795243	0.1301143
15443570211000	0.10606148	0.23098342	0.13622294
15443580123000	0.11950051	0.14546229	0.13988814
15443590206000	0.12072224	0.058719423	0.17287487
15443601539000	0.13171782	-0.0023671028	0.22174409
15443610257000	0.1390482	-0.07078401	0.27305678
15443620332000	0.13416128	-0.13553573	0.3390302
15443630295000	0.12560916	-0.1905136	0.42943826
15443640333000	0.115835324	-0.23205243	0.5296202
15443651209000	0.108504936	-0.3468951	0.61269784
15443661496000	0.05352707	-0.39209914	0.5564982
15443670467000	-0.01366811	-0.40065125	0.48075095
15443680476000	-0.084528476	-0.43730316	0.44776422
15443690513000	-0.16760615	-0.53748506	0.45998153
15443700538000	-0.22380576	-0.6462191	0.004276057
15443710536000	-0.19448422	-0.67798406	0.46609017
15443721296000	-0.14317155	-0.007254025	0.5308419
15443731225000	-0.106519625	-0.60590196	0.589485
15443741250000	-0.08086329	-0.5460372	0.6310238
15443751406000	-0.055206947	-0.49716794	0.6921103
15443761342000	-0.016111571	-0.4556291	0.7360926
15443771381000	0.037644573	-0.3395647	0.75808376
15443781402000	0.03397938	-0.2662609	0.7360926
15443791449000	0.03153592	-0.19295706	0.70066243
15443802227000	-0.0173333	-0.17340937	0.6627888
15443811550000	-0.10285444	-0.15141822	0.61636305
15443821635000	-0.1651627	-0.07689266	0.602924
15443831634000	-0.19326249	0.06727154	0.5723807
15443841654000	-0.15416712	0.1381319	0.48441613
15443851695000	-0.07841983	0.118584216	0.40866885
15443861728000	-0.027107146	0.072158456	0.3744604
15443871737000	0.020540344	0.035506543	0.3585779
15443881773000	0.08651379	0.06604981	0.3390302
15443891837000	0.13782647	0.03795	0.35246924
15443901903000	0.1109484	0.017180584	0.3390302
15443911872000	0.03642284	-0.03901902	0.3830125
15443921869000	-0.058872137	-0.14897476	0.4392121
15443931883000	-0.11018482	-0.27603474	0.51251596
15443941932000	-0.10285444	-0.39332086	0.59315014
15443952522000	-0.05642868	-0.50083315	0.63591075
15443962467000	0.04008803	-0.5460372	0.6444628
15443972480000	0.15981762	-0.51671565	0.6469063
15443982963000	0.25755605	-0.44829872	0.64934975
15443992532000	0.30886874	-0.36522105	0.6603453
15444002547000	0.29787317	-0.31390837	0.64934975
15444012583000	0.27832547	-0.2589305	0.61391956
15444022616000	0.30642527	-0.24060455	0.5858198
15444033795000	0.34307718	-0.31757358	0.63224554
15444043612000	0.37972912	-0.40553817	0.70066243
15444052723000	0.402942	-0.447077	0.7678576
15444062754000	0.40538543	-0.4544074	0.8155051
