230297809443	0.0	-0.0	0.0
230307177000	-0.02027309	0.47742936	-0.06448446
230317245000	-0.01905136	0.41145593	-0.048601966
230327323000	-0.06669885	0.36503017	-0.011950051
230337360000	-0.1290071	0.33204344	0.029588785
230347558000	-0.18520671	0.29294807	0.055245124
230357428000	-0.23163247	0.26118308	0.07479281
230367365000	-0.260954	0.22941808	0.09800569
230377414000	-0.2695061	0.21597904	0.110222995
230387487000	-0.2450715	0.22697462	0.11144473
230397460000	-0.16321556	0.234305	0.0943405
230407744000	-0.13755922	0.23674846	0.11510992
230418155000	-0.14122441	0.25996134	0.14320973
230428292000	-0.16199383	0.25751787	0.15787049
230437839000	-0.18642844	0.22453116	0.17619644
230447743000	-0.17909805	0.21597904	0.18108337
230457613000	-0.15344171	0.21964423	0.1664226
230467661000	-0.12167672	0.25629616	0.12977068
230477710000	-0.11801153	0.3100523	0.096783966
230487712000	-0.13633749	0.3589215	0.07723627
230497705000	-0.15832864	0.37969092	0.07112762
230507737000	-0.17909805	0.3943517	0.072349355
230518123000	-0.18642844	0.3980169	0.07112762
230527976000	-0.15832864	0.3857996	0.08456666
230537885000	-0.12289845	0.37969092	0.08823185
230547888000	-0.08380307	0.37358227	0.08945358
230558147000	-0.0447077	0.38213438	0.10533608
230567937000	-0.02149482	0.37969092	0.13099241
230578640000	-0.008055786	0.36014324	0.1505401
230588080000	0.0041615195	0.33937383	0.1786399
230598694000	0.013935364	0.32959998	0.19330066
230608181000	0.022487476	0.343039	0.19696586
230619247000	0.026152669	0.35769978	0.20551798
230628188000	0.007826711	0.3662519	0.23483951
230638493000	-0.014164438	0.37724748	0.27515662
230648166000	-0.02149482	0.3980169	0.30936506
230658238000	0.007826711	0.36503017	0.34601697
230668222000	0.026152669	0.33937383	0.33746487
230678322000	0.05180901	0.3100523	0.30936506
230688295000	0.073800154	0.28073075	0.2714914
230698604000	0.0066049807	0.2709569	0.23972642
230708343000	0.06036112	-0.0051541757	0.21651354
230718665000	0.04814382	0.26851344	0.22140047
230728396000	0.039591704	0.26118308	0.22873086
230738558000	0.044478625	0.24407884	0.24094816
230748442000	0.06280458	0.21964423	0.24216989
230758626000	0.07013497	0.19276616	0.218957
230768514000	0.054252468	0.15977944	0.18597029
230781073000	0.022487476	0.14145349	0.15420529
230788561000	-0.071585774	0.14878386	0.095562235
230798652000	-0.09357692	0.14756213	0.07601454
230808622000	-0.08258135	0.113353685	0.073571086
230818676000	-0.036155585	0.060819272	0.08823185
230828810000	0.054252468	0.0156152425	0.09922742
230841320000	0.16176476	-0.095562235	0.13587934
230848767000	0.24728589	-0.1945224	0.1823051
230858792000	0.30592895	-0.2543872	0.21529181
230868998000	0.34624606	-0.2947043	0.24216989
230878852000	0.39022836	-0.37167332	0.23728296
230888873000	0.43543237	-0.44619888	0.218957
230899062000	0.47086257	-0.49628982	0.20307451
230909251000	0.4684191	-0.5512677	0.18963549
230919635000	0.34991124	-0.7162013	0.20673971
230928990000	0.27538568	-0.74063593	0.21162663
230939236000	0.21918608	-0.645341	0.19818759
230949043000	0.17886898	-0.53049827	0.17497471
230959155000	0.18009071	-0.40588176	0.15787049
230969107000	0.2790509	-0.30325642	0.12854895
230979145000	0.43421066	-0.34601697	0.09800569
230989153000	0.600366	-0.52561134	0.11633165
230999163000	0.7262042	-0.7308621	0.19818759
231009414000	0.80561674	-0.9116782	0.31180853
231019322000	0.8337165	-1.1095985	0.4303164
231029302000	0.8667033	-1.3954835	0.4950681
231039354000	0.92778975	-1.8585193	0.48895946
231049290000	1.1342622	-3.1718795	0.4950681
231059434000	1.2332224	-3.8523834	0.5537112
231069340000	1.2955307	-4.42171	0.5390504
231079488000	1.3407347	-4.7906723	0.45597273
231089386000	1.3944908	-5.176739	0.43398157
231099476000	1.4494687	-5.605567	0.58058923
231109434000	1.5044465	-5.940321	0.8273788
231119470000	1.4971162	-6.124802	1.0277426
231129535000	1.3419564	-6.0233984	1.0778335
231139523000	1.058515	-5.7973785	1.0399599
231149627000	0.7494171	-5.5334845	0.9629909
231159802000	0.3877849	-5.209726	0.82982224
231169616000	-0.09479865	-4.905515	0.6282367
231179853000	-1.6635005	-3.568942	0.5011768
231189669000	-2.301244	-2.9495246	0.6954319
231199800000	-2.5761333	-2.6013315	0.9153434
231209867000	-2.3757694	-2.418072	1.0607293
231219772000	-1.7942258	-2.3288856	1.1535808
231229842000	-0.99399227	-2.1273	1.1963414
231240027000	-0.103350766	-1.7705548	1.1877893
231249852000	0.73842156	-1.3918183	1.1047117
231260044000	1.3602824	-1.0509555	0.8603655
231269898000	1.729245	-0.65755826	0.4706335
231280031000	1.9430478	-0.24461335	0.029588785
231290126000	2.100651	0.08891907	-0.4505513
231300068000	2.2558107	0.28317422	-0.8317312
231310081000	2.599117	0.41145593	-1.3925055
231320085000	2.8129199	0.35159114	-1.6918294
231330129000	3.0792572	0.15733598	-2.0168097
231340132000	3.3639205	-0.11510992	-2.3320162
231350174000	3.597271	-0.3509039	-2.5665884
231360280000	3.7255526	-0.49140292	-2.6899834
231370241000	3.7634263	-0.5537112	-2.741296
231380277000	3.70967	-0.5439373	-2.6948702
231390536000	3.5984926	-0.51339406	-2.5421538
231400348000	3.478763	-0.5439373	-2.3234642
231410390000	3.3895767	-0.6819929	-2.0913353
231420386000	3.284508	-0.8970174	-1.8848629
231430412000	3.0792572	-1.0900508	-1.6588428
231440422000	2.0432298	-1.0265208	-1.095625
231450459000	1.2552135	-0.799279	-0.8072966
231460482000	0.5319491	-0.6392323	-0.46399033
231470491000	0.022487476	-0.5989152	-0.052267157
231480559000	-0.23041074	-0.6954319	0.39977312
231490544000	-0.30737975	-0.9128999	0.90679127
231501093000	-0.31471014	-1.1914545	1.4810046
231510585000	-0.34036648	-1.4186964	2.1101959
231520873000	-0.4576526	-1.5530868	2.6831875
231530663000	-0.69222486	-1.5787431	3.0729194
231540824000	-0.99399227	-1.597069	3.319709
231550754000	-1.2603295	-1.7314594	3.455321
231560718000	-1.4142675	-2.0014617	3.5567248
231570738000	-1.4594716	-2.3056726	3.8670442
231580857000	-1.3409637	-2.6233227	4.157816
231590788000	-1.2969815	-2.6135488	4.436371
231600891000	-1.353181	-2.4877105	4.602526
231610826000	-1.5181147	-2.3154466	4.601304
231620858000	-1.7832302	-2.1468477	4.404606
231630912000	-2.1204278	-2.0063486	4.1468205
231640908000	-2.4466298	-1.9122754	3.9965477
231650997000	-2.722741	-1.7803286	3.9379046
231660993000	-2.8705704	-1.5982907	3.8743746
231670983000	-2.7655015	-1.5445346	3.7839665
231681019000	-2.3818781	-1.7119117	3.7131062
231691040000	-1.8149952	-2.0344486	3.6984456
231701056000	-1.212682	-2.3643157	3.8670442
231711084000	-0.39045742	-2.757713	4.0979514
231721112000	-0.24751496	-2.7112873	4.2653284
231731155000	-0.39045742	-2.3337724	4.1199427
231741132000	-0.8437194	-1.623947	3.6202548
231751154000	-1.4460325	-0.7662923	2.8701122
231761201000	-1.9225074	-0.06868416	2.104087
231771261000	-1.9921461	0.26484826	1.4089226
231781258000	-1.5474362	0.3870213	0.7552967
231791535000	-0.8754844	0.30150017	0.21284837
231801328000	-0.28538862	0.1060233	-0.12557098
231811411000	0.121447645	-0.034475707	-0.22330943
231821458000	0.31203762	-0.0051541757	-0.15489252
231831380000	0.3438026	0.18421406	-0.044936776
231841367000	0.19841667	0.68390185	-0.114575416
231851395000	0.14832571	0.9795606	-0.44444266
231861497000	0.20208186	1.2972106	-0.9539043
231871442000	0.40855432	1.580652	-1.4450399
231881508000	0.7323129	1.7077119	-1.7675768
231891484000	1.085393	1.6967164	-1.9520581
231901521000	1.3749431	1.6050866	-2.1365395
231911549000	1.5606462	1.5110134	-2.383329
231921561000	1.6363934	1.4450399	-2.6875398
231931613000	1.6315066	1.4279357	-2.990529
231941624000	1.5924112	1.4499269	-3.2739704
231951634000	1.5459853	1.503683	-3.4926603
231961650000	1.5191073	1.5611043	-3.6197202
231971730000	1.5227726	1.5989779	-3.6637025
231981743000	1.5423203	1.6307429	-3.729676
231991736000	1.5398767	1.7736855	-3.791984
232001777000	1.488564	2.0241401	-3.8103101
232011815000	1.3541737	2.3259077	-3.7822104
232021847000	1.1538099	2.5995753	-3.7260108
232031886000	0.9742155	2.7828348	-3.6184986
232041902000	0.8972465	2.8561387	-3.4242432
232051920000	0.9033552	-0.0051541757	-3.2043319
232061963000	0.8862509	2.9758682	-3.017407
232071984000	0.8605946	3.23121	-2.9208903
232082479000	0.7970646	3.4999907	-2.890347
232092038000	0.65900904	3.6490417	-2.7877216
232102656000	0.15076917	3.7308977	-2.4847326
232112119000	-0.14000268	3.728454	-2.3821073
232122148000	-0.41000512	3.7822104	-2.283147
232132153000	-0.6848945	3.8958313	-2.2037346
232142219000	-0.92435366	4.037552	-2.233056
232152235000	-1.0233139	4.0571	-2.2354996
232162406000	-0.9646708	3.9508092	-2.1304307
232172296000	-0.7569766	3.8579576	-2.0180316
232182380000	-0.43443972	3.7761016	-1.975271
232192353000	-0.080137886	3.6184986	-1.9459494
232202402000	0.19719493	3.4230216	-1.898302
232212398000	0.3364722	3.2336533	-1.8702022
232222450000	0.41466296	3.0736067	-1.9337322
232232454000	0.5405012	2.6435575	-1.9288452
232242493000	0.57348794	2.3417902	-1.8091156
232252530000	0.70299137	1.9935969	-1.7370335
232262560000	0.9021334	1.6747253	-1.7187076
232272589000	0.96566343	1.50857	-1.6808339
232282615000	0.75186056	1.5794302	-1.5647695
232292646000	0.3596851	1.7797941	-1.4328226
232302679000	0.05303074	1.9105192	-1.4096097
232312730000	-0.004390594	1.9716058	-1.4364878
232322771000	0.06524804	1.975271	-1.3912838
232332766000	0.19352974	1.9312886	-1.2776629
232342805000	0.34991124	1.8201112	-1.1689289
232352826000	0.50629276	1.6270778	-1.1066206
232362941000	0.51973176	1.1823678	-0.9673433
232372883000	0.3951153	1.0992901	-0.9392435
232382959000	0.23873377	1.1200596	-0.9184741
232392939000	0.0066049807	1.2153546	-0.8353964
232402951000	-0.22185862	1.294767	-0.7547622
232412990000	-0.31959707	1.2874367	-0.73643625
232422999000	-0.2902755	1.1725941	-0.705893
232433041000	-0.22674555	0.9991083	-0.6338109
232443046000	-0.18398498	0.84517026	-0.55317664
232453080000	-0.18765017	0.7437666	-0.4872032
232463106000	-0.22918901	0.6887888	-0.45177302
232473130000	-0.25606707	0.66191065	-0.42856014
232483255000	-0.26217574	0.6215936	-0.40779072
232493187000	-0.17543286	0.40901247	-0.37969092
232503214000	-0.036155585	0.25263095	-0.37724748
232513249000	0.11778246	0.14511867	-0.32471305
232523282000	0.22895993	0.09624945	-0.2465223
232533356000	0.287603	0.08036696	-0.17077501
232543382000	0.26683357	0.097471185	-0.120684065
232553411000	0.1874211	0.1744402	-0.09380599
232563422000	0.067691505	0.26606998	-0.09991465
232573472000	-0.028825203	0.3271565	-0.114575416
232583480000	-0.0728075	0.31982613	-0.11946233
232593537000	-0.059368465	0.23674846	-0.12557098
232603553000	0.026152669	0.1182406	-0.12679271
232613581000	0.13244322	9.5447694E-4	-0.1341231
232623614000	0.2790509	-0.20063105	-0.066927925
232633661000	0.27294222	-0.24461335	-0.03149774
232643709000	0.20330359	-0.2385047	-0.022945626
232653713000	0.115338996	-0.23117432	-0.05837581
232663724000	0.05180901	-0.21773528	-0.08769734
232673743000	0.009048441	-0.2262874	-0.097471185
232683755000	-0.015386168	-0.24583508	-0.08769734
232693783000	-0.032490395	-0.27760008	-0.05837581
232703816000	-0.017829629	-0.3154737	-0.027832547
232713815000	0.024930937	-0.3264693	0.008819367
232723832000	0.07624362	-0.30936506	0.0381409
232733846000	0.120225914	-0.25683066	0.051579934
232743867000	0.1519909	-0.19574413	0.06990589
232753887000	0.26072493	-0.18108337	0.12977068
232763908000	0.3401374	-0.23606125	0.15542702
232773930000	0.43421066	-0.32036063	0.19207893
232783946000	0.5282839	-0.42420775	0.20673971
232793974000	0.61380506	-0.51583755	0.19207893
232803989000	0.6675612	-0.58425444	0.16031395
232814020000	0.64312655	-0.5793675	0.1346576
232824035000	0.5661575	-0.5195027	0.14076626
232834063000	0.47208428	-0.46574658	0.13587934
232844100000	0.4036674	-0.44986406	0.11388819
232854128000	0.35479817	-0.47796386	0.09311877
232864133000	0.31814626	-0.5390504	0.08090147
232874148000	0.29737684	-0.608689	0.078458
232884167000	0.21063398	-0.6600017	0.073571086
232894232000	0.16787341	-0.5793675	0.07479281
232904224000	0.12877803	-0.4510858	0.08090147
232914271000	0.06402631	-0.32036063	0.08578839
232924267000	0.038369972	-0.24950027	0.08334493
232934290000	0.097013034	-0.28493047	0.04180609
232944312000	0.20941225	-0.41932082	-0.014393512
232954339000	0.34624606	-0.5744806	-0.044936776
232964376000	0.4757495	-0.65389305	-0.016836973
232974398000	0.5441664	-0.63434535	0.033253975
232984403000	0.48674506	-0.5402721	0.06013205
232994443000	0.3242549	-0.38144717	0.07112762
233004467000	0.12877803	-0.22506566	0.07601454
233014486000	-0.102129035	-0.049136475	0.08456666
233024504000	-0.1009073	-0.06013205	0.06990589
233034526000	-0.0728075	-0.09311877	0.04547128
233044540000	-0.07769442	-0.11144473	0.025923593
233054582000	-0.11312461	-0.079679735	0.008819367
233064585000	-0.16810247	-0.01614975	-0.013171782
233074617000	-0.21086305	0.05837581	-0.026610818
233084645000	-0.21208477	0.09991465	-0.03271947
233094706000	-0.19009362	0.1060233	-0.03149774
233106402000	-0.15221998	0.07670177	-0.021723894
233114747000	-0.12412018	0.042493314	0.0075976364
233124769000	-0.116789795	-0.0051541757	0.029588785
233134800000	-0.109459415	-0.04547128	0.043027822
233145021000	-0.11434634	-0.07601454	0.032032248
233154854000	-0.11068115	-0.01614975	0.029588785
233164902000	0.0066049807	0.03149774	0.043027822
233174927000	-0.102129035	0.06326273	0.06257551
233185015000	-0.085024804	0.08036696	0.06013205
233195095000	-0.06669885	0.08769734	0.047914743
233205020000	-0.034933858	0.068149656	0.028367056
233215054000	-0.006834055	0.0156152425	-0.0070631295
233225078000	0.040813435	-0.09189704	-0.074258305
233235102000	0.08113054	-0.17741817	-0.11213195
233245142000	0.097013034	-0.22140047	-0.10357984
233255173000	0.114117265	-0.2543872	-0.090140805
233265210000	0.14954744	-0.28493047	2.6725355E-4
233275232000	0.20208186	-0.33990833	-0.097471185
233285273000	0.20574705	-0.42909464	-0.15489252
233295294000	0.24117723	-0.6062456	-0.24163538
233305340000	0.30470723	-0.83348745	-0.30027846
233315364000	0.40122393	-1.0155253	-0.32104787
233325403000	0.52095354	-1.1523591	2.6725355E-4
233335410000	0.7200956	-1.3979269	-0.3662519
233345699000	1.02675	-1.7864373	-0.40168208
233355470000	1.425034	-2.2360342	-0.37969092
233365520000	1.8318703	-2.6453137	-0.3344869
233375637000	2.1397464	-3.0472631	-0.30760884
233385584000	2.1519637	-3.1926491	-0.30883056
233395600000	1.8758526	-2.9629636	-0.34914768
233405640000	1.130597	-1.8805104	-0.38335612
233415664000	0.8972465	-1.5347607	-0.3540346
233425709000	0.849599	-1.5384259	-0.34548247
233435727000	0.9204594	-1.6373861	-0.32959998
233445767000	0.944894	-1.515213	-0.3222696
233455790000	0.86303806	-1.3075188	-0.3711388
233465833000	0.7262042	-1.2769756	-0.4310036
233475857000	0.6040312	-1.2940799	-0.40412554
233485888000	0.4928537	-1.1230376	-0.33693036
233495919000	0.3523547	-0.76262707	-0.2624048
233505965000	0.21307743	-0.45230752	-0.1781054
233515983000	0.14710398	-0.37289506	-0.11701887
233526016000	0.15809956	-0.45352927	-0.09991465
233536039000	0.21918608	-0.44375542	-0.10724503
233546097000	0.20086013	-0.3105868	-0.097471185
233556122000	0.13610841	-0.19940932	-0.062041003
233566159000	0.027374398	-0.10167088	-0.013171782
233576195000	-0.09968557	0.020502165	0.04547128
233586392000	-0.20353267	0.14023176	0.08456666
233596221000	-0.24751496	0.1817706	0.07601454
233606255000	-0.22552381	0.15611425	0.063797235
233616295000	-0.1607721	0.09502772	0.04424955
233626345000	-0.085024804	0.03638466	0.021036671
233636350000	-0.049594622	0.014393512	0.0027107145
233646397000	-0.055703275	-0.0051541757	-0.019280434
233656411000	-0.08380307	0.027832547	-0.042493314
233666435000	-0.102129035	0.049823698	-0.026610818
233676477000	-0.1045725	0.07059311	-0.00828486
233686511000	-0.10701595	0.07548004	-0.009506591
233696543000	-0.102129035	0.052267157	-0.026610818
233706569000	-0.06792058	-0.01614975	-0.053488888
233716595000	-0.02149482	-0.07723627	-0.09991465
233726629000	0.027374398	-0.11388819	-0.10724503
233736688000	0.06280458	-0.11633165	-0.08281042
233746726000	0.092126116	-0.09922742	-0.043715045
233756730000	0.10312169	-0.08090147	0.017371481
233766734000	0.10189996	-0.051579934	0.08945358
233776768000	0.08846092	-0.012484559	0.18352683
233786795000	0.07868708	0.0156152425	0.26416105
233796821000	0.024930937	-0.06746243	0.3509039
233806849000	-0.02149482	-0.17253125	0.41932082
233816888000	-0.04715116	-0.27637833	0.5353852
233826924000	-0.03982078	-0.38144717	0.6465627
233836994000	0.010270172	-0.47307694	0.767514
233847027000	0.092126116	-0.56592846	0.9238955
233857033000	0.18253417	-0.69298846	1.1340332
233867047000	0.26927704	-0.8200484	1.3710488
233877129000	0.34502432	-0.90679127	1.6459383
233887077000	0.39267182	-0.94099975	1.9635881
233897104000	0.41832817	-0.9495518	2.3239987
233907143000	0.42077163	-0.93733454	2.7283914
233917145000	0.34746778	-0.9336693	3.1633275
233927175000	0.22040781	-0.9446649	3.9757783
233937173000	-0.1571069	-1.0191904	4.2201242
233947211000	-0.37579668	-0.98986894	4.361845
233957240000	-0.5529476	-0.90312606	4.4327054
233967258000	-0.6103689	-0.77362263	4.468136
233977306000	-0.58715606	-0.6294584	4.4864616
233987305000	-0.56272143	-0.5195027	4.5133395
233997334000	-0.59937334	-0.40588176	4.4583616
234007342000	-0.72398984	-0.22384393	4.2702155
234017364000	-0.8925887	-0.034475707	3.9892173
234027377000	-1.0514137	0.12557098	3.641024
234037397000	-1.1442652	0.2501875	3.210975
234047418000	-1.1418216	0.3711388	2.625766
234057437000	-0.98910534	0.5275203	1.2183325
234067457000	-0.13878095	0.8158487	0.15298356
234077477000	0.4965189	0.8879308	-0.53973764
234087521000	1.1220449	0.9062568	-1.0968467
234097534000	1.6253979	0.8390616	-1.544
234107557000	1.9430478	0.67779315	-1.866537
234117585000	2.0835469	0.43711227	-2.0546834
234127591000	2.0676644	0.18054886	-2.1157699
234137614000	1.9589303	-0.019814942	-2.0730095
234147667000	1.787888	-0.10655781	-1.9483929
234157687000	1.561868	-0.10533608	-1.726038
234167722000	1.307748	-0.1224403	-1.4279357
234177742000	1.0426325	-0.24461335	-1.1017337
234187759000	0.78851247	-0.46330312	-0.80118793
234197784000	0.4000022	-0.8053877	-0.40168208
234207808000	0.30348548	-0.83104396	-0.25996134
234217832000	0.28271607	-0.81516147	-0.10357984
234227868000	0.31203762	-0.7748444	0.079679735
234237885000	0.36212856	-0.7320838	0.3105868
234247910000	0.41832817	-0.72230995	0.6111325
234257976000	0.45742354	-0.74552286	0.9519953
234268002000	0.45375833	-0.83348745	1.3001885
234278011000	0.3596851	-0.99719936	1.6190602
234288028000	0.1837559	-1.2293282	1.9049451
234298057000	-0.036155585	-1.5420911	2.1492913
234308079000	-0.22430208	-1.864628	2.3801982
234318111000	-0.37090975	-2.100422	2.612327
234328140000	-0.63724697	-2.1761692	3.075363
234338164000	-0.7545331	-2.0662136	3.374687
234348199000	-0.81317616	-2.0258963	3.754645
234358225000	-0.8266152	-2.0539963	4.149264
234368254000	-0.8400543	-2.100422	4.4498096
234378276000	-0.9109146	-2.1101959	4.6184087
234388330000	-1.045305	-2.0625484	4.669721
234398367000	-1.2346731	-1.8988365	4.697821
234408389000	-1.453363	-1.6544904	4.8004465
234418424000	-1.6830482	-1.4810046	5.042349
234428441000	-1.81133	-1.5078827	5.4088683
234438471000	-1.7306957	-1.737568	5.7228527
234448502000	-1.398385	-2.06377	5.8731256
234458523000	-0.4051182	-2.5097017	5.708192
234468542000	-0.18520671	-2.2971206	5.344116
234478574000	-0.47109163	-1.6105081	4.7540207
234488585000	-1.2517774	-0.65389305	3.958674
234498611000	-2.2120576	0.13901003	3.102241
234508631000	-2.8412488	0.5421811	2.3520985
234518659000	-2.8339183	0.5519549	1.6715946
234528694000	-2.1583014	0.21720077	0.9458867
234538701000	-1.0379746	-0.30936506	0.24216989
234548732000	0.090904385	-0.62457156	-0.36747363
234558759000	0.6565656	-0.5231679	-0.9087002
234568807000	0.52584046	-0.095562235	-1.4425964
234578997000	0.021265747	0.4676555	-1.9716058
234588833000	-0.6738989	0.9954431	-3.3301702
234598859000	-0.5456172	0.8170704	-4.2623506
234608876000	-0.22918901	0.5996024	-5.2018614
234618953000	0.09456958	0.55806357	-5.955669
234628934000	0.32669836	0.80118793	-6.5054474
234638963000	0.4671974	1.3179799	-6.9367185
234648990000	0.64312655	1.8714238	-7.3142333
234659019000	0.9534461	2.1915174	-7.6575394
234669046000	1.3260739	2.279482	-7.975189
234679068000	1.6730454	2.264821	-8.313609
234689105000	1.9674824	2.1988475	-8.664246
234699113000	2.1715114	2.0583487	-8.8866005
234709158000	2.3767622	1.8152243	-8.9147005
234719213000	2.7298422	1.0919598	-8.319717
234729200000	2.5588	0.7229972	-7.6807523
234739232000	1.9723693	0.47987282	-7.073552
234749321000	1.0096457	0.45665994	-6.4932303
234759272000	0.026152669	0.687567	-5.7675223
234769300000	-0.6897814	1.1738157	-4.984393
234779341000	-0.8901452	1.5818738	-4.299002
234789359000	-0.52851295	1.5256741	-3.6539288
234799385000	-0.0031688635	1.018656	-2.8707993
234809419000	0.24850762	0.38091266	-1.8640934
234819428000	0.098234765	-0.055245124	-0.64114124
234829463000	-0.29149726	-0.16153568	0.7198665
234839473000	-0.67267716	-0.046693012	2.1273
234849492000	-1.1344913	-0.25194374	4.4119363
234859524000	-1.2163472	-0.56104153	5.125427
234869550000	-1.2139038	-0.77362263	5.603123
234879572000	-1.1418216	-0.87013936	5.98919
234889597000	-0.9475665	-0.90923476	6.320279
234899620000	-0.6702337	-0.8909088	6.547521
234909647000	-0.40267473	-0.84936994	6.5548515
234919673000	-0.16199383	-0.8420396	6.321501
234929691000	0.0713567	-0.97276473	5.9598684
234939715000	0.26561186	-1.2427672	5.6605444
234949743000	0.31448105	-1.5372043	5.4381895
234959773000	0.14221707	-1.6715946	5.186513
234969797000	-0.26217574	-1.5762995	4.8554244
234979809000	-1.3727287	-1.1743503	4.3826146
234989839000	-1.7441348	-1.1767937	4.343519
234999861000	-1.8015561	-1.2574279	4.3545146
235009891000	-1.5425493	-1.3576099	4.3923883
235019910000	-1.0880655	-1.374714	4.372841
235030089000	-0.65435123	-1.2549845	4.041752
235039936000	-0.38312703	-1.0277426	3.2855005
235049974000	-0.18520671	-0.86891764	2.3887503
235060031000	0.039591704	-0.84936994	1.7302376
235070048000	0.22162955	-0.86525244	1.4162529
235080083000	0.14588226	-0.7198665	1.2549845
235090082000	-0.2695061	-0.3863341	1.0509555
235100122000	-0.7496462	0.07181484	0.6795494
235110141000	-1.0685178	0.7669795	-0.73643625
235120230000	-0.7899633	0.91480887	-1.6307429
235130263000	-0.25118014	1.090738	-2.4053202
235140228000	0.3682372	1.4670311	-2.9868639
235150245000	0.71520865	1.6331865	-3.535421
235160311000	0.8288296	1.6392951	-4.0412173
235170341000	0.79462117	1.7101555	-4.4382796
235180373000	0.7005479	1.9288452	-4.7156124
235190410000	0.67489153	2.129209	-4.920863
235200518000	0.79462117	2.2733731	-5.251952
235210465000	1.0499629	2.3882158	-5.683223
235220467000	1.3749431	2.4260895	-6.0705113
235230518000	1.6351718	2.3430119	-6.3576183
235240525000	1.561868	2.328351	-6.7326894
235250553000	1.3138566	2.4798455	-6.87441
235260619000	1.1073842	2.5898013	-6.90251
235270591000	1.003537	2.664327	-6.788889
235280617000	1.0817279	2.7205265	-6.609295
235290657000	1.3602824	2.6533313	-6.4614654
235300675000	1.8269835	2.2892556	-6.3050838
235310758000	2.2900193	1.6307429	-6.0778418
235320706000	2.4378486	0.9196958	-5.743088
235330725000	2.123864	0.4872032	-5.3142605
235340742000	1.3773866	0.42611668	-4.8304553
235350767000	0.6150268	0.5495115	-4.218368
235360796000	0.16787341	0.6191501	-3.453565
235370926000	0.28515953	0.12801445	-1.7626898
235380850000	0.4843016	-0.4791856	-0.8134053
235390867000	0.42565852	-1.0692815	0.3264693
235400893000	0.06646977	-1.3710488	1.6215036
235410920000	-0.42710933	-1.2513193	2.9140944
235420951000	-0.7936285	-0.953217	4.1321597
235430986000	-0.93779266	-0.83348745	5.2622604
235441013000	-0.9121364	-0.971543	6.1577888
235451034000	-0.84738463	-1.2268847	6.729559
235461070000	-0.7936285	-1.515213	7.0337696
235471081000	-0.72521156	-1.7986546	7.23169
235481107000	-0.67145544	-1.9538143	7.3220983
235491131000	-0.6983335	-1.9061668	7.1950383
235501208000	-0.7875198	-1.8035414	6.492543
235511175000	-0.9744446	-1.8976147	6.2103233
235521200000	-1.0294225	-1.946484	6.0881505
235531219000	-1.0624092	-1.9061668	6.0099597
235541241000	-1.1027263	-1.7705548	5.776609
235551283000	-1.1406	-1.6544904	5.3245687
235561293000	-1.0831786	-1.6813684	4.730808
235571309000	-0.9158015	-1.8401934	4.276324
235581337000	-0.74720275	-1.9244927	4.134603
235591379000	-0.7349854	-1.8634063	4.1871376
235601467000	-0.88403654	-1.7155769	4.243337
235611422000	-1.0343094	-1.5848517	4.157816
235621453000	-0.98055327	-1.45657	3.782745
235631479000	-0.60426027	-1.3967052	3.0643673
235641515000	0.6895523	-1.3930401	1.2452106
235651550000	1.0096457	-1.2061152	0.55248946
235661575000	0.8129471	-0.9825386	0.1505401
235671608000	0.25339454	-0.52805483	-0.121905796
235681646000	-0.43199626	0.022945626	-0.47254243
235691675000	-0.91946673	0.53973764	-0.85860926
235701671000	-1.0416398	0.8476137	-1.2715542
235711695000	-0.7569766	1.0162125	-1.7321466
235721720000	-0.20597613	1.2080241	-2.2526038
235731743000	0.3841197	1.4218271	-2.8243737
235741756000	0.8141688	1.5696564	-3.3179529
235751779000	0.9009117	1.5782086	-3.7174587
235761807000	0.6932175	1.7040467	-4.1768293
235771826000	0.45131487	2.264821	-5.067471
235781848000	0.7213173	2.3124685	-5.293491
235791888000	1.0805061	2.2660427	-5.534172
235801888000	1.3627259	2.1573088	-5.771188
235811907000	1.5264378	2.0094793	-5.9446735
235821929000	1.5227726	1.8469893	-6.0692897
235831955000	1.3773866	1.7687985	-6.1975718
235841972000	1.1538099	1.8237764	-6.307527
235851992000	0.9204594	1.9789362	-6.4003787
235862021000	0.7616344	2.1121047	-6.402822
235872065000	0.740865	2.1450915	-6.2708755
235882075000	0.8667033	1.9997056	-6.044855
235892094000	1.1220449	1.5794302	-5.7980657
235902135000	1.7781142	0.28683943	-5.193309
235912137000	1.706032	-0.27515662	-4.7437124
235922232000	1.2173399	-0.43642503	-4.1401772
235932178000	0.46108872	-0.110222995	-3.3912566
235942195000	-0.3134884	0.49697706	-2.5226061
235952226000	-0.90358424	1.050421	-1.6319647
235962246000	-1.1564825	1.2715542	-0.82440084
235972269000	-1.0172051	0.9942214	-0.11701887
235982293000	-0.63236004	0.22941808	0.61846286
235992363000	-0.23407592	-0.60258037	1.5237652
236002331000	0.007826711	-0.98986894	2.5732317
236012356000	-0.026381742	-0.85059166	3.6483545
236022382000	-0.31104496	-0.44619888	4.6599474
236032418000	-1.0795134	-0.21651354	5.6923094
236042409000	-1.1760302	-0.6147977	5.804709
236052451000	-1.0929525	-1.1230376	5.880456
236062476000	-0.99643576	-1.4846698	5.958647
236072507000	-0.9878836	-1.6056211	6.084485
236082531000	-1.0685178	-1.5677475	6.2824054
236092553000	-1.1686997	-1.4443527	6.4058003
236102581000	-1.2688817	-1.2891929	6.3422704
236112614000	-1.3971634	-1.2036718	6.1638975
236122646000	-1.538884	-1.2195543	6.0453897
236132681000	-1.6769396	-0.0051541757	6.075933
236142714000	-1.8272125	-1.0888292	6.126024
236152746000	-1.9212857	-0.9458867	5.891452
236162792000	-1.4435891	-1.098603	4.5499916
236172836000	-0.8608237	-1.3307317	4.008765
236182855000	-0.30615804	-1.4871132	3.8829267
236192875000	-0.11190288	-1.3918183	4.0002127
236202884000	-0.2963842	-1.1047117	4.050304
236212914000	-0.5578345	-0.72841865	3.772971
236222946000	-0.49674797	-0.44131196	3.0692542
236232971000	-0.13389403	-0.46574658	2.0613265
236243002000	0.52584046	-0.4315381	1.021634
236253029000	1.1367056	-0.36556467	0.2104049
236263060000	1.2601005	-0.42909464	-0.29539153
236273092000	0.8019515	-0.41809908	-0.76575774
236283122000	0.0994565	-0.052801665	-1.3143147
236293156000	-0.6103689	0.78164023	-2.492063
236303189000	-0.33181438	0.98566926	-3.2556446
236313243000	0.1434388	1.0601948	-4.068095
236323218000	0.618692	1.095625	-4.7559295
236333250000	0.91068554	1.1848114	-5.2653913
236343277000	0.9803242	1.3729578	-5.5915933
236353294000	0.9192377	1.5696564	-5.800509
236363402000	0.87403363	1.7370335	-6.0900593
236373371000	0.94733745	1.8091156	-6.449248
236383403000	1.1501447	1.7614682	-6.735133
236393412000	1.3896039	1.6722817	-6.96604
236403448000	1.561868	1.6747253	-7.2213817
236413482000	1.63395	1.6808339	-7.487719
236423536000	1.5435419	1.5549957	-7.7931514
236433558000	1.4152602	1.4279357	-7.7430606
236443598000	1.2991959	1.294767	-7.504823
236453652000	1.2136747	1.1359421	-7.124865
236463678000	1.1012754	0.93191314	-6.713142
236473677000	1.0377455	0.66435415	-6.2745404
236483707000	1.0365238	0.36869535	-5.7980657
236493714000	0.9693286	0.07181484	-5.251952
236504164000	0.74697363	-0.079679735	-4.644752
236513756000	0.41954988	0.03149774	-3.9813523
236524125000	0.035926513	0.33082172	-3.3277266
236533788000	-0.31593186	0.6228153	-2.709531
236544127000	-0.5553911	0.7547622	-2.1231003
236553832000	-0.56638664	0.52507687	-0.90992194
236564178000	-0.44543532	0.1817706	-0.23186155
236573887000	-0.3770184	-0.20307451	0.49628982
236583910000	-0.34769687	-0.5207244	1.4003704
236593940000	-0.31104496	-0.70520574	2.5512404
236604183000	-0.26584092	-0.8249353	3.873153
236613999000	-0.20231093	-0.9153434	5.15597
236624176000	-0.16565903	-0.9556605	6.171228
236634064000	-0.2010892	-0.862809	6.8089714
236644131000	-0.28294516	-0.72964036	7.0386567
236654087000	-0.35014033	-0.7748444	7.028883
236664261000	-0.3538055	-1.1022681	7.0765305
236674131000	-0.29516244	-1.5591954	7.250016
236684272000	-0.37457493	-1.8023198	7.3514194
236694179000	-0.5932647	-1.6178384	7.1376166
236704705000	-0.8376108	-1.483448	6.8810534
236714219000	-1.0929525	-1.4541266	6.664807
236724562000	-1.3507376	-1.4504614	6.516978
236734260000	-1.6024141	-1.3673837	6.3948045
236744512000	-1.793004	-1.2525411	6.24331
236754299000	-1.8553122	-1.1951196	5.984303
236764508000	-1.7807868	-1.2354368	5.6434402
236774349000	-1.6134096	-1.3844879	5.3514466
236784511000	-1.3812809	-1.4773394	5.1987305
236794411000	-1.1967995	-1.4186964	5.1718526
236804480000	0.0066049807	-1.234215	5.124205
236814461000	-1.2297863	-1.0204122	4.162703
236824486000	-0.5786039	-0.8395961	3.3588045
236834529000	-0.02027309	-0.8432613	2.562236
236844543000	0.4329889	-0.88480014	1.8536325
236854580000	0.55760545	-0.8273788	1.4199181
236864608000	0.27782914	-0.645341	1.0900508
236874650000	-0.2450715	-0.42665118	0.70887095
236884685000	-0.6897814	-0.1664226	0.2983695
236894692000	-0.94145787	0.1060233	-0.18543579
236904756000	-0.9475665	0.4346688	-0.8182922
236914745000	-0.72887677	0.6582455	-1.6087518
236924792000	-0.39534435	0.7584274	-2.4040983
236934794000	-0.037377317	0.8708266	-3.0565023
236944805000	0.21063398	1.0895164	-4.024113
236954839000	0.42077163	1.5769868	-4.3845234
236964860000	0.5282839	1.7333683	-4.716834
236974871000	0.7237608	1.9154061	-5.079688
236984897000	0.99987185	1.9850448	-5.4816375
236994912000	1.3053045	1.9447277	-5.910465
237004952000	1.5325464	1.866537	-6.3246317
237014953000	1.6534977	1.8017852	-6.6520553
237025109000	1.6864845	1.7541378	-6.885406
237034999000	1.6437238	1.6991599	-7.011244
237045081000	1.5472071	1.644182	-7.0552263
237055044000	1.4409165	1.6380733	-7.0637784
237065200000	1.3431782	1.6417385	-7.007579
237075093000	1.244218	1.6698383	-6.8646364
237085149000	1.0890582	1.4878005	-6.444361
237095141000	1.0951668	1.1823678	-6.1816893
237105173000	1.1293753	0.8329529	-5.923904
237115193000	1.117158	0.49819878	-5.614806
237125208000	0.95100266	0.26484826	-5.206748
237135235000	0.5795966	0.2501875	-4.7095037
237145350000	0.043256894	0.4627686	-4.1890464
237155284000	-0.47109163	0.7229972	-3.693024
237165392000	-0.74353755	0.846392	-3.2006667
237175321000	-0.71055084	0.6924539	-2.6802094
237185358000	-0.43810493	0.25263095	-2.0937788
237195380000	-0.16199383	-0.2788218	-1.3570753
237205431000	-0.11190288	-0.6942102	-0.4224515
237215427000	-0.65679467	-0.7467446	1.9953531
237225522000	-1.0379746	-0.3863341	3.2683964
237235491000	-1.3177508	-0.12121857	4.2799892
237245557000	-1.3861678	-0.21773528	5.0264664
237255542000	-1.2334515	-0.60013694	5.603123
237265606000	-0.918245	-1.0521772	6.0551634
237275587000	-0.6274731	-1.3869314	6.4363437
237285757000	-0.49186105	-1.4968871	6.738111
237295657000	-0.50774354	-1.4419092	6.928701
237305696000	-0.5908212	-1.3197362	6.9616876
237315715000	-0.6861162	-1.2305498	6.769876
237325764000	-0.69589007	-1.2818625	6.4632215
237335753000	-0.5944864	-1.4993305	6.1687846
237345808000	-0.41977897	-1.8927277	5.830365
237355849000	-0.5590562	-1.8365282	5.726518
237365856000	-0.86937577	-1.628834	5.6483274
237375849000	-1.3030901	-1.4541266	5.571358
237385936000	-1.6573919	-1.4284703	5.4149766
237395921000	-1.6989307	-1.5017741	5.196287
237405958000	-1.3409637	-1.6618208	5.041127
237415996000	-0.7032204	-1.8609627	5.069227
237426038000	-0.09602038	-1.9244927	5.136422
237436062000	0.2643901	-1.724129	4.964158
237446086000	0.39145008	-1.3991487	4.4730225
237456125000	0.3609068	-1.207337	3.772971
237466160000	0.28882474	-1.1291462	3.1132364
237476196000	0.13366495	-0.9666561	2.4046328
237486231000	-0.17421113	-0.6807711	2.1101959
237496271000	-0.61525583	-0.21773528	1.660599
237506274000	-1.0062096	0.27584383	1.0741683
237516300000	-1.154039	0.71322334	0.39732966
237526350000	-0.9695577	0.9710085	-0.41634285
237536346000	-0.4136703	0.9355783	-1.3509667
237546368000	0.38534144	0.8158487	-2.1780782
237556529000	1.1073842	1.0357602	-2.741296
237566430000	1.3700562	1.2190198	-3.480443
237576508000	1.2637657	1.2006938	-4.0717607
237586486000	1.175801	1.1347203	-4.3442063
237596519000	1.0230848	1.3301972	-4.462714
237606560000	0.83616	1.6551776	-4.8561115
237616580000	0.8141688	1.6270778	-5.0784664
237626619000	0.8373817	1.6392951	-5.379012
237636680000	0.8703684	1.8005635	-5.7406445
237646714000	0.91190726	2.0045924	-6.114494
237656715000	1.0304152	2.1536436	-6.4187045
237666746000	1.2381094	2.152422	-6.5995207
237676768000	1.4739033	2.0950005	-6.7143636
237686844000	1.6999234	2.0278053	-6.744907
237696810000	1.883183	1.9288452	-6.7180285
237706846000	2.0175734	1.7859027	-6.696038
237717011000	2.0982075	1.6075301	-6.606851
237726893000	2.1153119	1.3424145	-6.413818
237736933000	1.787888	0.764536	-5.719875
237746978000	1.4128168	0.7095582	-5.2543955
237757019000	0.93512017	0.77675337	-4.76326
237767024000	0.459867	0.86105275	-4.224477
237777039000	0.11900418	0.87693524	-3.6649241
237787057000	-0.009277516	0.7413232	-3.1029282
237797134000	0.08723919	0.4468861	-2.4908412
237807102000	0.30348548	0.053488888	-1.7028251
237817123000	0.40244567	-0.33257794	-0.6472499
237827141000	0.27049875	-0.55248946	0.56837195
237837199000	-0.12656364	-0.53294176	1.7522287
237847186000	-0.6971118	-0.377782	2.8053606
237857215000	-1.249334	-0.21651354	3.6483545
237867229000	-1.7184784	-0.3191389	4.4876833
237877290000	-1.5926403	-0.71253616	4.6232953
237887299000	-1.312864	-1.2183325	4.7002645
237897319000	-1.0049878	-1.6715946	4.784564
237907363000	-0.7655287	-1.9660317	4.896963
237917381000	-0.6653468	-2.0075705	4.9617147
237927400000	-0.7191029	-1.8853974	4.998367
237937499000	-0.8437194	-1.7192421	5.0056973
237947447000	-0.97322285	-1.592182	4.911624
237957551000	-1.0514137	-1.5616388	4.7466903
237967494000	-1.0526353	-1.6544904	4.5964174
237977539000	-0.9744446	-1.7949893	4.529222
237987562000	-0.8815931	-1.8951713	4.5414395
237997568000	-0.7484245	-1.8499672	4.5133395
238007591000	-0.71177256	-1.7510071	4.3655105
238017621000	-0.7056639	-1.6960292	4.166368
238027638000	-0.6861162	-1.6984726	4.0002127
238037660000	-0.58349085	-1.7436767	4.0063214
238047679000	-0.4173355	-1.7766634	4.1822505
238057703000	-0.19131535	-1.7497853	4.3606234
238067722000	0.06036112	-1.6251688	4.3838363
238077743000	0.2643901	-1.3527229	4.1749206
238087770000	0.44154105	-1.0839422	3.8108447
238097780000	0.6553439	-0.94099975	3.4101171
238107825000	0.8288296	-0.82982224	3.0081677
238117843000	0.7958429	-0.6807711	2.6721919
238127864000	-0.21208477	-0.12488376	2.005127
238137891000	-0.83516735	0.2550744	1.3979269
238147911000	-1.1919127	0.66435415	0.6709973
238157939000	-1.1296043	0.973452	-0.18787923
238167962000	-0.63724697	1.0565296	-1.109064
238177985000	0.10800861	1.0553079	-1.8921933
238188010000	0.740865	1.109064	-2.4700718
238198037000	0.9754373	1.005217	-2.9208903
238208056000	0.89969	0.9245827	-3.1566844
238218074000	0.6577873	1.0259863	-3.2739704
238228113000	0.39267182	1.2703325	-3.3863697
238238128000	0.24484242	1.4548137	-3.6050594
238248159000	0.26194665	1.435266	-3.883614
238258187000	0.41832817	1.3521883	-4.468823
238268213000	0.75430405	1.4609224	-4.7290516
238278211000	0.8483773	1.5391132	-4.96118
238288243000	0.8838075	1.5378914	-5.1187835
238298266000	0.8654815	1.548887	-5.193309
238308311000	0.8007298	1.6197474	-5.261726
238318310000	0.7091	1.7724637	-5.3496904
238328337000	0.6284658	1.9508363	-5.429103
238338894000	0.5893704	2.0400226	-5.4962983
238348367000	0.5844835	2.0363574	-5.56105
238358398000	0.62235713	1.9874883	-5.5769324
238368418000	0.73719984	1.9532799	-5.5537195
238378440000	0.9522244	1.8628718	-5.477972
238388477000	1.2601005	1.5977563	-5.065027
238398509000	1.8599701	0.7840837	-4.803577
238408530000	1.8770744	0.3870213	-4.5054746
238418559000	1.6534977	0.114575416	-4.12796
238428587000	1.2222269	0.074258305	-3.624607
238438620000	0.65045696	0.21964423	-2.9783118
238448662000	0.1116738	0.3711388	-2.2501602
238458696000	-0.20597613	0.38335612	-1.5110134
238468733000	-0.22308035	0.09869292	-0.7083364
238478761000	-0.045929432	-0.45352927	0.22995259
238488802000	0.11778246	-1.0130818	1.2696452
238498815000	0.043256894	-1.3050754	2.294677
238508871000	-0.3171536	-1.2085587	3.1853187
238518870000	-0.88525826	-0.85059166	4.2567763
238528907000	-1.9005163	-0.32769102	4.503566
238538932000	-2.0275762	-0.53294176	4.7454686
238548951000	-1.8724165	-0.9116782	4.9849277
238558978000	-1.5657622	-1.2452106	5.1706305
238569005000	-1.2688817	-1.3734924	5.2524867
238579046000	-1.0343094	-1.2965233	5.201174
238589068000	-0.8571585	-1.1682416	5.0533447
238599101000	-0.69100314	-1.1352549	4.9213977
238609122000	-0.5370651	-1.2244412	4.8261027
238619155000	-0.4051182	-1.4015921	4.7088165
238629186000	-0.3171536	-1.6031777	4.5548787
238639221000	-0.2731713	-1.7815503	4.413158
238649237000	-0.30615804	-1.8438586	4.200577
238659281000	-0.65435123	-1.6984726	4.0551906
238669288000	-0.84982806	-1.6899205	3.8853703
238679325000	-0.99643576	-1.6850336	3.7766361
238689361000	-1.0025444	-1.6496034	3.7253234
238699381000	-0.84738463	-1.6691511	3.7008889
238709413000	-0.54683894	-1.7216855	3.6263633
238719439000	-0.15466344	-1.7253507	3.5151858
238729466000	0.24484242	-1.6178384	3.3221524
238739496000	0.5698227	-1.4089226	2.9495246
238749510000	0.81050366	-1.2146673	2.4608324
238759558000	0.9717721	-1.0876074	1.9855793
238769564000	1.003537	-1.0411817	1.6215036
238779582000	0.9778807	-0.8481482	1.3979269
238789618000	0.46108872	-0.2995912	1.2036718
238799782000	0.07746535	0.027832547	0.9507736
238809938000	-0.30249283	0.26362655	0.47185522
238819705000	-0.523626	0.5495115	-0.10846676
238829729000	-0.51263046	0.8366181	-0.7278841
238839759000	-0.27072784	1.0724121	-1.376623
238849773000	0.075021885	1.1432725	-1.9606102
238859805000	0.3841197	1.1848114	-2.4431937
238869818000	0.5514968	1.3069844	-2.7926087
238879864000	0.6174702	1.503683	-3.0467286
238889862000	0.6382396	1.657621	-3.2800791
238899888000	0.6565656	1.7187076	-3.5940638
238909921000	0.7457519	1.7810158	-3.9593613
238919960000	1.071954	1.8592066	-4.4676013
238930015000	1.2747612	1.7724637	-4.6887345
238940048000	1.284535	1.7370335	-4.912311
238950064000	1.175801	1.7883462	-5.0332623
238960074000	1.0206413	1.8176677	-5.090684
238970104000	0.8691467	1.911741	-5.1456614
238980157000	0.7567475	2.05224	-5.17987
238990164000	0.6932175	2.152422	-5.192087
239000215000	0.69932616	2.1951823	-5.2336264
239010256000	0.78973424	2.233056	-5.382677
239020276000	1.0524063	2.1499784	-5.5805974
239030337000	1.4971162	1.8579848	-5.7235403
239040373000	2.0041344	1.3741796	-5.805396
239050393000	2.4928265	0.15367079	-5.5451674
239060409000	2.2851324	-0.3191389	-5.149327
239070497000	1.7451274	-0.5427156	-4.609322
239080511000	0.98276764	-0.4596379	-3.9752438
239090448000	0.23751204	-0.23728296	-3.2483141
239100566000	-0.30615804	-0.087010115	-2.4395285
239110577000	-0.49674797	-0.17619644	-1.6991599
239120525000	-0.31104496	-0.53660697	-1.0357602
239130558000	0.073800154	-0.99475586	-0.27950904
239140586000	0.396337	-1.3869314	0.82982224
239150590000	0.48063642	-1.5201	2.262912
239160610000	0.16909513	-1.3307317	3.6471329
239170632000	-0.5395085	-0.9202303	4.633069
239180657000	-2.1216495	-0.33013448	5.202396
239190676000	-2.490612	-0.5744806	5.2072825
239200697000	-2.378213	-1.0460685	5.2390475
239210715000	-1.9225074	-1.4577917	5.301356
239220743000	-1.4008286	-1.6361644	5.3807683
239230763000	-0.97322285	-1.6068429	5.4516287
239240792000	-0.7032204	-1.5115479	5.488281
239250805000	-0.6299166	-1.4467962	5.485837
239260831000	-0.71177256	-1.4394658	5.4113116
239270854000	-0.8632671	-1.4626787	5.2439346
239280882000	-1.0391964	-1.4810046	4.9934797
239290909000	-1.167478	-1.5188782	4.678273
239301353000	-1.1467086	-1.6630424	4.090621
239311277000	-0.7166595	-2.0161226	3.91347
239321014000	-0.523626	-2.0759873	3.7839665
239331204000	-0.44543532	-2.0197878	3.6178112
239341090000	-0.5040784	-1.8585193	3.4162257
239351105000	-0.6457991	-1.6459383	3.2635095
239361160000	-0.68855965	-1.5201	3.2036445
239371156000	-0.5028566	-1.4700091	3.1266756
239382859000	-0.09113346	-1.4101442	2.948303
239391210000	0.4122195	-1.3282883	2.6221008
239403736000	0.9192377	-1.2061152	1.801098
239412606000	1.2930872	-1.061951	2.6725355E-4
239421913000	1.3688345	-1.021634	1.342949
239431771000	1.1916835	-0.8237136	0.89335227
239441379000	0.2790509	-0.20429625	0.5744806
239451791000	-0.3452534	-0.31303027	0.5757023
239461419000	-0.7484245	-0.1505401	0.5109506
239473874000	-1.026979	0.19765308	0.25927413
239481479000	-1.0294225	0.687567	-0.21231385
239492513000	-0.72032464	1.0357602	-0.84272677
239501568000	-0.21452823	1.1481594	-1.4206053
239511612000	0.31448105	1.19092	-1.8482109
239522516000	0.69566095	1.3045409	-2.1169918
239531720000	0.8483773	1.426714	-2.3002512
239541671000	0.82760787	1.4242705	-2.482289
239551710000	0.7420867	1.3925055	-2.6557748
239561714000	0.618692	1.4071662	-2.8561387
239571744000	0.3560199	1.5427784	-3.2422054
239581770000	0.28149435	1.5464436	-3.3827045
239591837000	0.25705972	1.5904258	-3.5390859
239602065000	0.22285128	1.7248162	-3.761441
239611859000	0.16542995	1.8970802	-3.9886827
239622339000	0.11900418	2.015588	-4.165834
239632007000	0.12633456	2.0766745	-4.2806764
239641918000	0.18986456	2.1145482	-4.3747497
239651967000	0.2802726	2.1463132	-4.527466
239661985000	0.4122195	2.1096613	-4.696065
239671995000	0.59792256	2.0143664	-4.8072424
239682027000	0.84349036	1.9447277	-4.871994
239692104000	1.1586969	1.9606102	-4.9746194
239706228000	1.9577086	1.6392951	-5.1847568
239712158000	2.2606978	1.1249465	-5.003941
239722152000	2.358436	0.57272434	-4.696065
239732251000	2.1544073	0.1377883	-4.3026676
239742218000	1.6693802	-0.056466855	-3.8176405
239752432000	0.9595548	-0.034475707	-3.226323
239762270000	0.21429916	0.08281042	-2.555593
239772364000	-0.28538862	0.097471185	-1.8689804
239782337000	-0.44421357	-0.09067531	-1.1689289
239792865000	-0.33059263	-0.4352033	-0.36380842
239802433000	-0.17543286	-0.8053877	0.62457156
239812461000	-0.14000268	-1.0460685	1.6642642
239822511000	-0.31104496	-1.093716	2.576897
239832514000	-1.1662563	-0.78095305	3.6947803
239842594000	-1.5058974	-0.62212807	3.9330177
239852635000	-1.6378442	-0.6514496	4.0893993
239862627000	-1.5364406	-0.8469265	4.212794
239872649000	-1.2957597	-1.0924944	4.306867
239882715000	-1.0599657	-1.2610931	4.3569584
239892722000	-0.9096929	-1.3405056	4.381393
239902743000	-0.83638906	-1.3527229	4.35818
239912797000	-0.8021806	-1.3502795	4.315419
239922824000	-0.7545331	-1.3722706	4.2604413
239932885000	-0.6494643	-1.4394658	4.262885
239942912000	-0.49919143	-1.5616388	4.348406
239952919000	-0.33670127	-1.6984726	4.479131
239962975000	-0.050816353	-1.7913241	4.508453
239972979000	0.010270172	-1.7094682	4.3691754
239983021000	-0.049594622	-1.6092863	4.176142
239993107000	-0.17909805	-1.5701909	3.9611175
240003102000	-0.3525838	-1.5445346	3.8132882
240014670000	-0.5333999	-1.4675655	3.7424278
240024230000	-0.62014276	-1.3637185	3.6654587
240033288000	-0.48330894	-1.2244412	3.518851
240043226000	-0.09479865	-1.1157072	3.279392
240053243000	0.4488714	-1.080277	2.874999
240065155000	0.96810687	-1.0546206	2.3716462
240073309000	1.2625439	-1.0033079	1.9538143
240083370000	1.3321825	-0.7956138	1.7852155
240093401000	0.4122195	-0.6600017	1.7436767
240103526000	-0.35014033	-0.34479526	1.7314594
240113490000	-1.040418	0.15977944	1.4504614
240123586000	-1.3397421	0.78164023	0.9446649
240133591000	-1.3360769	1.0223212	0.26049584
240143722000	-0.9121364	1.140829	-0.6338109
240153719000	-0.26217574	1.1554898	-1.5623261
240163952000	0.30592895	1.0565296	-2.2416081
240173833000	0.72253907	1.0418688	-2.5800276
240185251000	0.9412288	1.1151726	-2.6789877
240193903000	0.9693286	1.2422327	-2.696092
240204510000	0.87769884	1.3827317	-2.7852783
240213898000	0.7213173	1.4829136	-3.0406199
240223889000	0.5857052	1.4890223	-3.6600373
240236129000	0.6443483	1.4377096	-3.8775053
240244146000	0.73597807	1.3876185	-4.055878
240253930000	0.82760787	1.4047228	-4.2403593
240264032000	0.9216811	1.5073482	-4.4395013
240273969000	1.02675	1.6466254	-4.6337566
240284835000	1.1477013	1.7382553	-4.803577
240295986000	1.2698743	1.7455856	-4.952628
240304404000	1.348065	1.7064903	-5.1041226
240314310000	1.3590606	1.6686167	-5.2947125
240324527000	1.3346261	1.6075301	-5.442542
240334129000	1.3248522	1.5256741	-5.5219545
240344233000	1.384717	1.4071662	-5.6001453
240354266000	1.6241761	0.9587912	-5.614806
240364217000	1.7280233	0.5702809	-5.352134
240375388000	1.6889279	0.17688367	-4.935524
240384268000	1.5117769	-0.06501897	-4.3955193
240394306000	1.1269318	-0.109001264	-3.8078666
240404699000	0.5514968	0.005841399	-3.20311
240414387000	-0.08746827	0.17321847	-2.5568147
240424462000	-0.65679467	0.29539153	-1.8543196
240434453000	-1.1198305	0.3344869	-1.0895164
240444508000	-1.4252632	0.27340037	-0.24407884
240454583000	-1.5865315	0.14145349	0.6477844
240464559000	-1.5877533	-0.030810516	1.5262086
240474628000	-1.5278885	-0.18841375	2.3154466
240484589000	-1.4582499	-0.2702697	3.2598443
240494648000	-1.3666201	-0.3386866	3.4247777
240504734000	-1.212682	-0.5390504	3.5432856
240514689000	-1.0489702	-0.82982224	3.6886716
240525014000	-0.9512317	-1.1022681	3.8743746
240536260000	-0.94145787	-1.2794191	4.0466385
240544818000	-1.0049878	-1.3380622	4.179807
240554817000	-1.0844003	-1.302632	4.2641068
240564919000	-1.154039	-1.2439889	4.257998
240574973000	-1.1577042	-1.2378802	4.211572
240584996000	-1.090509	-1.3234013	4.1920247
240594963000	-0.963449	-1.4785612	4.240894
240604967000	-0.8009589	-1.6092863	4.286098
240614998000	-0.49063933	-1.6874771	4.1969113
240625042000	-0.3538055	-1.7167985	4.0576344
240635077000	-0.2328542	-1.705803	3.900031
240648684000	-0.12412018	-1.7180203	3.709441
240655148000	0.10434342	-1.7974328	3.478534
240665165000	0.4769712	-1.8878409	3.3074918
240675164000	0.8654815	-1.8988365	3.2855005
240685210000	1.1892401	-1.7180203	3.4577646
240695262000	1.3553954	-1.4028139	3.6605718
240706633000	1.3040828	-1.0448468	3.686228
240715299000	1.1159363	-0.6795494	3.4858644
240728019000	0.8972465	-0.45597273	3.1034627
240735444000	0.7604127	-0.4315381	2.667305
240745444000	0.79095596	-0.5585981	2.0173442
240755611000	0.85937285	-0.25805238	1.7461201
240765473000	0.83616	0.11701887	1.4724525
240775557000	0.78851247	0.57516783	1.1438069
240786244000	0.6406831	0.78530544	0.6807711
240795542000	0.49041027	0.8500572	0.09067531
240805735000	0.41099778	0.8634962	-0.62770224
240815622000	0.33891568	0.7584274	-1.2446761
240825680000	0.30104202	0.6142632	-1.6466254
240835669000	0.3315853	0.53851587	-1.8653152
240845778000	0.3804545	0.547068	-1.9422842
240855791000	0.3755676	0.6509151	-2.0693443
240865761000	0.287603	0.82073563	-2.393103
240876757000	0.0957913	1.0394254	-3.3057353
240886592000	0.08723919	1.0589731	-3.6527069
240895864000	0.14710398	1.0284299	-3.87384
240905869000	0.2362903	0.99788654	-4.0082307
240915926000	0.28638127	1.0125474	-4.1450644
240925944000	0.2595032	1.1041771	-4.333211
240936861000	0.16542995	1.2972106	-4.536018
240946012000	0.044478625	1.5525522	-4.7351604
240956034000	-0.050816353	1.7394769	-4.886655
240966038000	-0.08135962	1.8543196	-5.044258
240976263000	-0.02149482	1.9227365	-5.2482867
240986825000	0.16787341	1.9239583	-5.5036287
240996126000	0.58204	1.7956766	-5.6746707
241006201000	1.883183	0.9612346	-5.6025887
241016326000	2.3511057	0.44932956	-5.3863425
241026278000	2.3694317	0.025389086	-5.162766
241037036000	1.9491564	-0.20918317	-4.979506
241046318000	1.2564353	-0.24461335	-4.736382
241056362000	0.52217525	-0.13343588	-4.2977805
241066381000	-0.010499246	-0.0027107145	-3.592842
241076395000	-0.29149726	0.014393512	-2.7877216
241087067000	-0.3684663	-0.11755338	-2.0180316
241096824000	-0.4051182	-0.38022545	-1.2886584
241106486000	-0.5749387	-0.64045405	-0.58982855
241116490000	-0.9707794	-0.70642745	0.04424955
241126519000	-1.5718708	-0.49140292	0.54638076
241136624000	-2.804597	0.2819525	1.1780155
241146606000	-3.0917037	0.54462457	1.3954835
241156645000	-3.0587168	0.6826801	1.58363
241166684000	-2.7740536	0.7229972	1.7351246
241176674000	-2.3195698	0.6961191	1.8291978
241187260000	-1.7001525	0.5140813	1.8438586
241196765000	-0.89136696	0.16833155	1.7681112
241206756000	-0.02149482	-0.2262874	1.6422731
241216761000	0.68222195	-0.58181095	1.5103261
241226805000	1.0756191	-0.83348745	1.3857096
241236854000	1.1733576	-0.9825386	1.2769756
241246862000	1.0340803	-1.0949378	1.1975632
241256889000	0.7433085	-1.2134457	1.1877893
241266908000	0.06036112	-1.4492396	1.3722706
241276932000	-0.21452823	-1.4797828	1.4871132
241287000000	-0.3770184	-1.45657	1.565304
241297009000	-0.3965661	-1.483448	1.6092863
241307003000	-0.24995843	-1.5872952	1.7143551
241317029000	-0.012942707	-1.737568	1.9012799
241327050000	0.1519909	-1.8572975	2.078431
241337110000	0.21185571	-1.869515	2.2519166
241347091000	0.22407301	-1.8230891	2.5170321
241357117000	0.27294222	-1.8389716	2.9458594
241367149000	0.41344124	-1.9477056	3.5164075
241377162000	0.60891813	-2.0185661	4.1065035
241387198000	0.7481954	-1.8585193	4.444923
241397221000	0.6883306	-1.1731285	4.0576344
241407233000	0.58204	-1.1474721	3.7693057
241417268000	0.54172295	-1.2146673	3.8267272
241427279000	0.50140584	-1.1193724	4.316641
241437297000	0.29493338	-0.4584162	4.8542023
241447317000	-0.25118014	0.7425449	4.97271
241457326000	-1.2077951	1.8811977	4.381393
241467352000	-2.2804744	2.1756349	3.1364493
241477366000	-2.8498008	2.0229185	1.7607809
241487396000	-2.7435102	1.6392951	0.7565184
241497403000	-2.1705186	1.1359421	0.10533608
241507426000	-1.353181	0.77675337	-0.31738266
241517447000	-0.46376127	0.59715897	-0.57516783
241527462000	1.2173399	0.22575289	-0.64602816
241537907000	1.7329102	0.11213195	-0.6509151
241547521000	1.9430478	0.18299232	-0.6924539
241557571000	1.8966221	0.39679515	-0.7462101
241567590000	1.6571629	0.624037	-0.82562256
241577653000	1.3761649	0.80118793	-0.8830439
241587623000	1.1183797	0.86105275	-0.9087002
241597683000	0.87525535	0.9025916	-0.9600129
241607663000	0.618692	1.0430906	-1.0931815
241617682000	0.29371163	1.2654456	-1.2776629
241627709000	-0.02149482	1.4218271	-1.426714
241637723000	-0.25606707	1.4865787	-1.5892041
241647747000	-0.39900956	1.5281175	-1.7785723
241657776000	-0.4576526	1.5244524	-2.1365395
241667801000	-0.08746827	1.19092	-2.3503423
241677811000	0.4122195	0.7620926	-2.4199808
241687845000	1.0243065	0.08891907	-2.1976259
241697862000	1.5728635	-0.7137579	-1.4829136
241707882000	1.8819612	-1.1401418	-0.74987525
241717911000	1.8208748	-0.9300042	-0.55684185
241727927000	1.2967523	-0.44375542	-0.782862
241737944000	0.4843016	0.08158869	-1.1383855
241747968000	-0.44665703	0.48964667	-1.5586609
241757994000	-1.2957597	0.7987445	-2.057127
241768023000	-1.8834121	1.1127292	-2.5898013
241778032000	-2.1424189	1.4829136	-3.0503938
241788052000	-2.1277583	1.7431421	-3.3179529
241798075000	-1.3507376	1.6405168	-3.1823406
241808094000	-0.7655287	1.4132749	-3.0332897
241818120000	-0.21819343	1.1701505	-2.9160035
241828140000	0.1837559	0.9673433	-2.900121
241838161000	0.40122393	0.85372233	-2.9880855
241848185000	0.4684191	0.8182922	-3.0284026
241858220000	0.4048891	0.80851835	-2.9196687
241868226000	0.23873377	0.85983104	-2.6692138
241878243000	0.015157094	1.018656	-2.3723333
241888281000	-0.17421113	1.2251284	-2.0754528
241898283000	-0.28783208	1.4059446	-1.766355
241908414000	-0.30982322	1.5049047	-1.440153
241918361000	-0.22918901	1.5012395	-1.0895164
241928455000	-0.12656364	1.3253103	-0.4945336
241938460000	-0.26217574	1.286215	-0.3222696
241948432000	-0.5370651	1.3045409	-0.27950904
241958469000	-0.8608237	1.3741796	-0.34548247
241968501000	-1.1784736	1.4658093	-0.4419992
241978525000	-1.4423674	1.5733216	-0.5104161
241988541000	-1.6329573	1.7492508	-0.4957553
241998573000	-1.7539086	1.9801579	-0.40168208
242008592000	-1.7954475	2.201291	-0.23674846
242018618000	-1.7807868	2.3527856	-0.044936776
242028656000	-1.6830482	2.4260895	0.104114346
242038689000	-1.4851279	2.4224243	0.19940932
242048684000	-1.2236776	2.3185773	0.30081296
242058722000	-0.6971118	1.8848629	0.46085966
242068753000	-0.47597855	1.6502906	0.4425337
242078770000	-0.3525838	1.4120532	0.3423518
242088797000	-0.33059263	1.1762592	0.21162663
242098906000	-0.39534435	0.986891	0.1224403
242108836000	-0.56394315	0.9087002	0.09067531
242118864000	-0.8009589	0.9722302	0.10533608
242128889000	-1.0355312	1.1029553	0.141988
242138929000	-1.1967995	1.2129111	0.14320973
242148940000	-1.2749903	1.2471195	0.095562235
242158954000	-1.2566644	1.1750375	0.028367056
242168978000	-1.1552607	1.0039952	-0.03516293
242179009000	-0.9829967	0.8170704	-0.08281042
242189030000	-0.51507396	0.45177302	-0.18910097
242199074000	-0.3171536	0.28928286	-0.234305
242209091000	-0.17665459	0.20254001	-0.26729172
242219108000	-0.10579422	0.21353558	-0.28683943
242229141000	-0.12167672	0.2782873	-0.2697352
242239204000	-0.19498055	0.3625867	-0.2184225
242249195000	-0.24995843	0.43955573	-0.1781054
242259224000	-0.28416687	0.4664338	-0.15611425
242269244000	-0.30004936	0.4138994	-0.16344464
242279270000	-0.2805017	0.3344869	-0.18421406
242289298000	-0.21574996	0.2465223	-0.21597904
242299335000	-0.13633749	0.17199674	-0.23797019
242309356000	-0.080137886	0.11946233	-0.26362655
242319394000	-0.06547712	0.14145349	-0.066927925
242329425000	-0.17665459	0.29416978	0.012484559
242339453000	-0.29516244	0.4578817	0.033253975
242349486000	-0.3684663	0.5128595	0.046693012
242359501000	-0.40023127	0.50186396	0.07723627
242369536000	-0.42833108	0.46399033	0.11510992
242379569000	-0.43810493	0.4346688	0.14565319
242389589000	-0.44543532	0.39312997	0.13710107
242399607000	-0.4173355	0.36869535	0.06990589
242409616000	-0.40267473	0.3540346	-0.022945626
242419648000	-0.44665703	0.37724748	-0.091362536
242429677000	-0.5260695	0.42856014	-0.097471185
242439716000	-0.5883778	0.4627686	-0.05593235
242449735000	-0.6580164	0.48353803	0.10167088
242459754000	-0.65190774	0.4432209	0.16031395
242469790000	-0.6079255	0.3857996	0.18841375
242479801000	-0.5333999	0.33693036	0.18352683
242489837000	-0.45154396	0.31371748	0.15787049
242499852000	-0.3892357	0.3344869	0.11999684
242509864000	-0.37579668	0.39190823	0.0943405
242519910000	-0.40389645	0.4664338	0.08334493
242529919000	-0.48330894	0.5543984	0.07479281
242539946000	-0.5859343	0.6374761	0.073571086
242549974000	-0.6421339	0.6900105	0.056466855
242560035000	-0.6787858	0.7022278	0.04547128
242570063000	-0.6861162	0.66801935	0.051579934
242580141000	-0.49552625	0.56050706	0.061353777
242590080000	-0.37457493	0.5189682	0.09189704
242600121000	-0.30249283	0.50064224	0.10167088
242610146000	-0.26828438	0.48353803	0.08334493
242620170000	-0.25118014	0.44810784	0.050358202
242630174000	-0.2646192	0.42122978	0.04547128
242640200000	-0.2805017	0.3943517	0.047914743
242650224000	-0.25851053	0.36747363	0.049136475
242660286000	-0.1888719	0.32349133	0.046693012
242670343000	-0.10701595	0.25873962	0.04180609
242680405000	0.0066049807	0.21475731	0.027145324
242690364000	0.12266938	0.17321847	0.010041097
242700374000	0.20696878	0.14389694	-0.005841399
242710392000	0.2521728	0.090140805	0.010041097
242720407000	0.25828147	0.029054279	0.021036671
242730434000	0.24239896	-0.025923593	0.0381409
242740457000	0.20941225	-0.047914743	0.049136475
242750474000	0.14588226	-0.06501897	0.050358202
242760506000	0.054252468	-0.061353777	0.04180609
242770508000	-0.030046934	-0.054023396	2.6725355E-4
242780558000	-0.07647269	-0.0051541757	0.03691917
242791424000	-0.08380307	-0.06990589	0.034475707
242800600000	-0.06914231	-0.11144473	0.023480132
242810643000	-0.04715116	-0.14687492	0.022258403
242820648000	-0.028825203	-0.1945224	0.030810516
242830683000	-0.032490395	-0.23483951	0.04058436
242840704000	-0.025160013	-0.29348257	0.055245124
242850723000	-0.03982078	-0.27271315	0.07723627
242860772000	-0.08380307	-0.23361778	0.08823185
242870796000	-0.12778537	-0.1823051	0.087010115
242880833000	-0.15344171	-0.12488376	0.07479281
242890876000	-0.15221998	-0.09067531	0.0662407
242900869000	-0.12656364	-0.110222995	0.07112762
242910878000	-0.10579422	-0.15298356	0.054023396
242920895000	-0.09113346	-0.19330066	0.043027822
242930925000	-0.07036404	-0.23117432	0.04547128
242940952000	-0.08380307	-0.250722	0.057688586
242950971000	-0.13145056	-0.23361778	0.06868416
242960996000	-0.17665459	-0.20796144	0.07723627
242971013000	-0.20841959	-0.1664226	2.6725355E-4
242981048000	-0.19375882	-0.079679735	0.06501897
242991063000	-0.15588517	-0.046693012	0.058910318
243001100000	-0.10701595	-0.043027822	0.063797235
243011122000	-0.060590196	-0.07479281	0.07112762
243021122000	-0.055703275	-0.07723627	2.6725355E-4
243031144000	-0.06914231	-0.052801665	0.07479281
243041186000	-0.06792058	-0.047914743	0.078458
243051192000	-0.053259812	-0.04547128	0.08334493
243061205000	-0.014164438	-0.0051541757	0.08945358
243071223000	0.03103959	-0.047914743	0.08456666
243081253000	0.06036112	-0.052801665	0.087010115
243091271000	0.07013497	-0.057688586	0.096783966
243101289000	0.05303074	-0.04180609	0.11999684
243111305000	0.027374398	0.005841399	0.16764434
243121334000	0.013935364	0.011950051	0.19085722
243131360000	0.007826711	0.025389086	0.19940932
243141383000	0.010270172	0.044936776	0.17741817
243151387000	0.015157094	0.07670177	0.14809664
243161403000	0.012713633	0.090140805	0.12732722
243171436000	0.002939789	0.09502772	0.1224403
243181475000	0.012713633	0.08525388	0.14443146
243191509000	0.038369972	0.05959754	0.1505401
243201525000	0.05180901	0.025389086	0.141988
243211551000	0.0066049807	-0.010041097	0.14076626
243221583000	0.03714824	-0.017371481	0.1383228
243231600000	0.021265747	-0.01859321	0.141988
243241633000	0.00538325	-0.049136475	0.15909222
243251655000	0.0041615195	-0.04424955	0.16031395
243261668000	0.009048441	-0.032032248	0.1664226
243271703000	-0.001947133	-0.035697438	0.1786399
243281734000	-0.030046934	-0.021036671	0.19085722
243291751000	-0.059368465	0.0021762075	0.18841375
243301787000	-0.078916155	0.0156152425	0.1945224
243311843000	-0.08746827	0.026610818	0.19207893
243321839000	-0.085024804	0.019280434	0.18963549
243331861000	-0.07769442	0.0070631295	0.18474856
243341887000	-0.06425539	0.0046196682	0.17497471
243351902000	-0.053259812	-0.0051541757	0.15909222
243361931000	-0.063033655	0.0021762075	0.12854895
243371944000	-0.07647269	-2.6725355E-4	0.079679735
243381989000	-0.071585774	-0.0051541757	0.06990589
243392014000	-0.060590196	-0.01614975	0.063797235
243402069000	-0.04715116	-0.008819367	0.054023396
243412071000	-0.023938281	-2.6725355E-4	2.6725355E-4
243422097000	0.00538325	-0.0051541757	0.058910318
243432121000	0.045700356	-0.01492802	0.06013205
243442151000	0.083574004	-0.028367056	0.057688586
243452182000	0.1116738	-0.046693012	0.052801665
243462201000	0.115338996	-0.050358202	0.063797235
243472235000	0.0994565	-0.04058436	0.07601454
243482264000	0.067691505	-0.01859321	0.102892615
243492302000	0.03348305	-0.0051541757	0.12488376
243502311000	-0.034933858	-0.017371481	0.14809664
243512341000	-0.061811928	-0.04058436	0.141988
243522362000	-0.09235519	-0.04180609	0.12366203
243532387000	-0.116789795	-0.0381409	0.110222995
243542415000	-0.13511576	-0.01614975	0.09311877
243552436000	-0.14855479	-0.003932445	0.07479281
243562452000	-0.15466344	0.010728321	0.058910318
243572484000	-0.1448896	0.025389086	0.04547128
243582502000	-0.13511576	0.04004985	0.028367056
243592540000	-0.14000268	0.051045425	0.011262828
243602645000	-0.14977652	0.05837581	-0.0156152425
243612586000	-0.17787632	0.052267157	-0.044936776
243622614000	-0.2047544	0.05471062	-0.07914523
243632641000	-0.2695061	0.10846676	-0.11579714
243642670000	-0.31471014	0.1341231	-0.12434926
243652706000	-0.34647512	0.16588809	-0.11091022
243662717000	-0.324484	0.15977944	-0.10724503
243672742000	-0.2817234	0.1500056	-0.13290137
243682773000	-0.2524019	0.14267522	-0.17566194
243692802000	-0.23529765	0.14511867	-0.19887482
243702835000	-0.23896284	0.13534483	-0.19765308
243713054000	-0.24629323	0.14145349	-0.18543579
243722935000	-0.22552381	0.121905796	-0.17932713
243732894000	-0.19375882	0.08036696	-0.16710982
243742920000	-0.14000268	0.03516293	-0.1622229
243753017000	-0.08135962	0.009506591	-0.15367079
243762963000	-0.026381742	0.0156152425	-0.097471185
243772988000	-0.04348597	0.046158504	-0.05593235
243783022000	-0.06425539	0.07670177	-0.022945626
243793041000	-0.071585774	0.08891907	-0.005841399
243803069000	-0.07525096	0.09380599	0.01492802
243813086000	-0.06669885	0.1060233	0.027145324
243823120000	-0.061811928	0.10968849	0.0381409
243833131000	-0.06547712	0.10846676	0.050358202
243843161000	-0.07036404	0.09258427	0.049136475
243853188000	-0.06792058	0.09380599	0.054023396
243863192000	-0.04837289	0.09502772	0.057688586
243873239000	-0.03982078	0.11091022	0.061353777
243883267000	-0.027603474	0.113353685	0.08090147
243893304000	0.0066049807	0.07670177	0.102892615
243903373000	0.035926513	0.044936776	0.11755338
243913412000	0.050587278	0.030276008	0.13343588
243923416000	0.07257843	0.0156152425	0.1505401
243933421000	0.10800861	-0.0027107145	0.15664876
243943485000	0.13733014	-0.017371481	0.16764434
243953495000	0.17276032	-0.019814942	0.16397914
243963518000	0.19352974	-0.01614975	0.16153568
243973537000	0.20696878	-0.025923593	0.15542702
243983571000	0.20819052	-0.030810516	0.15664876
243993607000	0.20941225	-0.046693012	0.15787049
244003666000	0.0066049807	-0.06257551	0.14320973
244013691000	0.19475147	-0.08456666	0.12854895
244023740000	0.11778246	-0.10655781	0.08945358
244034002000	0.08968265	-0.10167088	0.07479281
244043747000	0.0713567	-0.078458	0.061353777
244054079000	0.0554742	-0.051579934	0.050358202
244063785000	0.02981786	-0.01614975	0.052801665
244074004000	-0.026381742	0.05959754	0.055245124
244083835000	-0.09357692	0.14511867	0.04424955
244094020000	-0.056925006	0.14389694	0.01859321
244103876000	0.28638127	-0.11510992	-0.05837581
244113892000	0.4158847	-0.3704516	-0.1060233
244123914000	0.4403193	-0.36800814	-0.09869292
244136983000	0.4439845	-0.47185522	-0.052267157
244154261000	0.13855188	-0.11999684	2.6725355E-4
244164010000	-0.08991173	0.12801445	-0.051045425
244174041000	-0.29882765	0.31616095	-0.03638466
244184061000	-0.4405484	0.41878632	-0.014393512
244194074000	-0.52973473	0.4786511	-0.019280434
244204106000	-0.56272143	0.49697706	-0.0779235
244214115000	-0.5224043	0.47132072	-0.121905796
244224157000	-0.41000512	0.41145593	-0.14511867
244234158000	-0.22308035	0.28073075	-0.15611425
244244184000	-0.042264238	0.11213195	-0.16466637
244254216000	0.04814382	0.011950051	-0.15977944
244264218000	0.06036112	-0.04547128	-0.16100118
244274249000	0.026152669	-0.049136475	-0.15122733
244284257000	-0.027603474	-0.0075976364	-0.12923618
244294293000	-0.13755922	0.13901003	-0.12557098
244304321000	-0.18765017	0.2184225	-0.121905796
244314377000	-0.20719786	0.27584383	-0.120684065
244324379000	-0.2047544	0.2990567	-0.12557098
244334399000	-0.17421113	0.28683943	-0.12923618
244344423000	-0.12289845	0.24285711	-0.12557098
244354449000	-0.054481544	0.17077501	-0.1182406
244364473000	-7.254025E-4	0.07670177	-0.08891907
244374498000	0.020044016	-0.001488984	-0.07181484
244384522000	0.03226132	-0.04058436	-0.044936776
244394546000	0.034704782	-0.046693012	-0.029054279
244404583000	0.03714824	-0.017371481	-0.018058704
244414607000	0.0066049807	-0.013706289	-0.014393512
244424635000	0.042035166	-0.025923593	-0.021723894
244434663000	0.08479573	-0.052801665	-0.026610818
244444687000	0.14099534	-0.079679735	-0.03516293
244454719000	0.17031686	-0.095562235	-0.03149774
244464740000	0.17398205	-0.09311877	-0.022945626
244474787000	0.14099534	-0.07601454	-0.0070631295
244484812000	0.07868708	-0.0075976364	-0.005841399
244494865000	0.011491902	0.046158504	-9.5447694E-4
244504865000	-0.028825203	0.08525388	-0.0046196682
244514901000	-0.030046934	0.08281042	-0.009506591
244524925000	-0.006834055	0.03516293	2.6725355E-4
244534964000	0.015157094	-0.012484559	-0.013171782
244544988000	0.03348305	-0.04424955	-9.5447694E-4
244555025000	0.034704782	-0.06501897	0.022258403
244565044000	0.027374398	-0.07601454	0.050358202
244575079000	0.046922088	-0.08823185	0.0662407
244585105000	0.08235227	-0.11755338	0.07112762
244595128000	0.13855188	-0.16275741	0.08334493
244605154000	0.20452532	-0.23117432	0.10167088
244615193000	0.24972935	-0.30814335	0.12732722
244625207000	0.27416396	-0.37656024	0.14809664
244635236000	0.287603	-0.40343833	0.1664226
244645248000	0.0066049807	-0.40954697	0.18474856
244655296000	0.27660742	-0.3985514	0.13587934
244665319000	0.28638127	-0.42176428	0.032032248
244675318000	0.30226377	-0.46208137	-0.053488888
244685405000	0.3401374	-0.5243896	-0.14267522
244695359000	0.32303318	-0.5109506	-0.121905796
244705398000	0.3083724	-0.46208137	-0.090140805
244715415000	0.29859856	-0.39977312	-0.05837581
244725447000	0.30592895	-0.35579082	-0.009506591
244735485000	0.34991124	-0.35334736	0.06501897
244745503000	0.4158847	-0.0051541757	0.14687492
244755542000	0.48674506	-0.3423518	0.20551798
244765553000	0.536836	-0.3350214	0.24950027
244775595000	0.55394024	-0.35701257	0.27637833
244785610000	0.5514968	-0.38022545	0.28493047
244795639000	0.5295056	-0.4107687	0.2702697
244805657000	0.5075145	-0.41809908	0.22873086
244815692000	0.4158847	-0.31669545	0.13221414
244825722000	0.33891568	-0.2385047	0.110222995
244835738000	0.26194665	-0.16520087	0.09311877
244845776000	0.20208186	-0.110222995	0.063797235
244856312000	0.17398205	-0.109001264	0.054023396
244865819000	0.0066049807	-0.1505401	0.03691917
244875876000	0.20330359	-0.22995259	0.049136475
244885858000	0.24239896	-0.33013448	0.06746243
244896358000	0.2631684	-0.38877755	0.06257551
244905901000	0.25339454	-0.37656024	0.051579934
244915950000	0.20819052	-0.30081296	0.023480132
244925976000	0.14832571	-0.20429625	0.013706289
244936246000	0.0994565	-0.14931837	0.017371481
244946016000	0.075021885	-0.13954453	0.056466855
244956047000	0.08723919	-0.16275741	0.0662407
244966070000	0.098234765	-0.18352683	0.06257551
244976744000	0.12389111	-0.20185278	2.6725355E-4
244986126000	0.15687783	-0.21651354	0.056466855
244996181000	0.1959732	-0.23361778	0.063797235
245006166000	0.21307743	-0.2983695	0.052801665
245016476000	0.10556515	-0.38022545	0.019814942
245026234000	-0.009277516	-0.21773528	0.0027107145
245036489000	-0.13878095	0.0033979379	-0.014393512
245049771000	-0.17787632	0.18299232	0.003932445
245066491000	-0.116789795	0.12312753	-0.013171782
245076484000	-0.04104251	-0.035697438	-0.05593235
245086421000	-0.07647269	-0.01614975	-0.053488888
245096496000	-0.14366788	0.049823698	-0.057154078
245106471000	-0.18520671	0.1060233	-0.07181484
245116710000	-0.21941516	0.14756213	-0.068149656
245126514000	-0.2572888	0.17077501	-0.051045425
245136638000	-0.29271898	0.19643135	-0.03149774
245146910000	-0.31104496	0.21720077	-0.0156152425
245156750000	-0.31593186	0.22086596	-0.0046196682
245170172000	-0.27561477	0.21597904	-0.020502165
245186905000	-0.23774111	0.19643135	-0.022945626
245196730000	-0.20964132	0.17688367	-0.005841399
245207444000	-0.22308035	0.16344464	0.032032248
245216744000	-0.22674555	-0.0051541757	0.043027822
245227335000	-0.2328542	0.16833155	0.058910318
245236952000	-0.23529765	0.16710982	0.07112762
245246980000	0.0066049807	0.16833155	0.072349355
245256904000	-0.22796728	0.14023176	0.08578839
245266881000	-0.22674555	0.121905796	0.096783966
245276908000	-0.24751496	0.13167964	0.09067531
245287138000	-0.2572888	0.16466637	0.08578839
245297013000	-0.24995843	0.18054886	0.07601454
245307047000	-0.24384977	0.19398789	0.06501897
245317051000	-0.23774111	0.2220877	0.056466855
245327442000	-0.23041074	0.25996134	0.028367056
245340563000	-0.21086305	0.27217865	0.027145324
245347130000	-0.20597613	0.27584383	0.032032248
245357214000	-0.2047544	0.2697352	0.04547128
245370058000	-0.19498055	0.2624048	0.0381409
245377188000	-0.17543286	0.2538527	0.032032248
245388151000	-0.1571069	0.24285711	0.0381409
245397236000	-0.14000268	0.2501875	2.6725355E-4
245407322000	-0.1607721	0.2905046	0.022258403
245417377000	-0.20231093	0.3467042	0.001488984
245427324000	-0.23651938	0.39679515	0.003932445
245437340000	-0.23529765	0.4029038	0.006375906
245447366000	-0.2047544	0.38457784	0.0051541757
245458232000	-0.1729894	0.32837826	0.0075976364
245467436000	-0.1290071	0.20376174	0.003932445
245477468000	-0.085024804	0.15122733	0.0075976364
245487483000	-0.031268664	0.10113638	0.022258403
245497503000	0.010270172	0.07548004	0.030810516
245507685000	0.03348305	0.060819272	0.032032248
245517680000	0.046922088	0.066927925	0.035697438
245527588000	0.0554742	0.090140805	0.04547128
245537621000	0.05303074	0.10968849	0.051579934
245547644000	0.04814382	0.11701887	0.050358202
245557693000	0.040813435	0.113353685	2.6725355E-4
245567703000	0.03226132	0.10235811	0.057688586
245578086000	0.018822286	0.09991465	0.0662407
245587766000	-0.004390594	0.10113638	0.06990589
245597756000	-0.030046934	0.09258427	0.06013205
245608588000	-0.028825203	0.097471185	0.056466855
245618296000	-0.04104251	0.113353685	0.04547128
245628635000	-0.06914231	0.13045791	0.039362628
245638225000	-0.09357692	0.15122733	0.035697438
245647880000	-0.109459415	0.16833155	2.6725355E-4
245657899000	-0.11923326	0.16955328	0.0381409
245667922000	-0.12289845	0.15489252	0.030810516
245677963000	-0.108237684	0.13290137	0.021036671
245687970000	-0.08135962	0.097471185	0.011262828
245698011000	-0.061811928	0.046158504	0.017371481
245708021000	-0.036155585	0.011950051	0.021036671
245718122000	-0.010499246	-0.023480132	0.01614975
245728046000	0.007826711	-0.052801665	0.033253975
245738093000	0.0066049807	-0.057688586	0.04058436
245748080000	-0.0031688635	-0.050358202	0.032032248
245758126000	-0.017829629	-0.03691917	0.029588785
245768282000	-0.04837289	-0.030810516	0.032032248
245778172000	-0.07402923	-0.032032248	0.025923593
245788264000	-0.09724211	-0.029588785	0.001488984
245798239000	-0.09846384	-0.022258403	-0.021723894
245808245000	-0.09479865	-0.01492802	-0.03638466
245818342000	-0.080137886	-0.01859321	-0.05471062
245828332000	-0.06792058	-0.033253975	-0.07548004
245838380000	-0.06669885	-0.04058436	-0.09869292
245848410000	-0.086246535	-0.019814942	-0.12434926
245858561000	-0.21452823	0.12801445	-0.14145349
245868453000	-0.2890538	0.23308326	-0.14389694
245878556000	-0.34769687	0.30760884	2.6725355E-4
245888537000	-0.39045742	0.34426075	-0.15611425
245898579000	-0.40878338	0.3699171	-0.15977944
245908591000	-0.40389645	0.38335612	-0.14878386
245918619000	-0.38801396	0.37724748	-0.13045791
245928645000	-0.35502726	0.34059554	-0.10235811
245938703000	-0.31226668	0.28928286	-0.090140805
245948722000	-0.27805823	0.23797019	-0.06570619
245960603000	-0.25606707	0.19398789	-0.03638466
245968746000	-0.22918901	0.18054886	-0.011950051
245978803000	-0.20841959	0.16588809	0.01492802
245989412000	-0.18154152	0.1817706	2.6725355E-4
245998877000	-0.16688074	0.17566194	0.019814942
246008868000	-0.15588517	0.16588809	0.022258403
246018911000	-0.13022883	0.14756213	2.6725355E-4
246028932000	-0.1045725	0.13045791	0.01614975
246038963000	-0.07647269	0.11091022	0.01492802
246049024000	-0.04837289	0.08891907	0.012484559
246059090000	-0.03982078	0.060819272	0.010041097
246069057000	-0.036155585	0.038828123	0.006375906
246079128000	-0.022716552	0.03149774	-0.0021762075
246089126000	-0.02027309	0.03271947	0.003932445
246099146000	-0.028825203	0.041271582	0.008819367
246109207000	-0.031268664	0.053488888	0.003932445
246120632000	-0.01905136	0.07670177	-0.005841399
246129225000	0.0066049807	0.07181484	-0.0046196682
246139237000	-0.017829629	0.07059311	-0.0033979379
246149253000	-0.011720977	0.07670177	0.008819367
246159318000	-0.0056123245	0.08036696	0.019814942
246172121000	0.009048441	0.08403215	0.025923593
246179586000	0.026152669	0.073036574	0.024701864
246192217000	0.046922088	0.07181484	0.01492802
246201017000	0.049365547	0.07670177	0.008819367
246209664000	0.042035166	0.090140805	0.010041097
246219637000	0.044478625	0.073036574	-9.5447694E-4
246229574000	0.44642797	-0.2617176	-0.016836973
246239630000	0.7995081	-0.7015405	-0.05593235
246249691000	0.6125833	-0.65511477	0.019814942
246259679000	0.36457202	-0.38022545	0.03691917
246269717000	0.11778246	-0.0943405	0.035697438
246280122000	-0.07769442	0.07181484	0.01492802
246289781000	-0.19620228	0.17199674	-0.014393512
246299802000	-0.2731713	0.23797019	-0.038828123
246309822000	-0.31959707	0.297835	-0.049823698
246319849000	-0.35869244	0.37602574	-0.047380235
246329852000	-0.37824014	0.4432209	-0.03638466
246339903000	-0.34647512	0.45299476	-0.037606392
246353480000	-0.27072784	0.40046033	-0.053488888
246360091000	-0.14733306	0.2819525	-0.05593235
246370081000	-0.06547712	0.15244906	-0.057154078
246380058000	-0.03982078	0.029054279	-0.07181484
246390068000	-0.059368465	0.03638466	-0.062041003
246400771000	-0.054481544	0.037606392	-0.043715045
246410785000	-0.017829629	0.016836973	-0.018058704
246420761000	0.026152669	-0.017371481	2.6725355E-4
246430783000	0.050587278	-0.04424955	-0.014393512
246440816000	0.054252468	-0.046693012	2.6725355E-4
246450826000	0.043256894	-0.028367056	-0.0033979379
246460855000	0.035926513	-0.012484559	0.012484559
246470882000	0.03348305	0.0021762075	2.6725355E-4
246480893000	0.0066049807	0.011950051	0.025923593
246490920000	0.03103959	0.0046196682	0.024701864
246500924000	0.02981786	-0.0075976364	0.012484559
246510959000	0.017600555	-0.027145324	0.011262828
246520973000	0.015157094	-0.032032248	0.003932445
246531004000	0.017600555	-0.04424955	0.001488984
246541036000	0.024930937	-0.054023396	0.0027107145
246551063000	0.03348305	-0.063797235	-9.5447694E-4
246561089000	0.035926513	-0.06990589	-0.0033979379
246571119000	0.04814382	-0.07601454	-9.5447694E-4
246581157000	0.046922088	-0.08456666	0.011262828
246591190000	0.035926513	-0.08334493	0.01614975
246601199000	0.017600555	-0.06746243	0.0075976364
246611239000	0.00538325	-0.051579934	0.0051541757
246621256000	-7.254025E-4	-0.043027822	0.010041097
246631293000	-0.001947133	-0.04180609	0.01859321
246641341000	0.03103959	-0.096783966	0.012484559
246651351000	0.07013497	-0.19207893	-0.0033979379
246661376000	0.11289553	-0.27393487	-0.020502165
246671404000	0.11045207	-0.29226086	-0.019280434
246681432000	0.06280458	-0.23972642	-0.014393512
246691464000	-0.0031688635	-0.12488376	-0.0156152425
246701506000	-0.07402923	-0.008819367	-0.00828486
246711522000	-0.12167672	0.048601966	-9.5447694E-4
246721554000	-0.10579422	0.04004985	-0.0033979379
246731593000	-0.042264238	-0.01492802	-0.00828486
246741615000	0.021265747	-0.08823185	-0.018058704
246751634000	0.06402631	-0.14320973	-0.019280434
246761658000	0.083574004	-0.17130952	-0.0021762075
246771678000	0.068913236	-0.16275741	0.028367056
246781689000	0.06280458	-0.12610549	0.029588785
246791714000	0.042035166	-0.079679735	0.035697438
246801722000	0.015157094	-0.047914743	0.04058436
246811759000	0.016378824	-0.04058436	0.049136475
246821770000	0.035926513	-0.058910318	0.051579934
246831792000	0.073800154	-0.104114346	0.046693012
246841812000	0.0994565	-0.15787049	0.0381409
246851835000	0.12633456	-0.20796144	0.03691917
246861857000	0.1556561	-0.23972642	2.6725355E-4
246871880000	0.17398205	-0.24827854	0.050358202
246881906000	0.18131244	-0.2385047	0.06746243
246891933000	0.18497764	-0.21529181	0.0821232
246901946000	0.18986456	-0.18841375	0.102892615
246911972000	0.19352974	-0.17986163	0.10655781
246921993000	0.19475147	-0.17130952	0.109001264
246932016000	0.19719493	-0.16520087	0.10533608
246942036000	0.22162955	-0.19207893	0.11266646
246952071000	0.255838	-0.2385047	0.10777954
246962098000	0.29371163	-0.29592603	0.10655781
246972105000	0.33402875	-0.38022545	0.10044915
246982150000	0.38656315	-0.49262464	2.6725355E-4
246992280000	0.4769712	-0.6416758	2.6725355E-4
247002202000	0.59425735	-0.8237136	0.10533608
247012208000	0.7103217	-0.98131686	0.11144473
247022240000	0.78729075	-1.0961595	0.1224403
247032275000	0.0066049807	-1.1731285	0.17008778
247042295000	0.7481954	-0.0051541757	0.19085722
247052323000	0.7054348	-1.1816807	0.21162663
247062354000	0.6895523	-1.2415454	0.21284837
247072371000	0.7091	-1.3453925	0.19085722
247082398000	0.8129471	-1.5457563	0.17008778
247092422000	0.9522244	-1.8304195	0.14320973
247102441000	1.0304152	-2.032005	0.1224403
247112462000	1.0157543	-2.078431	0.102892615
247122597000	0.9742155	-2.0039053	2.6725355E-4
247132533000	0.9326767	-1.8438586	0.12488376
247142566000	0.87403363	-1.655712	0.17375298
247152579000	0.77018654	-1.4223615	0.19207893
247162600000	0.43543237	-0.83104396	0.08578839
247172616000	0.19230801	-0.58181095	-0.03149774
247182643000	-0.027603474	-0.4742987	-0.10113638
247192684000	-0.09602038	-0.52561134	-0.14023176
247202877000	-0.04837289	-0.65755826	-0.14267522
247212711000	0.06036112	-0.7895051	-0.14023176
247222733000	0.18986456	-0.90190434	-0.14756213
247232766000	0.31081587	-1.0033079	-0.15489252
247242785000	0.40733257	-1.0692815	-0.14756213
247252808000	0.47330603	-1.1095985	-0.113353685
247262829000	0.5160666	-1.093716	-0.043715045
247272846000	0.50140584	-1.0252992	0.032032248
247282881000	0.41099778	-0.87380457	0.07723627
247292909000	0.1275563	-0.47674215	0.10777954
247302917000	0.017600555	-0.34479526	0.07479281
247312956000	0.007826711	-0.3154737	0.056466855
247322990000	0.08601746	-0.4156556	0.055245124
247333031000	0.21918608	-0.5585981	0.06257551
247343029000	0.3804545	-0.72230995	0.057688586
247353048000	0.49774063	-0.7956138	0.072349355
247363066000	0.5514968	-0.754075	2.6725355E-4
247373083000	0.5563837	-0.6819929	0.06257551
247383104000	0.55760545	-0.6490061	0.050358202
247393144000	0.5857052	-0.65633655	0.04058436
247403156000	0.59181386	-0.6465627	0.032032248
247413189000	0.55882716	-0.6233498	0.023480132
247423217000	0.44520622	-0.5793675	0.008819367
247433222000	0.3877849	-0.0051541757	0.025923593
247443249000	0.11778246	-0.3875558	0.046693012
247453282000	-0.17909805	-0.3350214	0.072349355
247463410000	-0.2047544	-0.23117432	0.1346576
247473485000	0.0066049807	-0.09189704	0.17497471
247483486000	-0.16688074	-0.035697438	0.20673971
247493412000	-0.13633749	-0.017371481	2.6725355E-4
247503451000	-0.11190288	-0.039362628	0.19085722
247513448000	-0.07647269	-0.10777954	0.18108337
247523491000	-0.04715116	-0.19330066	0.1786399
247533503000	-0.025160013	-0.24827854	0.17986163
247543710000	0.002939789	-0.2666045	0.16397914
247553546000	0.04814382	-0.2262874	0.10167088
247563593000	0.2277382	-0.1224403	0.06990589
247573655000	0.29248992	-0.13710107	0.039362628
247583679000	0.32669836	-0.0051541757	0.010041097
247594189000	0.31814626	-0.11388819	-0.00828486
247603719000	0.28882474	-0.072349355	-0.03516293
247614092000	0.21429916	-0.025923593	-0.049823698
247623740000	0.13244322	0.021723894	-0.06448446
247634028000	0.05303074	0.10724503	-0.09380599
247643789000	-0.017829629	0.19520962	-0.09258427
247654112000	-0.06547712	0.25996134	-0.068149656
247663835000	-0.09235519	0.29416978	-0.041271582
247673900000	-0.11801153	0.2990567	-0.029054279
247684342000	-0.14000268	0.24163538	0.012484559
247694263000	-0.116789795	0.20498347	0.029588785
247703961000	-0.09724211	0.17688367	0.034475707
247718328000	-0.078916155	0.14389694	0.029588785
247724289000	-0.045929432	0.120684065	0.008819367
247735631000	-0.010499246	0.09380599	0.006375906
247744074000	0.034704782	0.046158504	0.019814942
247754994000	0.059139393	0.0033979379	0.043027822
247764102000	0.07990881	-0.023480132	0.04547128
247774213000	0.10067823	-0.050358202	0.054023396
247784140000	0.097013034	-0.06501897	0.056466855
247794194000	0.08601746	-0.08456666	0.055245124
247804213000	0.059139393	-0.08578839	0.034475707
247814510000	0.046922088	-0.08456666	-0.00828486
247825533000	0.045700356	-0.079679735	-0.019280434
247834645000	0.02859613	-0.063797235	-0.011950051
247844279000	0.002939789	-0.047914743	0.0075976364
247854266000	-0.006834055	-0.04424955	0.025923593
247864387000	0.02859613	-0.06013205	0.047914743
247874389000	0.06646977	-0.07723627	0.07479281
247884389000	0.08601746	-0.0943405	0.08090147
247894465000	0.07990881	-0.09067531	0.058910318
247904446000	0.08479573	-0.07601454	0.027145324
247914470000	0.10067823	-0.06013205	-0.005841399
247924512000	0.08601746	-0.024701864	-0.037606392
247934513000	0.049365547	0.033941202	-0.04004985
247944547000	0.010270172	0.09258427	-0.041271582
247954568000	-0.022716552	0.15733598	0.001488984
247964594000	-0.025160013	0.16955328	0.010041097
247974753000	-0.026381742	0.18421406	0.029588785
247984653000	-0.04104251	0.21231385	0.050358202
247994711000	-0.06914231	0.25996134	0.051579934
248004708000	-0.09846384	0.31616095	0.049136475
248014903000	-0.13145056	0.35769978	0.061353777
248024973000	-0.16565903	0.40412554	0.057688586
248034862000	-0.20964132	0.4505513	0.04424955
248044811000	-0.24995843	0.5104161	0.013706289
248054825000	-0.2817234	0.56905913	-0.010728321
248064858000	-0.2963842	0.59715897	-0.021723894
248074936000	-0.30249283	0.6191501	-0.011950051
248084899000	-0.28538862	0.6521368	0.022258403
248094934000	-0.25484535	0.6692411	0.033253975
248104948000	-0.2328542	0.68023664	2.6725355E-4
248115058000	-0.23529765	0.69856256	0.034475707
248125017000	-0.2572888	0.7413232	0.025923593
248135065000	-0.324484	0.82562256	0.029588785
248145068000	-0.5065218	1.0809642	0.032032248
248155133000	-0.6983335	1.3851751	0.019814942
248165101000	-0.8388325	1.6197474	0.058910318
248175163000	-0.9133581	1.752916	0.07601454
248185148000	-0.9292406	1.7883462	0.07723627
248195172000	-0.8901452	1.7394769	0.06990589
248205195000	-0.8302804	1.5953127	0.050358202
248215232000	-0.682451	1.1774809	0.043027822
248225238000	-0.6286949	1.0235429	0.035697438
248235275000	-0.5944864	0.9587912	0.021036671
248245289000	-0.57982564	0.973452	0.0075976364
248255314000	0.0066049807	1.0308733	0.01614975
248265354000	-0.5932647	1.0992901	0.04058436
248275401000	-0.62258625	1.145716	0.046693012
248285433000	-0.63969046	1.1530464	0.029588785
248295458000	-0.63602525	1.1066206	0.003932445
248305500000	-0.6079255	1.0125474	-0.029054279
248315534000	-0.54317373	0.8720483	-0.051045425
248325545000	-0.4613178	0.72055376	-0.05593235
248335662000	-0.37090975	0.5800547	-0.044936776
248345606000	-0.26339746	0.37236056	0.011262828
248355625000	-0.21452823	0.2905046	0.051579934
248365659000	-0.14977652	0.18910097	0.08090147
248375684000	-0.055703275	0.08403215	0.09922742
248385695000	0.059139393	-0.022258403	0.11144473
248395733000	0.16298649	-0.11755338	0.12610549
248405743000	0.20941225	-0.16153568	0.15420529
248415804000	0.19475147	-0.15542702	0.1945224
248425796000	0.1519909	-0.11633165	0.20918317
248435813000	0.10434342	-0.06746243	0.19574413
248445865000	0.07257843	-0.043027822	0.15420529
248455917000	0.059139393	-0.063797235	0.11510992
248465917000	0.06524804	-0.13099241	0.10044915
248475951000	0.1519909	-0.32036063	0.09189704
248485984000	0.17276032	-0.35212564	0.06990589
248495989000	0.1556561	-0.32524756	0.057688586
248506010000	0.11656073	-0.25927413	0.063797235
248516041000	0.06280458	-0.17619644	0.0662407
248526060000	-0.0031688635	-0.08945358	0.057688586
248536080000	-0.07769442	-0.024701864	0.04547128
248546108000	-0.13633749	-2.6725355E-4	0.032032248
248556110000	-0.17787632	9.5447694E-4	0.01614975
248566153000	-0.19498055	-0.01492802	0.0027107145
248576252000	-0.17787632	-0.049136475	0.0075976364
248586192000	-0.13878095	-0.08456666	0.024701864
248596251000	-0.07769442	-0.095562235	0.049136475
248606291000	-0.014164438	0.0021762075	0.04180609
248616399000	-0.026381742	0.07670177	0.023480132
248626310000	-0.045929432	0.13045791	0.0027107145
248636337000	-0.07769442	0.17077501	-0.0070631295
248646358000	-0.13511576	0.19276616	0.0051541757
248656424000	-0.20719786	0.22575289	0.008819367
248666425000	-0.2817234	0.26729172	-0.010728321
248676429000	-0.3330361	0.28317422	-0.037606392
248686460000	-0.35624897	0.27584383	-0.048601966
248696490000	-0.34403166	0.2501875	-0.051045425
248706524000	-0.30004936	0.22941808	-0.03638466
248716534000	-0.25851053	0.22453116	-0.0156152425
248726565000	-0.24995843	-0.0051541757	-0.011950051
248736586000	-0.30371457	0.26362655	-0.052267157
248746621000	-0.33670127	0.26118308	-0.09380599
248756637000	-0.35502726	0.25751787	-0.14267522
248766695000	-0.3892357	0.27706558	-0.1744402
248776708000	-0.45154396	0.32959998	-0.19887482
248786809000	-0.54683894	0.42122978	-0.22086596
248796739000	-0.65679467	0.5262986	-0.22941808
248806783000	-0.7484245	0.60815454	-0.23063982
248816789000	-0.7814112	0.64847165	-0.22330943
248826832000	-0.7423158	0.6215936	-0.19643135
248836861000	-0.64335567	0.52141166	-0.1817706
248846891000	-0.5187391	0.36136496	-0.18665752
248856902000	-0.39045742	0.17688367	-0.19765308
248867007000	-0.24384977	-0.14809664	-0.22086596
248877016000	-0.2572888	-0.1945224	-0.24896577
248887039000	-0.3171536	-0.14565319	-0.26729172
248897055000	-0.42466587	-0.019814942	-0.25996134
248907054000	-0.56760836	0.14511867	-0.22819635
248917082000	-0.7032204	0.3149392	-0.19276616
248927099000	-0.80340236	0.44444266	-0.16344464
248937117000	-0.8596019	0.51652473	-0.15489252
248947151000	-0.85593677	0.49819878	2.6725355E-4
248957147000	-0.7826329	0.40412554	-0.14267522
248967186000	-0.6580164	0.25629616	-0.1377883
248977200000	-0.51263046	0.091362536	-0.14389694
248987234000	-0.4051182	-0.054023396	-0.15244906
248997239000	-0.2963842	-0.23483951	-0.114575416
249007281000	-0.24995843	-0.24583508	-0.060819272
249017284000	-0.21941516	-0.20673971	-0.013171782
249027302000	-0.17176767	-0.12610549	0.021036671
249037322000	-0.1009073	-0.072349355	0.039362628
249047342000	-0.031268664	-0.056466855	0.04180609
249057383000	0.05669593	-0.102892615	2.6725355E-4
249067387000	0.13488668	-0.2104049	0.029588785
249077411000	0.21918608	-0.35334736	-0.0033979379
249087434000	0.30470723	-0.48529425	-0.043715045
249097452000	0.34624606	-0.5708154	-0.074258305
249107471000	0.34258085	-0.5744806	-0.08769734
249117490000	0.29493338	-0.5036202	-0.07670177
249127513000	0.21918608	-0.3545691	-0.05837581
249137530000	0.068913236	-0.013706289	-0.04004985
249147565000	0.03348305	0.114575416	-0.03149774
249157586000	0.2998203	0.12923618	-0.021723894
249167601000	0.34991124	-0.16031395	-0.06570619
249177608000	0.38167623	-0.23728296	-0.07670177
249187665000	0.3157028	-0.3105868	-0.068149656
249197671000	0.24850762	-0.30569988	-0.06448446
249207695000	0.16665168	-0.24827854	-0.03516293
249217710000	0.054252468	-0.18352683	-0.010728321
249227766000	-0.055703275	-0.06990589	-0.0070631295
249237764000	-0.13022883	0.024167357	-0.016836973
249247785000	-0.18276325	0.05471062	-0.03271947
249257802000	-0.23407592	0.06448446	-0.043715045
249267821000	-0.22430208	0.11091022	0.006375906
249277840000	-0.14122441	0.10113638	-0.0033979379
249287882000	-0.030046934	0.037606392	-0.030276008
249297888000	0.039591704	-0.04424955	-0.038828123
249307926000	0.075021885	-0.06868416	-0.048601966
249320466000	0.0066049807	-0.047914743	-0.03638466
249331288000	0.054252468	0.0021762075	-0.010728321
249337986000	0.02981786	0.043715045	0.023480132
249348392000	0.0041615195	0.08403215	0.052801665
249358101000	0.007826711	0.1341231	0.06746243
249371376000	0.00538325	0.15611425	0.0662407
249381501000	0.026152669	0.14878386	0.06013205
249388822000	0.07624362	0.10724503	0.063797235
249398479000	0.17153859	0.08403215	0.09067531
249408259000	0.19108628	0.10113638	0.11755338
249418264000	0.1837559	0.10846676	0.14443146
249428323000	0.17031686	0.09380599	0.16764434
249438420000	0.17153859	0.053488888	0.16520087
249448471000	0.19108628	-0.01492802	0.14687492
249459350000	0.21796435	-0.104114346	0.1224403
249468579000	0.26072493	-0.19574413	0.0943405
249478548000	0.30470723	-0.2702697	0.0662407
249488578000	0.3242549	-0.30447814	0.052801665
249498671000	0.32181144	-0.31303027	0.04180609
249508684000	0.3071507	-0.282487	0.032032248
249518684000	0.28515953	-0.24094816	0.046693012
249528708000	0.1837559	-0.18474856	0.047914743
249538725000	0.12877803	-0.16520087	0.035697438
249548742000	0.07868708	-0.15298356	0.01614975
249558758000	0.050587278	-0.15176183	2.6725355E-4
249568805000	0.03714824	-0.09067531	-0.005841399
249578808000	0.0017180585	-0.024701864	0.01614975
249588848000	-0.04348597	0.024167357	2.6725355E-4
249598854000	-0.060590196	0.013171782	-0.03638466
249608894000	-0.036155585	-0.04547128	-0.07181484
249618924000	0.020044016	-0.12121857	-0.09624945
249628963000	0.050587278	-0.22384393	-0.114575416
249638965000	0.06280458	-0.2788218	-0.1182406
249649631000	0.02981786	-0.23728296	-0.10968849
249658998000	-0.0031688635	-0.16764434	-0.090140805
249669068000	-0.009277516	-0.11755338	-0.06448446
249679083000	0.00538325	-0.09189704	-0.026610818
249689121000	0.024930937	-0.08945358	-0.005841399
249699135000	0.043256894	-0.09922742	0.024701864
249709152000	0.06524804	-0.10777954	0.04424955
249719201000	0.08846092	-0.12854895	0.058910318
249729233000	0.115338996	-0.141988	0.08578839
249739267000	0.1275563	-0.13710107	0.11388819
249749334000	0.13122149	-0.10533608	0.13343588
249759313000	0.12389111	-0.06868416	0.141988
249769346000	0.10434342	-0.025923593	0.14687492
249779457000	0.073800154	-2.6725355E-4	0.15542702
249789435000	0.0554742	-0.021036671	0.13587934
249799446000	0.07257843	-0.052801665	0.12488376
249809471000	0.090904385	-0.08334493	0.11144473
249819468000	0.106786884	-0.10655781	0.09800569
249830033000	0.11778246	-0.10777954	0.08456666
249839512000	0.0066049807	-0.08578839	0.0821232
249849538000	0.106786884	-0.056466855	0.07479281
249859554000	0.08601746	-0.024701864	2.6725355E-4
249869573000	0.0713567	-0.006375906	0.072349355
249879610000	0.059139393	-0.011262828	0.063797235
249889616000	0.049365547	-0.028367056	0.06257551
249899643000	0.039591704	-0.054023396	0.057688586
249910482000	0.03348305	-0.10777954	0.06868416
249919701000	0.038369972	-0.13710107	0.06990589
249929733000	0.04814382	-0.15542702	2.6725355E-4
249939772000	0.05669593	-0.16031395	0.073571086
249949810000	0.054252468	-0.14320973	0.08090147
249959792000	0.03714824	-0.10655781	0.08578839
249969830000	0.02859613	-0.06501897	0.07479281
249979852000	0.0066049807	-0.017371481	0.055245124
249989888000	-0.009277516	0.00828486	0.0381409
249999917000	-0.011720977	-0.003932445	0.019814942
250009928000	-0.006834055	-0.01859321	2.6725355E-4
250020268000	-0.008055786	-0.021036671	-0.027832547
250030064000	-0.011720977	-0.013706289	-0.049823698
250040084000	-0.014164438	-0.006375906	-0.057154078
250050146000	-0.006834055	-0.011262828	-0.030276008
250060103000	0.0017180585	-0.029588785	-0.03271947
250070136000	0.015157094	-0.043027822	-0.03638466
250080290000	0.023709208	-0.050358202	-0.03516293
250090214000	0.015157094	-0.04180609	-0.038828123
250100241000	0.009048441	-0.028367056	-0.03271947
250110432000	4.96328E-4	-0.0075976364	-0.046158504
250120707000	-7.254025E-4	0.00828486	-0.049823698
250130422000	-0.001947133	0.0021762075	2.6725355E-4
250140364000	0.007826711	-0.003932445	-0.044936776
250150388000	0.022487476	-0.019814942	-0.030276008
250160775000	0.021265747	-0.033253975	-0.011950051
250170450000	0.017600555	-0.028367056	0.010041097
250180566000	-0.38434878	0.009506591	-0.013171782
250193620000	-0.4735351	0.074258305	-0.060819272
250200507000	-0.36235762	0.037606392	-0.047380235
250210541000	-0.2414063	0.038828123	-0.03271947
250220695000	-0.052038085	-0.043027822	-0.011950051
250230592000	0.14954744	-0.10167088	-0.0046196682
250241028000	0.24972935	-0.11755338	-0.022945626
250250723000	0.21674262	-0.12488376	-0.025389086
250260668000	0.13488668	-0.07479281	-0.013171782
250270694000	0.06036112	0.0046196682	-0.009506591
250280798000	0.002939789	0.09991465	-0.016836973
250290763000	-0.033712126	0.16344464	-0.027832547
250300830000	-0.04348597	0.1817706	-0.043715045
250310852000	-0.008055786	0.14511867	-0.08647561
250324787000	0.007826711	0.12434926	2.6725355E-4
250330957000	0.0066049807	0.10113638	-0.08769734
250341408000	-0.014164438	0.08647561	-0.09502772
250350990000	-0.059368465	0.09258427	-0.09869292
250360978000	-0.12412018	0.11091022	-0.09624945
250373564000	-0.1693242	0.12557098	-0.08281042
250381125000	-0.19375882	0.1500056	-0.06448446
250391162000	-0.19986747	0.17932713	-0.06326273
250401207000	-0.21086305	0.2098704	-0.060819272
250413769000	-0.22918901	0.23308326	-0.05837581
250421383000	-0.24995843	0.2538527	-0.05471062
250431292000	-0.28416687	0.2624048	-0.05837581
250441416000	-0.33425784	0.30272192	-0.05593235
250451300000	-0.34769687	0.30760884	-0.042493314
250461394000	-0.3452534	0.3186044	-0.038828123
250471486000	-0.32814917	0.32104787	-0.03271947
250481446000	-0.3012711	-0.0051541757	-0.03638466
250491525000	-0.27561477	0.31249574	-0.026610818
250501656000	-0.2572888	0.3186044	-0.019280434
250511508000	-0.24384977	0.3271565	-0.0156152425
250521587000	-0.2328542	0.33570862	-0.0021762075
250531593000	-0.22796728	0.3418173	0.010041097
250541628000	-0.24018458	0.33815208	0.027145324
250552176000	-0.25851053	0.34059554	0.035697438
250561782000	0.0066049807	0.33082172	0.039362628
250571877000	-0.25606707	0.27950904	0.029588785
250581813000	-0.23774111	0.25263095	0.019814942
250591852000	-0.21086305	0.22941808	0.01492802
250602597000	-0.19620228	0.20254001	0.01859321
250611978000	-0.18520671	0.19276616	2.6725355E-4
250621935000	-0.17909805	0.18543579	2.6725355E-4
250632495000	-0.1693242	0.19398789	0.017371481
250642209000	-0.15221998	0.19154443	0.029588785
250652449000	-0.14244615	0.18543579	0.04424955
250662275000	-0.13633749	0.18787923	0.052801665
250672304000	-0.12778537	0.17566194	0.054023396
250682389000	-0.1253419	0.15489252	2.6725355E-4
250692381000	-0.11190288	0.13290137	0.056466855
250702650000	-0.103350766	0.10357984	0.04424955
250712433000	-0.09968557	0.11946233	0.030810516
250722481000	-0.08869	0.13656656	0.027145324
250732507000	-0.078916155	0.14023176	0.029588785
250742539000	0.0066049807	0.13045791	2.6725355E-4
250752580000	-0.08135962	0.113353685	0.0381409
250762617000	-0.085024804	0.11946233	0.033253975
250772640000	-0.09357692	0.13167964	0.025923593
250782677000	-0.08869	0.1500056	0.032032248
250792691000	-0.078916155	0.15855771	0.03691917
250802739000	-0.08746827	-0.0051541757	0.04424955
250812811000	-0.08258135	0.14145349	0.049136475
250822789000	-0.04715116	0.08403215	0.052801665
250832800000	-0.036155585	0.068149656	2.6725355E-4
250842819000	-0.015386168	0.05593235	0.051579934
250852847000	-0.01905136	0.057154078	0.055245124
250862954000	-0.015386168	0.060819272	0.049136475
250872952000	-0.006834055	0.057154078	0.052801665
250883132000	0.002939789	0.060819272	0.063797235
250893165000	0.0066049807	0.062041003	0.06257551
250903173000	0.012713633	0.073036574	0.0662407
250913377000	0.024930937	0.07670177	0.073571086
250923237000	0.026152669	0.06448446	0.06868416
250933265000	0.03226132	0.05837581	0.061353777
250943289000	0.0066049807	0.044936776	2.6725355E-4
250953715000	0.023709208	0.037606392	0.047914743
250964476000	0.0066049807	0.03516293	0.04058436
250973390000	-0.0056123245	0.043715045	0.03691917
250983410000	-0.015386168	0.051045425	0.04424955
250993435000	-0.006834055	0.047380235	0.052801665
251009751000	-0.0056123245	0.03271947	0.058910318
251014303000	-0.0031688635	0.0156152425	2.6725355E-4
251023560000	0.0041615195	0.009506591	0.055245124
